[0.007s] Invoking command in '/home/blazar/karin_ws/build/simsetup': CMAKE_PREFIX_PATH=/home/blazar/workspace/rockytimes_ws/install/localisation:/opt/ros/jazzy:${CMAKE_PREFIX_PATH} DEBUGINFOD_URLS=https://debuginfod.ubuntu.com /usr/bin/cmake /home/blazar/karin_ws/src/simsetup -DAMENT_CMAKE_SYMLINK_INSTALL=1 -DCMAKE_INSTALL_PREFIX=/home/blazar/karin_ws/install/simsetup
[0.138s] -- The C compiler identification is GNU 11.5.0
[0.239s] -- The CXX compiler identification is GNU 11.5.0
[0.257s] -- Detecting C compiler ABI info
[0.328s] -- Detecting C compiler ABI info - done
[0.334s] -- Check for working C compiler: /usr/bin/cc - skipped
[0.334s] -- Detecting C compile features
[0.335s] -- Detecting C compile features - done
[0.343s] -- Detecting CXX compiler ABI info
[0.414s] -- Detecting CXX compiler ABI info - done
[0.420s] -- Check for working CXX compiler: /usr/bin/c++ - skipped
[0.420s] -- Detecting CXX compile features
[0.420s] -- Detecting CXX compile features - done
[0.425s] -- Found ament_cmake: 2.5.4 (/opt/ros/jazzy/share/ament_cmake/cmake)
[0.531s] -- Found Python3: /usr/bin/python3 (found version "3.12.3") found components: Interpreter 
[0.579s] -- Override CMake install command with custom implementation using symlinks instead of copying resources
[0.617s] -- Found ament_lint_auto: 0.17.2 (/opt/ros/jazzy/share/ament_lint_auto/cmake)
[0.686s] -- Added test 'lint_cmake' to check CMake code style
[0.688s] -- Added test 'xmllint' to check XML markup files
[0.689s] -- Configuring done (0.7s)
[0.691s] -- Generating done (0.0s)
[0.692s] -- Build files have been written to: /home/blazar/karin_ws/build/simsetup
[0.695s] Invoked command in '/home/blazar/karin_ws/build/simsetup' returned '0': CMAKE_PREFIX_PATH=/home/blazar/workspace/rockytimes_ws/install/localisation:/opt/ros/jazzy:${CMAKE_PREFIX_PATH} DEBUGINFOD_URLS=https://debuginfod.ubuntu.com /usr/bin/cmake /home/blazar/karin_ws/src/simsetup -DAMENT_CMAKE_SYMLINK_INSTALL=1 -DCMAKE_INSTALL_PREFIX=/home/blazar/karin_ws/install/simsetup
[0.696s] Invoking command in '/home/blazar/karin_ws/build/simsetup': CMAKE_PREFIX_PATH=/home/blazar/workspace/rockytimes_ws/install/localisation:/opt/ros/jazzy:${CMAKE_PREFIX_PATH} DEBUGINFOD_URLS=https://debuginfod.ubuntu.com /usr/bin/cmake --build /home/blazar/karin_ws/build/simsetup -- -j16 -l16
[0.721s] Invoked command in '/home/blazar/karin_ws/build/simsetup' returned '0': CMAKE_PREFIX_PATH=/home/blazar/workspace/rockytimes_ws/install/localisation:/opt/ros/jazzy:${CMAKE_PREFIX_PATH} DEBUGINFOD_URLS=https://debuginfod.ubuntu.com /usr/bin/cmake --build /home/blazar/karin_ws/build/simsetup -- -j16 -l16
[0.727s] Invoking command in '/home/blazar/karin_ws/build/simsetup': CMAKE_PREFIX_PATH=/home/blazar/workspace/rockytimes_ws/install/localisation:/opt/ros/jazzy:${CMAKE_PREFIX_PATH} DEBUGINFOD_URLS=https://debuginfod.ubuntu.com /usr/bin/cmake --install /home/blazar/karin_ws/build/simsetup
[0.731s] -- Install configuration: ""
[0.731s] -- Execute custom install script
[0.732s] -- Symlinking: /home/blazar/karin_ws/install/simsetup/share/ament_index/resource_index/package_run_dependencies/simsetup
[0.737s] -- Symlinking: /home/blazar/karin_ws/install/simsetup/share/ament_index/resource_index/parent_prefix_path/simsetup
[0.742s] -- Symlinking: /home/blazar/karin_ws/install/simsetup/share/simsetup/environment/ament_prefix_path.sh
[0.748s] -- Symlinking: /home/blazar/karin_ws/install/simsetup/share/simsetup/environment/ament_prefix_path.dsv
[0.753s] -- Symlinking: /home/blazar/karin_ws/install/simsetup/share/simsetup/environment/path.sh
[0.759s] -- Symlinking: /home/blazar/karin_ws/install/simsetup/share/simsetup/environment/path.dsv
[0.764s] -- Symlinking: /home/blazar/karin_ws/install/simsetup/share/simsetup/local_setup.bash
[0.769s] -- Symlinking: /home/blazar/karin_ws/install/simsetup/share/simsetup/local_setup.sh
[0.775s] -- Symlinking: /home/blazar/karin_ws/install/simsetup/share/simsetup/local_setup.zsh
[0.780s] -- Symlinking: /home/blazar/karin_ws/install/simsetup/share/simsetup/local_setup.dsv
[0.785s] -- Symlinking: /home/blazar/karin_ws/install/simsetup/share/simsetup/package.dsv
[0.791s] -- Symlinking: /home/blazar/karin_ws/install/simsetup/share/ament_index/resource_index/packages/simsetup
[0.796s] -- Symlinking: /home/blazar/karin_ws/install/simsetup/share/simsetup/cmake/simsetupConfig.cmake
[0.801s] -- Symlinking: /home/blazar/karin_ws/install/simsetup/share/simsetup/cmake/simsetupConfig-version.cmake
[0.807s] -- Symlinking: /home/blazar/karin_ws/install/simsetup/share/simsetup/package.xml
[0.814s] Invoked command in '/home/blazar/karin_ws/build/simsetup' returned '0': CMAKE_PREFIX_PATH=/home/blazar/workspace/rockytimes_ws/install/localisation:/opt/ros/jazzy:${CMAKE_PREFIX_PATH} DEBUGINFOD_URLS=https://debuginfod.ubuntu.com /usr/bin/cmake --install /home/blazar/karin_ws/build/simsetup
