-- Install configuration: ""
-- Up-to-date: /home/blazar/karin_ws/install/wamv_description/share/wamv_description/meshes
-- Up-to-date: /home/blazar/karin_ws/install/wamv_description/share/wamv_description/meshes/gps.dae
-- Up-to-date: /home/blazar/karin_ws/install/wamv_description/share/wamv_description/meshes/engine.dae
-- Up-to-date: /home/blazar/karin_ws/install/wamv_description/share/wamv_description/meshes/propeller.dae
-- Up-to-date: /home/blazar/karin_ws/install/wamv_description/share/wamv_description/meshes/WAM-V-Base.dae
-- Up-to-date: /home/blazar/karin_ws/install/wamv_description/share/wamv_description/urdf
-- Up-to-date: /home/blazar/karin_ws/install/wamv_description/share/wamv_description/urdf/wamv.urdf
-- Up-to-date: /home/blazar/karin_ws/install/wamv_description/share/ament_index/resource_index/package_run_dependencies/wamv_description
-- Up-to-date: /home/blazar/karin_ws/install/wamv_description/share/ament_index/resource_index/parent_prefix_path/wamv_description
-- Up-to-date: /home/blazar/karin_ws/install/wamv_description/share/wamv_description/environment/ament_prefix_path.sh
-- Up-to-date: /home/blazar/karin_ws/install/wamv_description/share/wamv_description/environment/ament_prefix_path.dsv
-- Up-to-date: /home/blazar/karin_ws/install/wamv_description/share/wamv_description/environment/path.sh
-- Up-to-date: /home/blazar/karin_ws/install/wamv_description/share/wamv_description/environment/path.dsv
-- Up-to-date: /home/blazar/karin_ws/install/wamv_description/share/wamv_description/local_setup.bash
-- Up-to-date: /home/blazar/karin_ws/install/wamv_description/share/wamv_description/local_setup.sh
-- Up-to-date: /home/blazar/karin_ws/install/wamv_description/share/wamv_description/local_setup.zsh
-- Up-to-date: /home/blazar/karin_ws/install/wamv_description/share/wamv_description/local_setup.dsv
-- Up-to-date: /home/blazar/karin_ws/install/wamv_description/share/wamv_description/package.dsv
-- Up-to-date: /home/blazar/karin_ws/install/wamv_description/share/ament_index/resource_index/packages/wamv_description
-- Up-to-date: /home/blazar/karin_ws/install/wamv_description/share/wamv_description/cmake/wamv_descriptionConfig.cmake
-- Up-to-date: /home/blazar/karin_ws/install/wamv_description/share/wamv_description/cmake/wamv_descriptionConfig-version.cmake
-- Up-to-date: /home/blazar/karin_ws/install/wamv_description/share/wamv_description/package.xml
