[0.008s] Invoking command in '/home/blazar/karin_ws/build/wamv_description': CMAKE_PREFIX_PATH=${CMAKE_PREFIX_PATH}:/home/blazar/workspace/rockytimes_ws/install/localisation:/opt/ros/jazzy DEBUGINFOD_URLS=https://debuginfod.ubuntu.com PS1=(karin_ws) \[\e]0;\u@\h: \w\a\]${debian_chroot:+($debian_chroot)}\[\033[01;32m\]\u@\h\[\033[00m\]:\[\033[01;34m\]\w\[\033[00m\]\$ VIRTUAL_ENV_PROMPT=(karin_ws) /usr/bin/cmake --build /home/blazar/karin_ws/build/wamv_description -- -j16 -l16
[0.042s] Invoked command in '/home/blazar/karin_ws/build/wamv_description' returned '0': CMAKE_PREFIX_PATH=${CMAKE_PREFIX_PATH}:/home/blazar/workspace/rockytimes_ws/install/localisation:/opt/ros/jazzy DEBUGINFOD_URLS=https://debuginfod.ubuntu.com PS1=(karin_ws) \[\e]0;\u@\h: \w\a\]${debian_chroot:+($debian_chroot)}\[\033[01;32m\]\u@\h\[\033[00m\]:\[\033[01;34m\]\w\[\033[00m\]\$ VIRTUAL_ENV_PROMPT=(karin_ws) /usr/bin/cmake --build /home/blazar/karin_ws/build/wamv_description -- -j16 -l16
[0.043s] Invoking command in '/home/blazar/karin_ws/build/wamv_description': CMAKE_PREFIX_PATH=${CMAKE_PREFIX_PATH}:/home/blazar/workspace/rockytimes_ws/install/localisation:/opt/ros/jazzy DEBUGINFOD_URLS=https://debuginfod.ubuntu.com PS1=(karin_ws) \[\e]0;\u@\h: \w\a\]${debian_chroot:+($debian_chroot)}\[\033[01;32m\]\u@\h\[\033[00m\]:\[\033[01;34m\]\w\[\033[00m\]\$ VIRTUAL_ENV_PROMPT=(karin_ws) /usr/bin/cmake --install /home/blazar/karin_ws/build/wamv_description
[0.048s] -- Install configuration: ""
[0.049s] -- Up-to-date: /home/blazar/karin_ws/install/wamv_description/share/wamv_description/meshes
[0.049s] -- Up-to-date: /home/blazar/karin_ws/install/wamv_description/share/wamv_description/meshes/gps.dae
[0.049s] -- Up-to-date: /home/blazar/karin_ws/install/wamv_description/share/wamv_description/meshes/engine.dae
[0.049s] -- Up-to-date: /home/blazar/karin_ws/install/wamv_description/share/wamv_description/meshes/propeller.dae
[0.049s] -- Up-to-date: /home/blazar/karin_ws/install/wamv_description/share/wamv_description/meshes/WAM-V-Base.dae
[0.049s] -- Up-to-date: /home/blazar/karin_ws/install/wamv_description/share/wamv_description/urdf
[0.049s] -- Up-to-date: /home/blazar/karin_ws/install/wamv_description/share/wamv_description/urdf/wamv.urdf
[0.049s] -- Up-to-date: /home/blazar/karin_ws/install/wamv_description/share/ament_index/resource_index/package_run_dependencies/wamv_description
[0.049s] -- Up-to-date: /home/blazar/karin_ws/install/wamv_description/share/ament_index/resource_index/parent_prefix_path/wamv_description
[0.049s] -- Up-to-date: /home/blazar/karin_ws/install/wamv_description/share/wamv_description/environment/ament_prefix_path.sh
[0.049s] -- Up-to-date: /home/blazar/karin_ws/install/wamv_description/share/wamv_description/environment/ament_prefix_path.dsv
[0.049s] -- Up-to-date: /home/blazar/karin_ws/install/wamv_description/share/wamv_description/environment/path.sh
[0.049s] -- Up-to-date: /home/blazar/karin_ws/install/wamv_description/share/wamv_description/environment/path.dsv
[0.049s] -- Up-to-date: /home/blazar/karin_ws/install/wamv_description/share/wamv_description/local_setup.bash
[0.049s] -- Up-to-date: /home/blazar/karin_ws/install/wamv_description/share/wamv_description/local_setup.sh
[0.050s] -- Up-to-date: /home/blazar/karin_ws/install/wamv_description/share/wamv_description/local_setup.zsh
[0.050s] -- Up-to-date: /home/blazar/karin_ws/install/wamv_description/share/wamv_description/local_setup.dsv
[0.050s] -- Up-to-date: /home/blazar/karin_ws/install/wamv_description/share/wamv_description/package.dsv
[0.050s] -- Up-to-date: /home/blazar/karin_ws/install/wamv_description/share/ament_index/resource_index/packages/wamv_description
[0.050s] -- Up-to-date: /home/blazar/karin_ws/install/wamv_description/share/wamv_description/cmake/wamv_descriptionConfig.cmake
[0.050s] -- Up-to-date: /home/blazar/karin_ws/install/wamv_description/share/wamv_description/cmake/wamv_descriptionConfig-version.cmake
[0.050s] -- Up-to-date: /home/blazar/karin_ws/install/wamv_description/share/wamv_description/package.xml
[0.050s] Invoked command in '/home/blazar/karin_ws/build/wamv_description' returned '0': CMAKE_PREFIX_PATH=${CMAKE_PREFIX_PATH}:/home/blazar/workspace/rockytimes_ws/install/localisation:/opt/ros/jazzy DEBUGINFOD_URLS=https://debuginfod.ubuntu.com PS1=(karin_ws) \[\e]0;\u@\h: \w\a\]${debian_chroot:+($debian_chroot)}\[\033[01;32m\]\u@\h\[\033[00m\]:\[\033[01;34m\]\w\[\033[00m\]\$ VIRTUAL_ENV_PROMPT=(karin_ws) /usr/bin/cmake --install /home/blazar/karin_ws/build/wamv_description
