[0.008s] Invoking command in '/home/blazar/karin_ws/build/field_sim': CMAKE_PREFIX_PATH=/home/blazar/karin_ws/install/simsetup:/home/blazar/karin_ws/install/field_sim:/home/blazar/workspace/rockytimes_ws/install/localisation:/opt/ros/jazzy:/home/blazar/vrx_ws/install:/home/blazar/workspace/rockytimes_ws/install/mission:/home/blazar/workspace/rockytimes_ws/install/px4_ros_com:/home/blazar/workspace/rockytimes_ws/install/px4_msgs:/opt/ros/jazzy/opt/gz_sim_vendor:/opt/ros/jazzy/opt/gz_sensors_vendor:/opt/ros/jazzy/opt/gz_physics_vendor:/opt/ros/jazzy/opt/sdformat_vendor:/opt/ros/jazzy/opt/gz_gui_vendor:/opt/ros/jazzy/opt/gz_transport_vendor:/opt/ros/jazzy/opt/gz_rendering_vendor:/opt/ros/jazzy/opt/gz_plugin_vendor:/opt/ros/jazzy/opt/gz_fuel_tools_vendor:/opt/ros/jazzy/opt/gz_msgs_vendor:/opt/ros/jazzy/opt/gz_common_vendor:/opt/ros/jazzy/opt/gz_math_vendor:/opt/ros/jazzy/opt/gz_utils_vendor:/opt/ros/jazzy/opt/gz_tools_vendor:/opt/ros/jazzy/opt/gz_ogre_next_vendor:/opt/ros/jazzy/opt/gz_dartsim_vendor:/opt/ros/jazzy/opt/gz_cmake_vendor DEBUGINFOD_URLS=https://debuginfod.ubuntu.com /usr/bin/cmake --build /home/blazar/karin_ws/build/field_sim -- -j16 -l16
[0.028s] -- Found ament_cmake: 2.5.4 (/opt/ros/jazzy/share/ament_cmake/cmake)
[0.046s] -- Found Python3: /usr/bin/python3 (found version "3.12.3") found components: Interpreter 
[0.095s] -- Found rclcpp: 28.1.10 (/opt/ros/jazzy/share/rclcpp/cmake)
[0.113s] -- Found rosidl_generator_c: 4.6.5 (/opt/ros/jazzy/share/rosidl_generator_c/cmake)
[0.118s] -- Found rosidl_generator_cpp: 4.6.5 (/opt/ros/jazzy/share/rosidl_generator_cpp/cmake)
[0.125s] -- Using all available rosidl_typesupport_c: rosidl_typesupport_fastrtps_c;rosidl_typesupport_introspection_c
[0.133s] -- Using all available rosidl_typesupport_cpp: rosidl_typesupport_fastrtps_cpp;rosidl_typesupport_introspection_cpp
[0.170s] -- Found rmw_implementation_cmake: 7.3.2 (/opt/ros/jazzy/share/rmw_implementation_cmake/cmake)
[0.171s] -- Found rmw_fastrtps_cpp: 8.4.2 (/opt/ros/jazzy/share/rmw_fastrtps_cpp/cmake)
[0.215s] -- Using RMW implementation 'rmw_fastrtps_cpp' as default
[0.256s] -- Found rclpy: 7.1.4 (/opt/ros/jazzy/share/rclpy/cmake)
[0.256s] -- Found std_msgs: 5.3.6 (/opt/ros/jazzy/share/std_msgs/cmake)
[0.264s] -- Found geometry_msgs: 5.3.6 (/opt/ros/jazzy/share/geometry_msgs/cmake)
[0.273s] -- Found visualization_msgs: 5.3.6 (/opt/ros/jazzy/share/visualization_msgs/cmake)
[0.309s] -- Found nav_msgs: 5.3.6 (/opt/ros/jazzy/share/nav_msgs/cmake)
[0.327s] -- Found tf2_ros: 0.36.12 (/opt/ros/jazzy/share/tf2_ros/cmake)
[0.395s] -- Found rosidl_default_generators: 1.6.0 (/opt/ros/jazzy/share/rosidl_default_generators/cmake)
[0.400s] -- Found rosidl_adapter: 4.6.5 (/opt/ros/jazzy/share/rosidl_adapter/cmake)
[0.552s] -- Found ament_cmake_ros: 0.12.0 (/opt/ros/jazzy/share/ament_cmake_ros/cmake)
[0.650s] -- Using all available rosidl_typesupport_c: rosidl_typesupport_fastrtps_c;rosidl_typesupport_introspection_c
[0.688s] -- Using all available rosidl_typesupport_cpp: rosidl_typesupport_fastrtps_cpp;rosidl_typesupport_introspection_cpp
[0.689s] -- Found python_cmake_module: 0.11.1 (/opt/ros/jazzy/share/python_cmake_module/cmake)
[0.844s] -- Found Python3: /usr/bin/python3 (found version "3.12.3") found components: Interpreter Development NumPy Development.Module Development.Embed 
[0.851s] -- Found ament_lint_auto: 0.17.2 (/opt/ros/jazzy/share/ament_lint_auto/cmake)
[0.854s] -- Configuring done (0.8s)
[0.876s] -- Generating done (0.0s)
[0.884s] -- Build files have been written to: /home/blazar/karin_ws/build/field_sim
[0.915s] [  2%] Built target field_sim__rosidl_generator_type_description
[0.920s] [  2%] Built target ament_cmake_python_copy_field_sim
[0.929s] [  5%] Built target field_sim__cpp
[0.931s] [ 20%] Built target field_sim__rosidl_generator_c
[0.947s] [ 38%] Built target field_sim__rosidl_typesupport_c
[0.947s] [ 38%] Built target field_sim__rosidl_typesupport_introspection_c
[0.948s] [ 47%] Built target field_sim__rosidl_typesupport_cpp
[0.948s] [ 55%] Built target field_sim__rosidl_typesupport_fastrtps_c
[0.948s] [ 64%] Built target field_sim__rosidl_typesupport_fastrtps_cpp
[0.949s] [ 73%] Built target field_sim__rosidl_typesupport_introspection_cpp
[0.963s] [ 73%] Built target field_sim
[0.979s] [ 76%] Built target field_sim__py
[0.998s] [ 82%] Built target field_sim__rosidl_generator_py
[1.015s] [ 88%] Built target field_sim_s__rosidl_typesupport_fastrtps_c
[1.016s] [ 94%] Built target field_sim_s__rosidl_typesupport_c
[1.016s] [100%] Built target field_sim_s__rosidl_typesupport_introspection_c
[1.037s] running egg_info
[1.047s] writing field_sim.egg-info/PKG-INFO
[1.047s] writing dependency_links to field_sim.egg-info/dependency_links.txt
[1.047s] writing top-level names to field_sim.egg-info/top_level.txt
[1.075s] reading manifest file 'field_sim.egg-info/SOURCES.txt'
[1.075s] writing manifest file 'field_sim.egg-info/SOURCES.txt'
[1.091s] [100%] Built target ament_cmake_python_build_field_sim_egg
[1.100s] Invoked command in '/home/blazar/karin_ws/build/field_sim' returned '0': CMAKE_PREFIX_PATH=/home/blazar/karin_ws/install/simsetup:/home/blazar/karin_ws/install/field_sim:/home/blazar/workspace/rockytimes_ws/install/localisation:/opt/ros/jazzy:/home/blazar/vrx_ws/install:/home/blazar/workspace/rockytimes_ws/install/mission:/home/blazar/workspace/rockytimes_ws/install/px4_ros_com:/home/blazar/workspace/rockytimes_ws/install/px4_msgs:/opt/ros/jazzy/opt/gz_sim_vendor:/opt/ros/jazzy/opt/gz_sensors_vendor:/opt/ros/jazzy/opt/gz_physics_vendor:/opt/ros/jazzy/opt/sdformat_vendor:/opt/ros/jazzy/opt/gz_gui_vendor:/opt/ros/jazzy/opt/gz_transport_vendor:/opt/ros/jazzy/opt/gz_rendering_vendor:/opt/ros/jazzy/opt/gz_plugin_vendor:/opt/ros/jazzy/opt/gz_fuel_tools_vendor:/opt/ros/jazzy/opt/gz_msgs_vendor:/opt/ros/jazzy/opt/gz_common_vendor:/opt/ros/jazzy/opt/gz_math_vendor:/opt/ros/jazzy/opt/gz_utils_vendor:/opt/ros/jazzy/opt/gz_tools_vendor:/opt/ros/jazzy/opt/gz_ogre_next_vendor:/opt/ros/jazzy/opt/gz_dartsim_vendor:/opt/ros/jazzy/opt/gz_cmake_vendor DEBUGINFOD_URLS=https://debuginfod.ubuntu.com /usr/bin/cmake --build /home/blazar/karin_ws/build/field_sim -- -j16 -l16
[1.101s] Invoking command in '/home/blazar/karin_ws/build/field_sim': CMAKE_PREFIX_PATH=/home/blazar/karin_ws/install/simsetup:/home/blazar/karin_ws/install/field_sim:/home/blazar/workspace/rockytimes_ws/install/localisation:/opt/ros/jazzy:/home/blazar/vrx_ws/install:/home/blazar/workspace/rockytimes_ws/install/mission:/home/blazar/workspace/rockytimes_ws/install/px4_ros_com:/home/blazar/workspace/rockytimes_ws/install/px4_msgs:/opt/ros/jazzy/opt/gz_sim_vendor:/opt/ros/jazzy/opt/gz_sensors_vendor:/opt/ros/jazzy/opt/gz_physics_vendor:/opt/ros/jazzy/opt/sdformat_vendor:/opt/ros/jazzy/opt/gz_gui_vendor:/opt/ros/jazzy/opt/gz_transport_vendor:/opt/ros/jazzy/opt/gz_rendering_vendor:/opt/ros/jazzy/opt/gz_plugin_vendor:/opt/ros/jazzy/opt/gz_fuel_tools_vendor:/opt/ros/jazzy/opt/gz_msgs_vendor:/opt/ros/jazzy/opt/gz_common_vendor:/opt/ros/jazzy/opt/gz_math_vendor:/opt/ros/jazzy/opt/gz_utils_vendor:/opt/ros/jazzy/opt/gz_tools_vendor:/opt/ros/jazzy/opt/gz_ogre_next_vendor:/opt/ros/jazzy/opt/gz_dartsim_vendor:/opt/ros/jazzy/opt/gz_cmake_vendor DEBUGINFOD_URLS=https://debuginfod.ubuntu.com /usr/bin/cmake --install /home/blazar/karin_ws/build/field_sim
[1.107s] -- Install configuration: ""
[1.107s] -- Up-to-date: /home/blazar/karin_ws/install/field_sim/share/ament_index/resource_index/rosidl_interfaces/field_sim
[1.107s] -- Up-to-date: /home/blazar/karin_ws/install/field_sim/share/field_sim/srv/SampleField.json
[1.107s] -- Up-to-date: /home/blazar/karin_ws/install/field_sim/include/field_sim/field_sim
[1.107s] -- Up-to-date: /home/blazar/karin_ws/install/field_sim/include/field_sim/field_sim/msg
[1.107s] -- Up-to-date: /home/blazar/karin_ws/install/field_sim/include/field_sim/field_sim/msg/rosidl_generator_c__visibility_control.h
[1.107s] -- Up-to-date: /home/blazar/karin_ws/install/field_sim/include/field_sim/field_sim/srv
[1.107s] -- Up-to-date: /home/blazar/karin_ws/install/field_sim/include/field_sim/field_sim/srv/detail
[1.107s] -- Up-to-date: /home/blazar/karin_ws/install/field_sim/include/field_sim/field_sim/srv/detail/sample_field__struct.h
[1.107s] -- Up-to-date: /home/blazar/karin_ws/install/field_sim/include/field_sim/field_sim/srv/detail/sample_field__type_support.c
[1.107s] -- Up-to-date: /home/blazar/karin_ws/install/field_sim/include/field_sim/field_sim/srv/detail/sample_field__description.c
[1.107s] -- Up-to-date: /home/blazar/karin_ws/install/field_sim/include/field_sim/field_sim/srv/detail/sample_field__type_support.h
[1.107s] -- Up-to-date: /home/blazar/karin_ws/install/field_sim/include/field_sim/field_sim/srv/detail/sample_field__functions.h
[1.107s] -- Up-to-date: /home/blazar/karin_ws/install/field_sim/include/field_sim/field_sim/srv/detail/sample_field__functions.c
[1.107s] -- Up-to-date: /home/blazar/karin_ws/install/field_sim/include/field_sim/field_sim/srv/sample_field.h
[1.107s] -- Up-to-date: /home/blazar/karin_ws/install/field_sim/share/field_sim/environment/library_path.sh
[1.107s] -- Up-to-date: /home/blazar/karin_ws/install/field_sim/share/field_sim/environment/library_path.dsv
[1.107s] -- Up-to-date: /home/blazar/karin_ws/install/field_sim/lib/libfield_sim__rosidl_generator_c.so
[1.108s] -- Up-to-date: /home/blazar/karin_ws/install/field_sim/include/field_sim/field_sim
[1.108s] -- Up-to-date: /home/blazar/karin_ws/install/field_sim/include/field_sim/field_sim/msg
[1.108s] -- Up-to-date: /home/blazar/karin_ws/install/field_sim/include/field_sim/field_sim/msg/rosidl_typesupport_fastrtps_c__visibility_control.h
[1.108s] -- Up-to-date: /home/blazar/karin_ws/install/field_sim/include/field_sim/field_sim/srv
[1.108s] -- Up-to-date: /home/blazar/karin_ws/install/field_sim/include/field_sim/field_sim/srv/detail
[1.108s] -- Up-to-date: /home/blazar/karin_ws/install/field_sim/include/field_sim/field_sim/srv/detail/sample_field__rosidl_typesupport_fastrtps_c.h
[1.108s] -- Up-to-date: /home/blazar/karin_ws/install/field_sim/lib/libfield_sim__rosidl_typesupport_fastrtps_c.so
[1.108s] -- Up-to-date: /home/blazar/karin_ws/install/field_sim/include/field_sim/field_sim
[1.108s] -- Up-to-date: /home/blazar/karin_ws/install/field_sim/include/field_sim/field_sim/msg
[1.108s] -- Up-to-date: /home/blazar/karin_ws/install/field_sim/include/field_sim/field_sim/msg/rosidl_generator_cpp__visibility_control.hpp
[1.108s] -- Up-to-date: /home/blazar/karin_ws/install/field_sim/include/field_sim/field_sim/srv
[1.108s] -- Up-to-date: /home/blazar/karin_ws/install/field_sim/include/field_sim/field_sim/srv/detail
[1.108s] -- Up-to-date: /home/blazar/karin_ws/install/field_sim/include/field_sim/field_sim/srv/detail/sample_field__traits.hpp
[1.108s] -- Up-to-date: /home/blazar/karin_ws/install/field_sim/include/field_sim/field_sim/srv/detail/sample_field__struct.hpp
[1.108s] -- Up-to-date: /home/blazar/karin_ws/install/field_sim/include/field_sim/field_sim/srv/detail/sample_field__type_support.hpp
[1.108s] -- Up-to-date: /home/blazar/karin_ws/install/field_sim/include/field_sim/field_sim/srv/detail/sample_field__builder.hpp
[1.108s] -- Up-to-date: /home/blazar/karin_ws/install/field_sim/include/field_sim/field_sim/srv/sample_field.hpp
[1.108s] -- Up-to-date: /home/blazar/karin_ws/install/field_sim/include/field_sim/field_sim
[1.108s] -- Up-to-date: /home/blazar/karin_ws/install/field_sim/include/field_sim/field_sim/msg
[1.108s] -- Up-to-date: /home/blazar/karin_ws/install/field_sim/include/field_sim/field_sim/msg/rosidl_typesupport_fastrtps_cpp__visibility_control.h
[1.108s] -- Up-to-date: /home/blazar/karin_ws/install/field_sim/include/field_sim/field_sim/srv
[1.108s] -- Up-to-date: /home/blazar/karin_ws/install/field_sim/include/field_sim/field_sim/srv/detail
[1.108s] -- Up-to-date: /home/blazar/karin_ws/install/field_sim/include/field_sim/field_sim/srv/detail/dds_fastrtps
[1.108s] -- Up-to-date: /home/blazar/karin_ws/install/field_sim/include/field_sim/field_sim/srv/detail/sample_field__rosidl_typesupport_fastrtps_cpp.hpp
[1.108s] -- Up-to-date: /home/blazar/karin_ws/install/field_sim/lib/libfield_sim__rosidl_typesupport_fastrtps_cpp.so
[1.108s] -- Up-to-date: /home/blazar/karin_ws/install/field_sim/include/field_sim/field_sim
[1.109s] -- Up-to-date: /home/blazar/karin_ws/install/field_sim/include/field_sim/field_sim/msg
[1.109s] -- Up-to-date: /home/blazar/karin_ws/install/field_sim/include/field_sim/field_sim/msg/rosidl_typesupport_introspection_c__visibility_control.h
[1.109s] -- Up-to-date: /home/blazar/karin_ws/install/field_sim/include/field_sim/field_sim/srv
[1.109s] -- Up-to-date: /home/blazar/karin_ws/install/field_sim/include/field_sim/field_sim/srv/detail
[1.109s] -- Up-to-date: /home/blazar/karin_ws/install/field_sim/include/field_sim/field_sim/srv/detail/sample_field__type_support.c
[1.109s] -- Up-to-date: /home/blazar/karin_ws/install/field_sim/include/field_sim/field_sim/srv/detail/sample_field__rosidl_typesupport_introspection_c.h
[1.109s] -- Up-to-date: /home/blazar/karin_ws/install/field_sim/lib/libfield_sim__rosidl_typesupport_introspection_c.so
[1.109s] -- Up-to-date: /home/blazar/karin_ws/install/field_sim/lib/libfield_sim__rosidl_typesupport_c.so
[1.109s] -- Up-to-date: /home/blazar/karin_ws/install/field_sim/include/field_sim/field_sim
[1.109s] -- Up-to-date: /home/blazar/karin_ws/install/field_sim/include/field_sim/field_sim/srv
[1.109s] -- Up-to-date: /home/blazar/karin_ws/install/field_sim/include/field_sim/field_sim/srv/detail
[1.109s] -- Up-to-date: /home/blazar/karin_ws/install/field_sim/include/field_sim/field_sim/srv/detail/sample_field__rosidl_typesupport_introspection_cpp.hpp
[1.109s] -- Up-to-date: /home/blazar/karin_ws/install/field_sim/include/field_sim/field_sim/srv/detail/sample_field__type_support.cpp
[1.109s] -- Up-to-date: /home/blazar/karin_ws/install/field_sim/lib/libfield_sim__rosidl_typesupport_introspection_cpp.so
[1.109s] -- Up-to-date: /home/blazar/karin_ws/install/field_sim/lib/libfield_sim__rosidl_typesupport_cpp.so
[1.110s] -- Up-to-date: /home/blazar/karin_ws/install/field_sim/share/field_sim/environment/pythonpath.sh
[1.110s] -- Up-to-date: /home/blazar/karin_ws/install/field_sim/share/field_sim/environment/pythonpath.dsv
[1.110s] -- Up-to-date: /home/blazar/karin_ws/install/field_sim/lib/python3.12/site-packages/field_sim-0.0.0-py3.12.egg-info
[1.110s] -- Installing: /home/blazar/karin_ws/install/field_sim/lib/python3.12/site-packages/field_sim-0.0.0-py3.12.egg-info/SOURCES.txt
[1.110s] -- Installing: /home/blazar/karin_ws/install/field_sim/lib/python3.12/site-packages/field_sim-0.0.0-py3.12.egg-info/dependency_links.txt
[1.110s] -- Installing: /home/blazar/karin_ws/install/field_sim/lib/python3.12/site-packages/field_sim-0.0.0-py3.12.egg-info/top_level.txt
[1.110s] -- Installing: /home/blazar/karin_ws/install/field_sim/lib/python3.12/site-packages/field_sim-0.0.0-py3.12.egg-info/PKG-INFO
[1.110s] -- Up-to-date: /home/blazar/karin_ws/install/field_sim/lib/python3.12/site-packages/field_sim
[1.110s] -- Up-to-date: /home/blazar/karin_ws/install/field_sim/lib/python3.12/site-packages/field_sim/srv
[1.110s] -- Up-to-date: /home/blazar/karin_ws/install/field_sim/lib/python3.12/site-packages/field_sim/srv/_sample_field.py
[1.110s] -- Up-to-date: /home/blazar/karin_ws/install/field_sim/lib/python3.12/site-packages/field_sim/srv/_sample_field_s.c
[1.110s] -- Up-to-date: /home/blazar/karin_ws/install/field_sim/lib/python3.12/site-packages/field_sim/srv/__init__.py
[1.110s] -- Up-to-date: /home/blazar/karin_ws/install/field_sim/lib/python3.12/site-packages/field_sim/field_sim_s__rosidl_typesupport_fastrtps_c.so
[1.110s] -- Up-to-date: /home/blazar/karin_ws/install/field_sim/lib/python3.12/site-packages/field_sim/field_sim_s__rosidl_typesupport_c.so
[1.111s] -- Up-to-date: /home/blazar/karin_ws/install/field_sim/lib/python3.12/site-packages/field_sim/_field_sim_s.ep.rosidl_typesupport_c.c
[1.111s] -- Up-to-date: /home/blazar/karin_ws/install/field_sim/lib/python3.12/site-packages/field_sim/_field_sim_s.ep.rosidl_typesupport_introspection_c.c
[1.111s] -- Up-to-date: /home/blazar/karin_ws/install/field_sim/lib/python3.12/site-packages/field_sim/field_sim_s__rosidl_typesupport_introspection_c.so
[1.111s] -- Installing: /home/blazar/karin_ws/install/field_sim/lib/python3.12/site-packages/field_sim/__init__.py
[1.111s] -- Up-to-date: /home/blazar/karin_ws/install/field_sim/lib/python3.12/site-packages/field_sim/_field_sim_s.ep.rosidl_typesupport_fastrtps_c.c
[1.133s] Listing '/home/blazar/karin_ws/install/field_sim/lib/python3.12/site-packages/field_sim'...
[1.133s] Compiling '/home/blazar/karin_ws/install/field_sim/lib/python3.12/site-packages/field_sim/__init__.py'...
[1.133s] Listing '/home/blazar/karin_ws/install/field_sim/lib/python3.12/site-packages/field_sim/srv'...
[1.136s] -- Up-to-date: /home/blazar/karin_ws/install/field_sim/lib/python3.12/site-packages/field_sim/field_sim_s__rosidl_typesupport_fastrtps_c.so
[1.136s] -- Up-to-date: /home/blazar/karin_ws/install/field_sim/lib/python3.12/site-packages/field_sim/field_sim_s__rosidl_typesupport_introspection_c.so
[1.137s] -- Up-to-date: /home/blazar/karin_ws/install/field_sim/lib/python3.12/site-packages/field_sim/field_sim_s__rosidl_typesupport_c.so
[1.137s] -- Up-to-date: /home/blazar/karin_ws/install/field_sim/lib/libfield_sim__rosidl_generator_py.so
[1.137s] -- Up-to-date: /home/blazar/karin_ws/install/field_sim/share/field_sim/srv/SampleField.idl
[1.137s] -- Up-to-date: /home/blazar/karin_ws/install/field_sim/share/field_sim/srv/SampleField.srv
[1.137s] -- Up-to-date: /home/blazar/karin_ws/install/field_sim/lib/field_sim/ground_truth_field_node.py
[1.137s] -- Up-to-date: /home/blazar/karin_ws/install/field_sim/lib/field_sim/field_sampler_node.py
[1.137s] -- Up-to-date: /home/blazar/karin_ws/install/field_sim/lib/field_sim/gp_reconstructor_node.py
[1.137s] -- Up-to-date: /home/blazar/karin_ws/install/field_sim/lib/field_sim/boat_tf_publisher.py
[1.137s] -- Up-to-date: /home/blazar/karin_ws/install/field_sim/lib/field_sim/test_geotagging.py
[1.137s] -- Up-to-date: /home/blazar/karin_ws/install/field_sim/share/field_sim//launch
[1.137s] -- Installing: /home/blazar/karin_ws/install/field_sim/share/field_sim//launch/field_validation.launch.py
[1.137s] -- Up-to-date: /home/blazar/karin_ws/install/field_sim/share/field_sim//config
[1.137s] -- Up-to-date: /home/blazar/karin_ws/install/field_sim/share/field_sim//config/generated_field_params.yaml
[1.137s] -- Up-to-date: /home/blazar/karin_ws/install/field_sim/share/field_sim//config/field_params.yaml
[1.138s] -- Up-to-date: /home/blazar/karin_ws/install/field_sim/share/field_sim//rviz
[1.138s] -- Installing: /home/blazar/karin_ws/install/field_sim/share/field_sim//rviz/field_view.rviz
[1.138s] -- Installing: /home/blazar/karin_ws/install/field_sim/share/field_sim//scripts
[1.138s] -- Installing: /home/blazar/karin_ws/install/field_sim/share/field_sim//scripts/boat_tf_publisher.py
[1.138s] -- Installing: /home/blazar/karin_ws/install/field_sim/share/field_sim//scripts/test_geotagging.py
[1.138s] -- Installing: /home/blazar/karin_ws/install/field_sim/share/field_sim//scripts/field_sampler_node.py
[1.138s] -- Installing: /home/blazar/karin_ws/install/field_sim/share/field_sim//scripts/gp_reconstructor_node.py
[1.138s] -- Installing: /home/blazar/karin_ws/install/field_sim/share/field_sim//scripts/ground_truth_field_node.py
[1.138s] -- Up-to-date: /home/blazar/karin_ws/install/field_sim/share/ament_index/resource_index/package_run_dependencies/field_sim
[1.138s] -- Up-to-date: /home/blazar/karin_ws/install/field_sim/share/ament_index/resource_index/parent_prefix_path/field_sim
[1.138s] -- Up-to-date: /home/blazar/karin_ws/install/field_sim/share/field_sim/environment/ament_prefix_path.sh
[1.138s] -- Up-to-date: /home/blazar/karin_ws/install/field_sim/share/field_sim/environment/ament_prefix_path.dsv
[1.138s] -- Up-to-date: /home/blazar/karin_ws/install/field_sim/share/field_sim/environment/path.sh
[1.138s] -- Up-to-date: /home/blazar/karin_ws/install/field_sim/share/field_sim/environment/path.dsv
[1.138s] -- Up-to-date: /home/blazar/karin_ws/install/field_sim/share/field_sim/local_setup.bash
[1.138s] -- Up-to-date: /home/blazar/karin_ws/install/field_sim/share/field_sim/local_setup.sh
[1.138s] -- Up-to-date: /home/blazar/karin_ws/install/field_sim/share/field_sim/local_setup.zsh
[1.138s] -- Up-to-date: /home/blazar/karin_ws/install/field_sim/share/field_sim/local_setup.dsv
[1.138s] -- Installing: /home/blazar/karin_ws/install/field_sim/share/field_sim/package.dsv
[1.139s] -- Up-to-date: /home/blazar/karin_ws/install/field_sim/share/ament_index/resource_index/packages/field_sim
[1.139s] -- Up-to-date: /home/blazar/karin_ws/install/field_sim/share/field_sim/cmake/export_field_sim__rosidl_generator_cExport.cmake
[1.139s] -- Up-to-date: /home/blazar/karin_ws/install/field_sim/share/field_sim/cmake/export_field_sim__rosidl_generator_cExport-noconfig.cmake
[1.139s] -- Up-to-date: /home/blazar/karin_ws/install/field_sim/share/field_sim/cmake/export_field_sim__rosidl_typesupport_fastrtps_cExport.cmake
[1.139s] -- Up-to-date: /home/blazar/karin_ws/install/field_sim/share/field_sim/cmake/export_field_sim__rosidl_typesupport_fastrtps_cExport-noconfig.cmake
[1.139s] -- Up-to-date: /home/blazar/karin_ws/install/field_sim/share/field_sim/cmake/export_field_sim__rosidl_generator_cppExport.cmake
[1.139s] -- Up-to-date: /home/blazar/karin_ws/install/field_sim/share/field_sim/cmake/export_field_sim__rosidl_typesupport_fastrtps_cppExport.cmake
[1.139s] -- Up-to-date: /home/blazar/karin_ws/install/field_sim/share/field_sim/cmake/export_field_sim__rosidl_typesupport_fastrtps_cppExport-noconfig.cmake
[1.139s] -- Up-to-date: /home/blazar/karin_ws/install/field_sim/share/field_sim/cmake/field_sim__rosidl_typesupport_introspection_cExport.cmake
[1.139s] -- Up-to-date: /home/blazar/karin_ws/install/field_sim/share/field_sim/cmake/field_sim__rosidl_typesupport_introspection_cExport-noconfig.cmake
[1.139s] -- Up-to-date: /home/blazar/karin_ws/install/field_sim/share/field_sim/cmake/field_sim__rosidl_typesupport_cExport.cmake
[1.139s] -- Up-to-date: /home/blazar/karin_ws/install/field_sim/share/field_sim/cmake/field_sim__rosidl_typesupport_cExport-noconfig.cmake
[1.139s] -- Up-to-date: /home/blazar/karin_ws/install/field_sim/share/field_sim/cmake/field_sim__rosidl_typesupport_introspection_cppExport.cmake
[1.139s] -- Up-to-date: /home/blazar/karin_ws/install/field_sim/share/field_sim/cmake/field_sim__rosidl_typesupport_introspection_cppExport-noconfig.cmake
[1.139s] -- Up-to-date: /home/blazar/karin_ws/install/field_sim/share/field_sim/cmake/field_sim__rosidl_typesupport_cppExport.cmake
[1.139s] -- Up-to-date: /home/blazar/karin_ws/install/field_sim/share/field_sim/cmake/field_sim__rosidl_typesupport_cppExport-noconfig.cmake
[1.139s] -- Up-to-date: /home/blazar/karin_ws/install/field_sim/share/field_sim/cmake/export_field_sim__rosidl_generator_pyExport.cmake
[1.139s] -- Up-to-date: /home/blazar/karin_ws/install/field_sim/share/field_sim/cmake/export_field_sim__rosidl_generator_pyExport-noconfig.cmake
[1.139s] -- Up-to-date: /home/blazar/karin_ws/install/field_sim/share/field_sim/cmake/rosidl_cmake-extras.cmake
[1.139s] -- Up-to-date: /home/blazar/karin_ws/install/field_sim/share/field_sim/cmake/ament_cmake_export_dependencies-extras.cmake
[1.139s] -- Up-to-date: /home/blazar/karin_ws/install/field_sim/share/field_sim/cmake/ament_cmake_export_include_directories-extras.cmake
[1.139s] -- Up-to-date: /home/blazar/karin_ws/install/field_sim/share/field_sim/cmake/ament_cmake_export_libraries-extras.cmake
[1.139s] -- Up-to-date: /home/blazar/karin_ws/install/field_sim/share/field_sim/cmake/ament_cmake_export_targets-extras.cmake
[1.140s] -- Up-to-date: /home/blazar/karin_ws/install/field_sim/share/field_sim/cmake/rosidl_cmake_export_typesupport_targets-extras.cmake
[1.140s] -- Up-to-date: /home/blazar/karin_ws/install/field_sim/share/field_sim/cmake/rosidl_cmake_export_typesupport_libraries-extras.cmake
[1.140s] -- Up-to-date: /home/blazar/karin_ws/install/field_sim/share/field_sim/cmake/field_simConfig.cmake
[1.140s] -- Up-to-date: /home/blazar/karin_ws/install/field_sim/share/field_sim/cmake/field_simConfig-version.cmake
[1.140s] -- Up-to-date: /home/blazar/karin_ws/install/field_sim/share/field_sim/package.xml
[1.141s] Invoked command in '/home/blazar/karin_ws/build/field_sim' returned '0': CMAKE_PREFIX_PATH=/home/blazar/karin_ws/install/simsetup:/home/blazar/karin_ws/install/field_sim:/home/blazar/workspace/rockytimes_ws/install/localisation:/opt/ros/jazzy:/home/blazar/vrx_ws/install:/home/blazar/workspace/rockytimes_ws/install/mission:/home/blazar/workspace/rockytimes_ws/install/px4_ros_com:/home/blazar/workspace/rockytimes_ws/install/px4_msgs:/opt/ros/jazzy/opt/gz_sim_vendor:/opt/ros/jazzy/opt/gz_sensors_vendor:/opt/ros/jazzy/opt/gz_physics_vendor:/opt/ros/jazzy/opt/sdformat_vendor:/opt/ros/jazzy/opt/gz_gui_vendor:/opt/ros/jazzy/opt/gz_transport_vendor:/opt/ros/jazzy/opt/gz_rendering_vendor:/opt/ros/jazzy/opt/gz_plugin_vendor:/opt/ros/jazzy/opt/gz_fuel_tools_vendor:/opt/ros/jazzy/opt/gz_msgs_vendor:/opt/ros/jazzy/opt/gz_common_vendor:/opt/ros/jazzy/opt/gz_math_vendor:/opt/ros/jazzy/opt/gz_utils_vendor:/opt/ros/jazzy/opt/gz_tools_vendor:/opt/ros/jazzy/opt/gz_ogre_next_vendor:/opt/ros/jazzy/opt/gz_dartsim_vendor:/opt/ros/jazzy/opt/gz_cmake_vendor DEBUGINFOD_URLS=https://debuginfod.ubuntu.com /usr/bin/cmake --install /home/blazar/karin_ws/build/field_sim
