[0.009s] Invoking command in '/home/blazar/karin_ws/build/simsetup': CMAKE_PREFIX_PATH=${CMAKE_PREFIX_PATH}:/home/blazar/workspace/rockytimes_ws/install/localisation:/opt/ros/jazzy DEBUGINFOD_URLS=https://debuginfod.ubuntu.com PS1=(karin_ws) \[\e]0;\u@\h: \w\a\]${debian_chroot:+($debian_chroot)}\[\033[01;32m\]\u@\h\[\033[00m\]:\[\033[01;34m\]\w\[\033[00m\]\$ VIRTUAL_ENV_PROMPT=(karin_ws) /usr/bin/cmake --build /home/blazar/karin_ws/build/simsetup -- -j16 -l16
[0.038s] Invoked command in '/home/blazar/karin_ws/build/simsetup' returned '0': CMAKE_PREFIX_PATH=${CMAKE_PREFIX_PATH}:/home/blazar/workspace/rockytimes_ws/install/localisation:/opt/ros/jazzy DEBUGINFOD_URLS=https://debuginfod.ubuntu.com PS1=(karin_ws) \[\e]0;\u@\h: \w\a\]${debian_chroot:+($debian_chroot)}\[\033[01;32m\]\u@\h\[\033[00m\]:\[\033[01;34m\]\w\[\033[00m\]\$ VIRTUAL_ENV_PROMPT=(karin_ws) /usr/bin/cmake --build /home/blazar/karin_ws/build/simsetup -- -j16 -l16
[0.045s] Invoking command in '/home/blazar/karin_ws/build/simsetup': CMAKE_PREFIX_PATH=${CMAKE_PREFIX_PATH}:/home/blazar/workspace/rockytimes_ws/install/localisation:/opt/ros/jazzy DEBUGINFOD_URLS=https://debuginfod.ubuntu.com PS1=(karin_ws) \[\e]0;\u@\h: \w\a\]${debian_chroot:+($debian_chroot)}\[\033[01;32m\]\u@\h\[\033[00m\]:\[\033[01;34m\]\w\[\033[00m\]\$ VIRTUAL_ENV_PROMPT=(karin_ws) /usr/bin/cmake --install /home/blazar/karin_ws/build/simsetup
[0.050s] -- Install configuration: ""
[0.051s] -- Execute custom install script
[0.051s] -- Up-to-date symlink: /home/blazar/karin_ws/install/simsetup/share/simsetup//launch/sim.launch.py
[0.051s] -- Up-to-date symlink: /home/blazar/karin_ws/install/simsetup/share/ament_index/resource_index/package_run_dependencies/simsetup
[0.051s] -- Up-to-date symlink: /home/blazar/karin_ws/install/simsetup/share/ament_index/resource_index/parent_prefix_path/simsetup
[0.051s] -- Up-to-date symlink: /home/blazar/karin_ws/install/simsetup/share/simsetup/environment/ament_prefix_path.sh
[0.051s] -- Up-to-date symlink: /home/blazar/karin_ws/install/simsetup/share/simsetup/environment/ament_prefix_path.dsv
[0.051s] -- Up-to-date symlink: /home/blazar/karin_ws/install/simsetup/share/simsetup/environment/path.sh
[0.051s] -- Up-to-date symlink: /home/blazar/karin_ws/install/simsetup/share/simsetup/environment/path.dsv
[0.051s] -- Up-to-date symlink: /home/blazar/karin_ws/install/simsetup/share/simsetup/local_setup.bash
[0.052s] -- Up-to-date symlink: /home/blazar/karin_ws/install/simsetup/share/simsetup/local_setup.sh
[0.052s] -- Up-to-date symlink: /home/blazar/karin_ws/install/simsetup/share/simsetup/local_setup.zsh
[0.052s] -- Up-to-date symlink: /home/blazar/karin_ws/install/simsetup/share/simsetup/local_setup.dsv
[0.052s] -- Symlinking: /home/blazar/karin_ws/install/simsetup/share/simsetup/package.dsv
[0.058s] -- Up-to-date symlink: /home/blazar/karin_ws/install/simsetup/share/ament_index/resource_index/packages/simsetup
[0.058s] -- Up-to-date symlink: /home/blazar/karin_ws/install/simsetup/share/simsetup/cmake/simsetupConfig.cmake
[0.058s] -- Up-to-date symlink: /home/blazar/karin_ws/install/simsetup/share/simsetup/cmake/simsetupConfig-version.cmake
[0.058s] -- Up-to-date symlink: /home/blazar/karin_ws/install/simsetup/share/simsetup/package.xml
[0.058s] -- Up-to-date: /home/blazar/karin_ws/install/simsetup/lib/simsetup/teleop
[0.063s] Invoked command in '/home/blazar/karin_ws/build/simsetup' returned '0': CMAKE_PREFIX_PATH=${CMAKE_PREFIX_PATH}:/home/blazar/workspace/rockytimes_ws/install/localisation:/opt/ros/jazzy DEBUGINFOD_URLS=https://debuginfod.ubuntu.com PS1=(karin_ws) \[\e]0;\u@\h: \w\a\]${debian_chroot:+($debian_chroot)}\[\033[01;32m\]\u@\h\[\033[00m\]:\[\033[01;34m\]\w\[\033[00m\]\$ VIRTUAL_ENV_PROMPT=(karin_ws) /usr/bin/cmake --install /home/blazar/karin_ws/build/simsetup
