[0.060s] DEBUG:colcon:Command line arguments: ['/usr/bin/colcon', 'build']
[0.060s] DEBUG:colcon:Parsed command line arguments: Namespace(log_base=None, log_level=None, verb_name='build', build_base='build', install_base='install', merge_install=False, symlink_install=False, test_result_base=None, continue_on_error=False, executor='parallel', parallel_workers=16, event_handlers=None, ignore_user_meta=False, metas=['./colcon.meta'], base_paths=['.'], packages_ignore=None, packages_ignore_regex=None, paths=None, packages_up_to=None, packages_up_to_regex=None, packages_above=None, packages_above_and_dependencies=None, packages_above_depth=None, packages_select_by_dep=None, packages_skip_by_dep=None, packages_skip_up_to=None, packages_select_build_failed=False, packages_skip_build_finished=False, packages_select_test_failures=False, packages_skip_test_passed=False, packages_select=None, packages_skip=None, packages_select_regex=None, packages_skip_regex=None, packages_start=None, packages_end=None, allow_overriding=[], cmake_args=None, cmake_target=None, cmake_target_skip_unavailable=False, cmake_clean_cache=False, cmake_clean_first=False, cmake_force_configure=False, ament_cmake_args=None, catkin_cmake_args=None, catkin_skip_building_tests=False, mixin_files=None, mixin=None, verb_parser=<colcon_mixin.mixin.mixin_argument.MixinArgumentDecorator object at 0x7e42aa4bd190>, verb_extension=<colcon_core.verb.build.BuildVerb object at 0x7e42aa5d2870>, main=<bound method BuildVerb.main of <colcon_core.verb.build.BuildVerb object at 0x7e42aa5d2870>>, mixin_verb=('build',))
[0.082s] Level 1:colcon.colcon_core.package_discovery:discover_packages(colcon_meta) check parameters
[0.082s] Level 1:colcon.colcon_core.package_discovery:discover_packages(recursive) check parameters
[0.082s] Level 1:colcon.colcon_core.package_discovery:discover_packages(ignore) check parameters
[0.082s] Level 1:colcon.colcon_core.package_discovery:discover_packages(path) check parameters
[0.082s] Level 1:colcon.colcon_core.package_discovery:discover_packages(colcon_meta) discover
[0.082s] Level 1:colcon.colcon_core.package_discovery:discover_packages(recursive) discover
[0.082s] INFO:colcon.colcon_core.package_discovery:Crawling recursively for packages in '/home/blazar/karin_ws'
[0.082s] Level 1:colcon.colcon_core.package_identification:_identify(.) by extensions ['ignore', 'ignore_ament_install']
[0.082s] Level 1:colcon.colcon_core.package_identification:_identify(.) by extension 'ignore'
[0.082s] Level 1:colcon.colcon_core.package_identification:_identify(.) by extension 'ignore_ament_install'
[0.082s] Level 1:colcon.colcon_core.package_identification:_identify(.) by extensions ['colcon_pkg']
[0.082s] Level 1:colcon.colcon_core.package_identification:_identify(.) by extension 'colcon_pkg'
[0.082s] Level 1:colcon.colcon_core.package_identification:_identify(.) by extensions ['colcon_meta']
[0.082s] Level 1:colcon.colcon_core.package_identification:_identify(.) by extension 'colcon_meta'
[0.082s] Level 1:colcon.colcon_core.package_identification:_identify(.) by extensions ['ros']
[0.082s] Level 1:colcon.colcon_core.package_identification:_identify(.) by extension 'ros'
[0.097s] Level 1:colcon.colcon_core.package_identification:_identify(.) by extensions ['cmake', 'python']
[0.097s] Level 1:colcon.colcon_core.package_identification:_identify(.) by extension 'cmake'
[0.097s] Level 1:colcon.colcon_core.package_identification:_identify(.) by extension 'python'
[0.097s] Level 1:colcon.colcon_core.package_identification:_identify(.) by extensions ['python_setup_py']
[0.097s] Level 1:colcon.colcon_core.package_identification:_identify(.) by extension 'python_setup_py'
[0.097s] Level 1:colcon.colcon_core.package_identification:_identify(build) by extensions ['ignore', 'ignore_ament_install']
[0.097s] Level 1:colcon.colcon_core.package_identification:_identify(build) by extension 'ignore'
[0.097s] Level 1:colcon.colcon_core.package_identification:_identify(build) ignored
[0.097s] Level 1:colcon.colcon_core.package_identification:_identify(install) by extensions ['ignore', 'ignore_ament_install']
[0.097s] Level 1:colcon.colcon_core.package_identification:_identify(install) by extension 'ignore'
[0.097s] Level 1:colcon.colcon_core.package_identification:_identify(install) ignored
[0.097s] Level 1:colcon.colcon_core.package_identification:_identify(log) by extensions ['ignore', 'ignore_ament_install']
[0.097s] Level 1:colcon.colcon_core.package_identification:_identify(log) by extension 'ignore'
[0.097s] Level 1:colcon.colcon_core.package_identification:_identify(log) ignored
[0.097s] Level 1:colcon.colcon_core.package_identification:_identify(src) by extensions ['ignore', 'ignore_ament_install']
[0.097s] Level 1:colcon.colcon_core.package_identification:_identify(src) by extension 'ignore'
[0.097s] Level 1:colcon.colcon_core.package_identification:_identify(src) by extension 'ignore_ament_install'
[0.097s] Level 1:colcon.colcon_core.package_identification:_identify(src) by extensions ['colcon_pkg']
[0.097s] Level 1:colcon.colcon_core.package_identification:_identify(src) by extension 'colcon_pkg'
[0.097s] Level 1:colcon.colcon_core.package_identification:_identify(src) by extensions ['colcon_meta']
[0.097s] Level 1:colcon.colcon_core.package_identification:_identify(src) by extension 'colcon_meta'
[0.097s] Level 1:colcon.colcon_core.package_identification:_identify(src) by extensions ['ros']
[0.097s] Level 1:colcon.colcon_core.package_identification:_identify(src) by extension 'ros'
[0.097s] Level 1:colcon.colcon_core.package_identification:_identify(src) by extensions ['cmake', 'python']
[0.097s] Level 1:colcon.colcon_core.package_identification:_identify(src) by extension 'cmake'
[0.097s] Level 1:colcon.colcon_core.package_identification:_identify(src) by extension 'python'
[0.097s] Level 1:colcon.colcon_core.package_identification:_identify(src) by extensions ['python_setup_py']
[0.097s] Level 1:colcon.colcon_core.package_identification:_identify(src) by extension 'python_setup_py'
[0.097s] Level 1:colcon.colcon_core.package_identification:_identify(src/field_sim) by extensions ['ignore', 'ignore_ament_install']
[0.098s] Level 1:colcon.colcon_core.package_identification:_identify(src/field_sim) by extension 'ignore'
[0.098s] Level 1:colcon.colcon_core.package_identification:_identify(src/field_sim) by extension 'ignore_ament_install'
[0.098s] Level 1:colcon.colcon_core.package_identification:_identify(src/field_sim) by extensions ['colcon_pkg']
[0.098s] Level 1:colcon.colcon_core.package_identification:_identify(src/field_sim) by extension 'colcon_pkg'
[0.098s] Level 1:colcon.colcon_core.package_identification:_identify(src/field_sim) by extensions ['colcon_meta']
[0.098s] Level 1:colcon.colcon_core.package_identification:_identify(src/field_sim) by extension 'colcon_meta'
[0.098s] Level 1:colcon.colcon_core.package_identification:_identify(src/field_sim) by extensions ['ros']
[0.098s] Level 1:colcon.colcon_core.package_identification:_identify(src/field_sim) by extension 'ros'
[0.099s] DEBUG:colcon.colcon_core.package_identification:Package 'src/field_sim' with type 'ros.ament_cmake' and name 'field_sim'
[0.099s] Level 1:colcon.colcon_core.package_identification:_identify(src/simsetup) by extensions ['ignore', 'ignore_ament_install']
[0.099s] Level 1:colcon.colcon_core.package_identification:_identify(src/simsetup) by extension 'ignore'
[0.099s] Level 1:colcon.colcon_core.package_identification:_identify(src/simsetup) by extension 'ignore_ament_install'
[0.099s] Level 1:colcon.colcon_core.package_identification:_identify(src/simsetup) by extensions ['colcon_pkg']
[0.099s] Level 1:colcon.colcon_core.package_identification:_identify(src/simsetup) by extension 'colcon_pkg'
[0.099s] Level 1:colcon.colcon_core.package_identification:_identify(src/simsetup) by extensions ['colcon_meta']
[0.099s] Level 1:colcon.colcon_core.package_identification:_identify(src/simsetup) by extension 'colcon_meta'
[0.099s] Level 1:colcon.colcon_core.package_identification:_identify(src/simsetup) by extensions ['ros']
[0.099s] Level 1:colcon.colcon_core.package_identification:_identify(src/simsetup) by extension 'ros'
[0.100s] DEBUG:colcon.colcon_core.package_identification:Package 'src/simsetup' with type 'ros.ament_cmake' and name 'simsetup'
[0.100s] Level 1:colcon.colcon_core.package_discovery:discover_packages(recursive) using defaults
[0.100s] Level 1:colcon.colcon_core.package_discovery:discover_packages(ignore) discover
[0.100s] Level 1:colcon.colcon_core.package_discovery:discover_packages(ignore) using defaults
[0.100s] Level 1:colcon.colcon_core.package_discovery:discover_packages(path) discover
[0.100s] Level 1:colcon.colcon_core.package_discovery:discover_packages(path) using defaults
[0.110s] Level 1:colcon.colcon_core.package_discovery:discover_packages(prefix_path) check parameters
[0.110s] Level 1:colcon.colcon_core.package_discovery:discover_packages(prefix_path) discover
[0.111s] DEBUG:colcon.colcon_installed_package_information.package_discovery:Found 2 installed packages in /home/blazar/karin_ws/install
[0.112s] DEBUG:colcon.colcon_installed_package_information.package_discovery:Found 6 installed packages in /home/blazar/vrx_ws/install
[0.112s] DEBUG:colcon.colcon_installed_package_information.package_discovery:Found 4 installed packages in /home/blazar/workspace/rockytimes_ws/install
[0.113s] DEBUG:colcon.colcon_installed_package_information.package_discovery:Found 324 installed packages in /opt/ros/jazzy
[0.114s] Level 1:colcon.colcon_core.package_discovery:discover_packages(prefix_path) using defaults
[0.137s] Level 5:colcon.colcon_core.verb:set package 'field_sim' build argument 'cmake_args' from command line to 'None'
[0.137s] Level 5:colcon.colcon_core.verb:set package 'field_sim' build argument 'cmake_target' from command line to 'None'
[0.137s] Level 5:colcon.colcon_core.verb:set package 'field_sim' build argument 'cmake_target_skip_unavailable' from command line to 'False'
[0.137s] Level 5:colcon.colcon_core.verb:set package 'field_sim' build argument 'cmake_clean_cache' from command line to 'False'
[0.137s] Level 5:colcon.colcon_core.verb:set package 'field_sim' build argument 'cmake_clean_first' from command line to 'False'
[0.137s] Level 5:colcon.colcon_core.verb:set package 'field_sim' build argument 'cmake_force_configure' from command line to 'False'
[0.137s] Level 5:colcon.colcon_core.verb:set package 'field_sim' build argument 'ament_cmake_args' from command line to 'None'
[0.138s] Level 5:colcon.colcon_core.verb:set package 'field_sim' build argument 'catkin_cmake_args' from command line to 'None'
[0.138s] Level 5:colcon.colcon_core.verb:set package 'field_sim' build argument 'catkin_skip_building_tests' from command line to 'False'
[0.138s] DEBUG:colcon.colcon_core.verb:Building package 'field_sim' with the following arguments: {'ament_cmake_args': None, 'build_base': '/home/blazar/karin_ws/build/field_sim', 'catkin_cmake_args': None, 'catkin_skip_building_tests': False, 'cmake_args': None, 'cmake_clean_cache': False, 'cmake_clean_first': False, 'cmake_force_configure': False, 'cmake_target': None, 'cmake_target_skip_unavailable': False, 'install_base': '/home/blazar/karin_ws/install/field_sim', 'merge_install': False, 'path': '/home/blazar/karin_ws/src/field_sim', 'symlink_install': False, 'test_result_base': None}
[0.138s] Level 5:colcon.colcon_core.verb:set package 'simsetup' build argument 'cmake_args' from command line to 'None'
[0.138s] Level 5:colcon.colcon_core.verb:set package 'simsetup' build argument 'cmake_target' from command line to 'None'
[0.138s] Level 5:colcon.colcon_core.verb:set package 'simsetup' build argument 'cmake_target_skip_unavailable' from command line to 'False'
[0.138s] Level 5:colcon.colcon_core.verb:set package 'simsetup' build argument 'cmake_clean_cache' from command line to 'False'
[0.138s] Level 5:colcon.colcon_core.verb:set package 'simsetup' build argument 'cmake_clean_first' from command line to 'False'
[0.138s] Level 5:colcon.colcon_core.verb:set package 'simsetup' build argument 'cmake_force_configure' from command line to 'False'
[0.138s] Level 5:colcon.colcon_core.verb:set package 'simsetup' build argument 'ament_cmake_args' from command line to 'None'
[0.138s] Level 5:colcon.colcon_core.verb:set package 'simsetup' build argument 'catkin_cmake_args' from command line to 'None'
[0.138s] Level 5:colcon.colcon_core.verb:set package 'simsetup' build argument 'catkin_skip_building_tests' from command line to 'False'
[0.138s] DEBUG:colcon.colcon_core.verb:Building package 'simsetup' with the following arguments: {'ament_cmake_args': None, 'build_base': '/home/blazar/karin_ws/build/simsetup', 'catkin_cmake_args': None, 'catkin_skip_building_tests': False, 'cmake_args': None, 'cmake_clean_cache': False, 'cmake_clean_first': False, 'cmake_force_configure': False, 'cmake_target': None, 'cmake_target_skip_unavailable': False, 'install_base': '/home/blazar/karin_ws/install/simsetup', 'merge_install': False, 'path': '/home/blazar/karin_ws/src/simsetup', 'symlink_install': False, 'test_result_base': None}
[0.138s] INFO:colcon.colcon_core.executor:Executing jobs using 'parallel' executor
[0.138s] DEBUG:colcon.colcon_parallel_executor.executor.parallel:run_until_complete
[0.138s] INFO:colcon.colcon_ros.task.ament_cmake.build:Building ROS package in '/home/blazar/karin_ws/src/field_sim' with build type 'ament_cmake'
[0.138s] INFO:colcon.colcon_cmake.task.cmake.build:Building CMake package in '/home/blazar/karin_ws/src/field_sim'
[0.139s] INFO:colcon.colcon_core.plugin_system:Skipping extension 'colcon_core.shell.bat': Not used on non-Windows systems
[0.139s] INFO:colcon.colcon_core.shell:Skip shell extension 'powershell' for command environment: Not usable outside of PowerShell
[0.139s] DEBUG:colcon.colcon_core.shell:Skip shell extension 'dsv' for command environment
[0.142s] INFO:colcon.colcon_ros.task.ament_cmake.build:Building ROS package in '/home/blazar/karin_ws/src/simsetup' with build type 'ament_cmake'
[0.142s] INFO:colcon.colcon_cmake.task.cmake.build:Building CMake package in '/home/blazar/karin_ws/src/simsetup'
[0.142s] INFO:colcon.colcon_core.shell:Skip shell extension 'powershell' for command environment: Not usable outside of PowerShell
[0.142s] DEBUG:colcon.colcon_core.shell:Skip shell extension 'dsv' for command environment
[0.146s] DEBUG:colcon.colcon_core.event_handler.log_command:Invoking command in '/home/blazar/karin_ws/build/field_sim': CMAKE_PREFIX_PATH=/home/blazar/karin_ws/install/simsetup:/home/blazar/karin_ws/install/field_sim:/home/blazar/workspace/rockytimes_ws/install/localisation:/opt/ros/jazzy:/home/blazar/vrx_ws/install:/home/blazar/workspace/rockytimes_ws/install/mission:/home/blazar/workspace/rockytimes_ws/install/px4_ros_com:/home/blazar/workspace/rockytimes_ws/install/px4_msgs:/opt/ros/jazzy/opt/gz_sim_vendor:/opt/ros/jazzy/opt/gz_sensors_vendor:/opt/ros/jazzy/opt/gz_physics_vendor:/opt/ros/jazzy/opt/sdformat_vendor:/opt/ros/jazzy/opt/gz_gui_vendor:/opt/ros/jazzy/opt/gz_transport_vendor:/opt/ros/jazzy/opt/gz_rendering_vendor:/opt/ros/jazzy/opt/gz_plugin_vendor:/opt/ros/jazzy/opt/gz_fuel_tools_vendor:/opt/ros/jazzy/opt/gz_msgs_vendor:/opt/ros/jazzy/opt/gz_common_vendor:/opt/ros/jazzy/opt/gz_math_vendor:/opt/ros/jazzy/opt/gz_utils_vendor:/opt/ros/jazzy/opt/gz_tools_vendor:/opt/ros/jazzy/opt/gz_ogre_next_vendor:/opt/ros/jazzy/opt/gz_dartsim_vendor:/opt/ros/jazzy/opt/gz_cmake_vendor DEBUGINFOD_URLS=https://debuginfod.ubuntu.com /usr/bin/cmake --build /home/blazar/karin_ws/build/field_sim -- -j16 -l16
[0.148s] DEBUG:colcon.colcon_core.event_handler.log_command:Invoking command in '/home/blazar/karin_ws/build/simsetup': CMAKE_PREFIX_PATH=/home/blazar/karin_ws/install/simsetup:/home/blazar/karin_ws/install/field_sim:/home/blazar/workspace/rockytimes_ws/install/localisation:/opt/ros/jazzy:/home/blazar/vrx_ws/install:/home/blazar/workspace/rockytimes_ws/install/mission:/home/blazar/workspace/rockytimes_ws/install/px4_ros_com:/home/blazar/workspace/rockytimes_ws/install/px4_msgs:/opt/ros/jazzy/opt/gz_sim_vendor:/opt/ros/jazzy/opt/gz_sensors_vendor:/opt/ros/jazzy/opt/gz_physics_vendor:/opt/ros/jazzy/opt/sdformat_vendor:/opt/ros/jazzy/opt/gz_gui_vendor:/opt/ros/jazzy/opt/gz_transport_vendor:/opt/ros/jazzy/opt/gz_rendering_vendor:/opt/ros/jazzy/opt/gz_plugin_vendor:/opt/ros/jazzy/opt/gz_fuel_tools_vendor:/opt/ros/jazzy/opt/gz_msgs_vendor:/opt/ros/jazzy/opt/gz_common_vendor:/opt/ros/jazzy/opt/gz_math_vendor:/opt/ros/jazzy/opt/gz_utils_vendor:/opt/ros/jazzy/opt/gz_tools_vendor:/opt/ros/jazzy/opt/gz_ogre_next_vendor:/opt/ros/jazzy/opt/gz_dartsim_vendor:/opt/ros/jazzy/opt/gz_cmake_vendor DEBUGINFOD_URLS=https://debuginfod.ubuntu.com /usr/bin/cmake --build /home/blazar/karin_ws/build/simsetup -- -j16 -l16
[0.176s] DEBUG:colcon.colcon_core.event_handler.log_command:Invoked command in '/home/blazar/karin_ws/build/simsetup' returned '0': CMAKE_PREFIX_PATH=/home/blazar/karin_ws/install/simsetup:/home/blazar/karin_ws/install/field_sim:/home/blazar/workspace/rockytimes_ws/install/localisation:/opt/ros/jazzy:/home/blazar/vrx_ws/install:/home/blazar/workspace/rockytimes_ws/install/mission:/home/blazar/workspace/rockytimes_ws/install/px4_ros_com:/home/blazar/workspace/rockytimes_ws/install/px4_msgs:/opt/ros/jazzy/opt/gz_sim_vendor:/opt/ros/jazzy/opt/gz_sensors_vendor:/opt/ros/jazzy/opt/gz_physics_vendor:/opt/ros/jazzy/opt/sdformat_vendor:/opt/ros/jazzy/opt/gz_gui_vendor:/opt/ros/jazzy/opt/gz_transport_vendor:/opt/ros/jazzy/opt/gz_rendering_vendor:/opt/ros/jazzy/opt/gz_plugin_vendor:/opt/ros/jazzy/opt/gz_fuel_tools_vendor:/opt/ros/jazzy/opt/gz_msgs_vendor:/opt/ros/jazzy/opt/gz_common_vendor:/opt/ros/jazzy/opt/gz_math_vendor:/opt/ros/jazzy/opt/gz_utils_vendor:/opt/ros/jazzy/opt/gz_tools_vendor:/opt/ros/jazzy/opt/gz_ogre_next_vendor:/opt/ros/jazzy/opt/gz_dartsim_vendor:/opt/ros/jazzy/opt/gz_cmake_vendor DEBUGINFOD_URLS=https://debuginfod.ubuntu.com /usr/bin/cmake --build /home/blazar/karin_ws/build/simsetup -- -j16 -l16
[0.183s] DEBUG:colcon.colcon_core.event_handler.log_command:Invoking command in '/home/blazar/karin_ws/build/simsetup': CMAKE_PREFIX_PATH=/home/blazar/karin_ws/install/simsetup:/home/blazar/karin_ws/install/field_sim:/home/blazar/workspace/rockytimes_ws/install/localisation:/opt/ros/jazzy:/home/blazar/vrx_ws/install:/home/blazar/workspace/rockytimes_ws/install/mission:/home/blazar/workspace/rockytimes_ws/install/px4_ros_com:/home/blazar/workspace/rockytimes_ws/install/px4_msgs:/opt/ros/jazzy/opt/gz_sim_vendor:/opt/ros/jazzy/opt/gz_sensors_vendor:/opt/ros/jazzy/opt/gz_physics_vendor:/opt/ros/jazzy/opt/sdformat_vendor:/opt/ros/jazzy/opt/gz_gui_vendor:/opt/ros/jazzy/opt/gz_transport_vendor:/opt/ros/jazzy/opt/gz_rendering_vendor:/opt/ros/jazzy/opt/gz_plugin_vendor:/opt/ros/jazzy/opt/gz_fuel_tools_vendor:/opt/ros/jazzy/opt/gz_msgs_vendor:/opt/ros/jazzy/opt/gz_common_vendor:/opt/ros/jazzy/opt/gz_math_vendor:/opt/ros/jazzy/opt/gz_utils_vendor:/opt/ros/jazzy/opt/gz_tools_vendor:/opt/ros/jazzy/opt/gz_ogre_next_vendor:/opt/ros/jazzy/opt/gz_dartsim_vendor:/opt/ros/jazzy/opt/gz_cmake_vendor DEBUGINFOD_URLS=https://debuginfod.ubuntu.com /usr/bin/cmake --install /home/blazar/karin_ws/build/simsetup
[0.198s] Level 1:colcon.colcon_core.environment:create_environment_scripts_only(simsetup)
[0.198s] DEBUG:colcon.colcon_core.event_handler.log_command:Invoked command in '/home/blazar/karin_ws/build/simsetup' returned '0': CMAKE_PREFIX_PATH=/home/blazar/karin_ws/install/simsetup:/home/blazar/karin_ws/install/field_sim:/home/blazar/workspace/rockytimes_ws/install/localisation:/opt/ros/jazzy:/home/blazar/vrx_ws/install:/home/blazar/workspace/rockytimes_ws/install/mission:/home/blazar/workspace/rockytimes_ws/install/px4_ros_com:/home/blazar/workspace/rockytimes_ws/install/px4_msgs:/opt/ros/jazzy/opt/gz_sim_vendor:/opt/ros/jazzy/opt/gz_sensors_vendor:/opt/ros/jazzy/opt/gz_physics_vendor:/opt/ros/jazzy/opt/sdformat_vendor:/opt/ros/jazzy/opt/gz_gui_vendor:/opt/ros/jazzy/opt/gz_transport_vendor:/opt/ros/jazzy/opt/gz_rendering_vendor:/opt/ros/jazzy/opt/gz_plugin_vendor:/opt/ros/jazzy/opt/gz_fuel_tools_vendor:/opt/ros/jazzy/opt/gz_msgs_vendor:/opt/ros/jazzy/opt/gz_common_vendor:/opt/ros/jazzy/opt/gz_math_vendor:/opt/ros/jazzy/opt/gz_utils_vendor:/opt/ros/jazzy/opt/gz_tools_vendor:/opt/ros/jazzy/opt/gz_ogre_next_vendor:/opt/ros/jazzy/opt/gz_dartsim_vendor:/opt/ros/jazzy/opt/gz_cmake_vendor DEBUGINFOD_URLS=https://debuginfod.ubuntu.com /usr/bin/cmake --install /home/blazar/karin_ws/build/simsetup
[0.199s] Level 1:colcon.colcon_core.environment:checking '/home/blazar/karin_ws/install/simsetup' for CMake module files
[0.199s] Level 1:colcon.colcon_core.environment:checking '/home/blazar/karin_ws/install/simsetup' for CMake config files
[0.200s] Level 1:colcon.colcon_core.shell:create_environment_hook('simsetup', 'cmake_prefix_path')
[0.200s] INFO:colcon.colcon_core.shell:Creating environment hook '/home/blazar/karin_ws/install/simsetup/share/simsetup/hook/cmake_prefix_path.ps1'
[0.200s] INFO:colcon.colcon_core.shell:Creating environment descriptor '/home/blazar/karin_ws/install/simsetup/share/simsetup/hook/cmake_prefix_path.dsv'
[0.200s] INFO:colcon.colcon_core.shell:Creating environment hook '/home/blazar/karin_ws/install/simsetup/share/simsetup/hook/cmake_prefix_path.sh'
[0.201s] Level 1:colcon.colcon_core.environment:checking '/home/blazar/karin_ws/install/simsetup/lib'
[0.201s] Level 1:colcon.colcon_core.environment:checking '/home/blazar/karin_ws/install/simsetup/bin'
[0.201s] Level 1:colcon.colcon_core.environment:checking '/home/blazar/karin_ws/install/simsetup/lib/pkgconfig/simsetup.pc'
[0.201s] Level 1:colcon.colcon_core.environment:checking '/home/blazar/karin_ws/install/simsetup/lib/python3.12/site-packages'
[0.201s] Level 1:colcon.colcon_core.environment:checking '/home/blazar/karin_ws/install/simsetup/bin'
[0.201s] INFO:colcon.colcon_core.shell:Creating package script '/home/blazar/karin_ws/install/simsetup/share/simsetup/package.ps1'
[0.201s] INFO:colcon.colcon_core.shell:Creating package descriptor '/home/blazar/karin_ws/install/simsetup/share/simsetup/package.dsv'
[0.202s] INFO:colcon.colcon_core.shell:Creating package script '/home/blazar/karin_ws/install/simsetup/share/simsetup/package.sh'
[0.202s] INFO:colcon.colcon_core.shell:Creating package script '/home/blazar/karin_ws/install/simsetup/share/simsetup/package.bash'
[0.202s] INFO:colcon.colcon_core.shell:Creating package script '/home/blazar/karin_ws/install/simsetup/share/simsetup/package.zsh'
[0.203s] Level 1:colcon.colcon_core.environment:create_file_with_runtime_dependencies(/home/blazar/karin_ws/install/simsetup/share/colcon-core/packages/simsetup)
[0.203s] Level 1:colcon.colcon_core.environment:create_environment_scripts_only(simsetup)
[0.203s] Level 1:colcon.colcon_core.environment:checking '/home/blazar/karin_ws/install/simsetup' for CMake module files
[0.203s] Level 1:colcon.colcon_core.environment:checking '/home/blazar/karin_ws/install/simsetup' for CMake config files
[0.204s] Level 1:colcon.colcon_core.shell:create_environment_hook('simsetup', 'cmake_prefix_path')
[0.204s] INFO:colcon.colcon_core.shell:Creating environment hook '/home/blazar/karin_ws/install/simsetup/share/simsetup/hook/cmake_prefix_path.ps1'
[0.204s] INFO:colcon.colcon_core.shell:Creating environment descriptor '/home/blazar/karin_ws/install/simsetup/share/simsetup/hook/cmake_prefix_path.dsv'
[0.204s] INFO:colcon.colcon_core.shell:Creating environment hook '/home/blazar/karin_ws/install/simsetup/share/simsetup/hook/cmake_prefix_path.sh'
[0.204s] Level 1:colcon.colcon_core.environment:checking '/home/blazar/karin_ws/install/simsetup/lib'
[0.205s] Level 1:colcon.colcon_core.environment:checking '/home/blazar/karin_ws/install/simsetup/bin'
[0.205s] Level 1:colcon.colcon_core.environment:checking '/home/blazar/karin_ws/install/simsetup/lib/pkgconfig/simsetup.pc'
[0.205s] Level 1:colcon.colcon_core.environment:checking '/home/blazar/karin_ws/install/simsetup/lib/python3.12/site-packages'
[0.205s] Level 1:colcon.colcon_core.environment:checking '/home/blazar/karin_ws/install/simsetup/bin'
[0.205s] INFO:colcon.colcon_core.shell:Creating package script '/home/blazar/karin_ws/install/simsetup/share/simsetup/package.ps1'
[0.205s] INFO:colcon.colcon_core.shell:Creating package descriptor '/home/blazar/karin_ws/install/simsetup/share/simsetup/package.dsv'
[0.205s] INFO:colcon.colcon_core.shell:Creating package script '/home/blazar/karin_ws/install/simsetup/share/simsetup/package.sh'
[0.206s] INFO:colcon.colcon_core.shell:Creating package script '/home/blazar/karin_ws/install/simsetup/share/simsetup/package.bash'
[0.206s] INFO:colcon.colcon_core.shell:Creating package script '/home/blazar/karin_ws/install/simsetup/share/simsetup/package.zsh'
[0.206s] Level 1:colcon.colcon_core.environment:create_file_with_runtime_dependencies(/home/blazar/karin_ws/install/simsetup/share/colcon-core/packages/simsetup)
[1.238s] DEBUG:colcon.colcon_core.event_handler.log_command:Invoked command in '/home/blazar/karin_ws/build/field_sim' returned '0': CMAKE_PREFIX_PATH=/home/blazar/karin_ws/install/simsetup:/home/blazar/karin_ws/install/field_sim:/home/blazar/workspace/rockytimes_ws/install/localisation:/opt/ros/jazzy:/home/blazar/vrx_ws/install:/home/blazar/workspace/rockytimes_ws/install/mission:/home/blazar/workspace/rockytimes_ws/install/px4_ros_com:/home/blazar/workspace/rockytimes_ws/install/px4_msgs:/opt/ros/jazzy/opt/gz_sim_vendor:/opt/ros/jazzy/opt/gz_sensors_vendor:/opt/ros/jazzy/opt/gz_physics_vendor:/opt/ros/jazzy/opt/sdformat_vendor:/opt/ros/jazzy/opt/gz_gui_vendor:/opt/ros/jazzy/opt/gz_transport_vendor:/opt/ros/jazzy/opt/gz_rendering_vendor:/opt/ros/jazzy/opt/gz_plugin_vendor:/opt/ros/jazzy/opt/gz_fuel_tools_vendor:/opt/ros/jazzy/opt/gz_msgs_vendor:/opt/ros/jazzy/opt/gz_common_vendor:/opt/ros/jazzy/opt/gz_math_vendor:/opt/ros/jazzy/opt/gz_utils_vendor:/opt/ros/jazzy/opt/gz_tools_vendor:/opt/ros/jazzy/opt/gz_ogre_next_vendor:/opt/ros/jazzy/opt/gz_dartsim_vendor:/opt/ros/jazzy/opt/gz_cmake_vendor DEBUGINFOD_URLS=https://debuginfod.ubuntu.com /usr/bin/cmake --build /home/blazar/karin_ws/build/field_sim -- -j16 -l16
[1.239s] DEBUG:colcon.colcon_core.event_handler.log_command:Invoking command in '/home/blazar/karin_ws/build/field_sim': CMAKE_PREFIX_PATH=/home/blazar/karin_ws/install/simsetup:/home/blazar/karin_ws/install/field_sim:/home/blazar/workspace/rockytimes_ws/install/localisation:/opt/ros/jazzy:/home/blazar/vrx_ws/install:/home/blazar/workspace/rockytimes_ws/install/mission:/home/blazar/workspace/rockytimes_ws/install/px4_ros_com:/home/blazar/workspace/rockytimes_ws/install/px4_msgs:/opt/ros/jazzy/opt/gz_sim_vendor:/opt/ros/jazzy/opt/gz_sensors_vendor:/opt/ros/jazzy/opt/gz_physics_vendor:/opt/ros/jazzy/opt/sdformat_vendor:/opt/ros/jazzy/opt/gz_gui_vendor:/opt/ros/jazzy/opt/gz_transport_vendor:/opt/ros/jazzy/opt/gz_rendering_vendor:/opt/ros/jazzy/opt/gz_plugin_vendor:/opt/ros/jazzy/opt/gz_fuel_tools_vendor:/opt/ros/jazzy/opt/gz_msgs_vendor:/opt/ros/jazzy/opt/gz_common_vendor:/opt/ros/jazzy/opt/gz_math_vendor:/opt/ros/jazzy/opt/gz_utils_vendor:/opt/ros/jazzy/opt/gz_tools_vendor:/opt/ros/jazzy/opt/gz_ogre_next_vendor:/opt/ros/jazzy/opt/gz_dartsim_vendor:/opt/ros/jazzy/opt/gz_cmake_vendor DEBUGINFOD_URLS=https://debuginfod.ubuntu.com /usr/bin/cmake --install /home/blazar/karin_ws/build/field_sim
[1.279s] Level 1:colcon.colcon_core.environment:create_environment_scripts_only(field_sim)
[1.279s] Level 1:colcon.colcon_core.environment:checking '/home/blazar/karin_ws/install/field_sim' for CMake module files
[1.279s] DEBUG:colcon.colcon_core.event_handler.log_command:Invoked command in '/home/blazar/karin_ws/build/field_sim' returned '0': CMAKE_PREFIX_PATH=/home/blazar/karin_ws/install/simsetup:/home/blazar/karin_ws/install/field_sim:/home/blazar/workspace/rockytimes_ws/install/localisation:/opt/ros/jazzy:/home/blazar/vrx_ws/install:/home/blazar/workspace/rockytimes_ws/install/mission:/home/blazar/workspace/rockytimes_ws/install/px4_ros_com:/home/blazar/workspace/rockytimes_ws/install/px4_msgs:/opt/ros/jazzy/opt/gz_sim_vendor:/opt/ros/jazzy/opt/gz_sensors_vendor:/opt/ros/jazzy/opt/gz_physics_vendor:/opt/ros/jazzy/opt/sdformat_vendor:/opt/ros/jazzy/opt/gz_gui_vendor:/opt/ros/jazzy/opt/gz_transport_vendor:/opt/ros/jazzy/opt/gz_rendering_vendor:/opt/ros/jazzy/opt/gz_plugin_vendor:/opt/ros/jazzy/opt/gz_fuel_tools_vendor:/opt/ros/jazzy/opt/gz_msgs_vendor:/opt/ros/jazzy/opt/gz_common_vendor:/opt/ros/jazzy/opt/gz_math_vendor:/opt/ros/jazzy/opt/gz_utils_vendor:/opt/ros/jazzy/opt/gz_tools_vendor:/opt/ros/jazzy/opt/gz_ogre_next_vendor:/opt/ros/jazzy/opt/gz_dartsim_vendor:/opt/ros/jazzy/opt/gz_cmake_vendor DEBUGINFOD_URLS=https://debuginfod.ubuntu.com /usr/bin/cmake --install /home/blazar/karin_ws/build/field_sim
[1.280s] Level 1:colcon.colcon_core.environment:checking '/home/blazar/karin_ws/install/field_sim' for CMake config files
[1.280s] Level 1:colcon.colcon_core.shell:create_environment_hook('field_sim', 'cmake_prefix_path')
[1.280s] INFO:colcon.colcon_core.shell:Creating environment hook '/home/blazar/karin_ws/install/field_sim/share/field_sim/hook/cmake_prefix_path.ps1'
[1.280s] INFO:colcon.colcon_core.shell:Creating environment descriptor '/home/blazar/karin_ws/install/field_sim/share/field_sim/hook/cmake_prefix_path.dsv'
[1.281s] INFO:colcon.colcon_core.shell:Creating environment hook '/home/blazar/karin_ws/install/field_sim/share/field_sim/hook/cmake_prefix_path.sh'
[1.281s] Level 1:colcon.colcon_core.environment:checking '/home/blazar/karin_ws/install/field_sim/lib'
[1.281s] Level 1:colcon.colcon_core.shell:create_environment_hook('field_sim', 'ld_library_path_lib')
[1.281s] INFO:colcon.colcon_core.shell:Creating environment hook '/home/blazar/karin_ws/install/field_sim/share/field_sim/hook/ld_library_path_lib.ps1'
[1.282s] INFO:colcon.colcon_core.shell:Creating environment descriptor '/home/blazar/karin_ws/install/field_sim/share/field_sim/hook/ld_library_path_lib.dsv'
[1.282s] INFO:colcon.colcon_core.shell:Creating environment hook '/home/blazar/karin_ws/install/field_sim/share/field_sim/hook/ld_library_path_lib.sh'
[1.282s] Level 1:colcon.colcon_core.environment:checking '/home/blazar/karin_ws/install/field_sim/bin'
[1.282s] Level 1:colcon.colcon_core.environment:checking '/home/blazar/karin_ws/install/field_sim/lib/pkgconfig/field_sim.pc'
[1.282s] Level 1:colcon.colcon_core.environment:checking '/home/blazar/karin_ws/install/field_sim/lib/python3.12/site-packages'
[1.282s] Level 1:colcon.colcon_core.shell:create_environment_hook('field_sim', 'pythonpath')
[1.283s] INFO:colcon.colcon_core.shell:Creating environment hook '/home/blazar/karin_ws/install/field_sim/share/field_sim/hook/pythonpath.ps1'
[1.283s] INFO:colcon.colcon_core.shell:Creating environment descriptor '/home/blazar/karin_ws/install/field_sim/share/field_sim/hook/pythonpath.dsv'
[1.283s] INFO:colcon.colcon_core.shell:Creating environment hook '/home/blazar/karin_ws/install/field_sim/share/field_sim/hook/pythonpath.sh'
[1.283s] Level 1:colcon.colcon_core.environment:checking '/home/blazar/karin_ws/install/field_sim/bin'
[1.283s] INFO:colcon.colcon_core.shell:Creating package script '/home/blazar/karin_ws/install/field_sim/share/field_sim/package.ps1'
[1.284s] INFO:colcon.colcon_core.shell:Creating package descriptor '/home/blazar/karin_ws/install/field_sim/share/field_sim/package.dsv'
[1.284s] INFO:colcon.colcon_core.shell:Creating package script '/home/blazar/karin_ws/install/field_sim/share/field_sim/package.sh'
[1.284s] INFO:colcon.colcon_core.shell:Creating package script '/home/blazar/karin_ws/install/field_sim/share/field_sim/package.bash'
[1.284s] INFO:colcon.colcon_core.shell:Creating package script '/home/blazar/karin_ws/install/field_sim/share/field_sim/package.zsh'
[1.285s] Level 1:colcon.colcon_core.environment:create_file_with_runtime_dependencies(/home/blazar/karin_ws/install/field_sim/share/colcon-core/packages/field_sim)
[1.285s] Level 1:colcon.colcon_core.environment:create_environment_scripts_only(field_sim)
[1.285s] Level 1:colcon.colcon_core.environment:checking '/home/blazar/karin_ws/install/field_sim' for CMake module files
[1.285s] Level 1:colcon.colcon_core.environment:checking '/home/blazar/karin_ws/install/field_sim' for CMake config files
[1.286s] Level 1:colcon.colcon_core.shell:create_environment_hook('field_sim', 'cmake_prefix_path')
[1.286s] INFO:colcon.colcon_core.shell:Creating environment hook '/home/blazar/karin_ws/install/field_sim/share/field_sim/hook/cmake_prefix_path.ps1'
[1.286s] INFO:colcon.colcon_core.shell:Creating environment descriptor '/home/blazar/karin_ws/install/field_sim/share/field_sim/hook/cmake_prefix_path.dsv'
[1.286s] INFO:colcon.colcon_core.shell:Creating environment hook '/home/blazar/karin_ws/install/field_sim/share/field_sim/hook/cmake_prefix_path.sh'
[1.287s] Level 1:colcon.colcon_core.environment:checking '/home/blazar/karin_ws/install/field_sim/lib'
[1.287s] Level 1:colcon.colcon_core.shell:create_environment_hook('field_sim', 'ld_library_path_lib')
[1.287s] INFO:colcon.colcon_core.shell:Creating environment hook '/home/blazar/karin_ws/install/field_sim/share/field_sim/hook/ld_library_path_lib.ps1'
[1.287s] INFO:colcon.colcon_core.shell:Creating environment descriptor '/home/blazar/karin_ws/install/field_sim/share/field_sim/hook/ld_library_path_lib.dsv'
[1.287s] INFO:colcon.colcon_core.shell:Creating environment hook '/home/blazar/karin_ws/install/field_sim/share/field_sim/hook/ld_library_path_lib.sh'
[1.287s] Level 1:colcon.colcon_core.environment:checking '/home/blazar/karin_ws/install/field_sim/bin'
[1.288s] Level 1:colcon.colcon_core.environment:checking '/home/blazar/karin_ws/install/field_sim/lib/pkgconfig/field_sim.pc'
[1.288s] Level 1:colcon.colcon_core.environment:checking '/home/blazar/karin_ws/install/field_sim/lib/python3.12/site-packages'
[1.288s] Level 1:colcon.colcon_core.shell:create_environment_hook('field_sim', 'pythonpath')
[1.288s] INFO:colcon.colcon_core.shell:Creating environment hook '/home/blazar/karin_ws/install/field_sim/share/field_sim/hook/pythonpath.ps1'
[1.288s] INFO:colcon.colcon_core.shell:Creating environment descriptor '/home/blazar/karin_ws/install/field_sim/share/field_sim/hook/pythonpath.dsv'
[1.288s] INFO:colcon.colcon_core.shell:Creating environment hook '/home/blazar/karin_ws/install/field_sim/share/field_sim/hook/pythonpath.sh'
[1.288s] Level 1:colcon.colcon_core.environment:checking '/home/blazar/karin_ws/install/field_sim/bin'
[1.288s] INFO:colcon.colcon_core.shell:Creating package script '/home/blazar/karin_ws/install/field_sim/share/field_sim/package.ps1'
[1.289s] INFO:colcon.colcon_core.shell:Creating package descriptor '/home/blazar/karin_ws/install/field_sim/share/field_sim/package.dsv'
[1.289s] INFO:colcon.colcon_core.shell:Creating package script '/home/blazar/karin_ws/install/field_sim/share/field_sim/package.sh'
[1.290s] INFO:colcon.colcon_core.shell:Creating package script '/home/blazar/karin_ws/install/field_sim/share/field_sim/package.bash'
[1.290s] INFO:colcon.colcon_core.shell:Creating package script '/home/blazar/karin_ws/install/field_sim/share/field_sim/package.zsh'
[1.290s] Level 1:colcon.colcon_core.environment:create_file_with_runtime_dependencies(/home/blazar/karin_ws/install/field_sim/share/colcon-core/packages/field_sim)
[1.290s] DEBUG:colcon.colcon_parallel_executor.executor.parallel:closing loop
[1.291s] DEBUG:colcon.colcon_parallel_executor.executor.parallel:loop closed
[1.291s] DEBUG:colcon.colcon_parallel_executor.executor.parallel:run_until_complete finished with '0'
[1.291s] DEBUG:colcon.colcon_core.event_reactor:joining thread
[1.294s] INFO:colcon.colcon_core.plugin_system:Skipping extension 'colcon_notification.desktop_notification.terminal_notifier': Not used on non-Darwin systems
[1.294s] INFO:colcon.colcon_core.plugin_system:Skipping extension 'colcon_notification.desktop_notification.win32': Not used on non-Windows systems
[1.294s] INFO:colcon.colcon_notification.desktop_notification:Sending desktop notification using 'notify2'
[1.305s] DEBUG:colcon.colcon_core.event_reactor:joined thread
[1.305s] INFO:colcon.colcon_core.shell:Creating prefix script '/home/blazar/karin_ws/install/local_setup.ps1'
[1.305s] INFO:colcon.colcon_core.shell:Creating prefix util module '/home/blazar/karin_ws/install/_local_setup_util_ps1.py'
[1.306s] INFO:colcon.colcon_core.shell:Creating prefix chain script '/home/blazar/karin_ws/install/setup.ps1'
[1.307s] INFO:colcon.colcon_core.shell:Creating prefix script '/home/blazar/karin_ws/install/local_setup.sh'
[1.307s] INFO:colcon.colcon_core.shell:Creating prefix util module '/home/blazar/karin_ws/install/_local_setup_util_sh.py'
[1.307s] INFO:colcon.colcon_core.shell:Creating prefix chain script '/home/blazar/karin_ws/install/setup.sh'
[1.308s] INFO:colcon.colcon_core.shell:Creating prefix script '/home/blazar/karin_ws/install/local_setup.bash'
[1.308s] INFO:colcon.colcon_core.shell:Creating prefix chain script '/home/blazar/karin_ws/install/setup.bash'
[1.309s] INFO:colcon.colcon_core.shell:Creating prefix script '/home/blazar/karin_ws/install/local_setup.zsh'
[1.309s] INFO:colcon.colcon_core.shell:Creating prefix chain script '/home/blazar/karin_ws/install/setup.zsh'
