-- Install configuration: ""
-- Installing: /home/blazar/karin_ws/install/field_sim/lib/field_sim/ground_truth_field_node.py
-- Up-to-date: /home/blazar/karin_ws/install/field_sim/lib/field_sim/field_sampler_node.py
-- Up-to-date: /home/blazar/karin_ws/install/field_sim/share/field_sim//launch
-- Up-to-date: /home/blazar/karin_ws/install/field_sim/share/field_sim//launch/field_validation.launch.py
-- Up-to-date: /home/blazar/karin_ws/install/field_sim/share/field_sim//config
-- Installing: /home/blazar/karin_ws/install/field_sim/share/field_sim//config/generated_field_params.yaml
-- Up-to-date: /home/blazar/karin_ws/install/field_sim/share/field_sim//config/field_params.yaml
-- Up-to-date: /home/blazar/karin_ws/install/field_sim/share/field_sim//rviz
-- Up-to-date: /home/blazar/karin_ws/install/field_sim/share/ament_index/resource_index/package_run_dependencies/field_sim
-- Up-to-date: /home/blazar/karin_ws/install/field_sim/share/ament_index/resource_index/parent_prefix_path/field_sim
-- Up-to-date: /home/blazar/karin_ws/install/field_sim/share/field_sim/environment/ament_prefix_path.sh
-- Up-to-date: /home/blazar/karin_ws/install/field_sim/share/field_sim/environment/ament_prefix_path.dsv
-- Up-to-date: /home/blazar/karin_ws/install/field_sim/share/field_sim/environment/path.sh
-- Up-to-date: /home/blazar/karin_ws/install/field_sim/share/field_sim/environment/path.dsv
-- Up-to-date: /home/blazar/karin_ws/install/field_sim/share/field_sim/local_setup.bash
-- Up-to-date: /home/blazar/karin_ws/install/field_sim/share/field_sim/local_setup.sh
-- Up-to-date: /home/blazar/karin_ws/install/field_sim/share/field_sim/local_setup.zsh
-- Up-to-date: /home/blazar/karin_ws/install/field_sim/share/field_sim/local_setup.dsv
-- Up-to-date: /home/blazar/karin_ws/install/field_sim/share/field_sim/package.dsv
-- Up-to-date: /home/blazar/karin_ws/install/field_sim/share/ament_index/resource_index/packages/field_sim
-- Up-to-date: /home/blazar/karin_ws/install/field_sim/share/field_sim/cmake/field_simConfig.cmake
-- Up-to-date: /home/blazar/karin_ws/install/field_sim/share/field_sim/cmake/field_simConfig-version.cmake
-- Up-to-date: /home/blazar/karin_ws/install/field_sim/share/field_sim/package.xml
