[0.008s] Invoking command in '/home/blazar/karin_ws/build/field_sim': CMAKE_PREFIX_PATH=/home/blazar/karin_ws/install/simsetup:/home/blazar/karin_ws/install/field_sim:/home/blazar/workspace/rockytimes_ws/install/localisation:/opt/ros/jazzy:/home/blazar/vrx_ws/install:/home/blazar/workspace/rockytimes_ws/install/mission:/home/blazar/workspace/rockytimes_ws/install/px4_ros_com:/home/blazar/workspace/rockytimes_ws/install/px4_msgs:/opt/ros/jazzy/opt/gz_sim_vendor:/opt/ros/jazzy/opt/gz_sensors_vendor:/opt/ros/jazzy/opt/gz_physics_vendor:/opt/ros/jazzy/opt/sdformat_vendor:/opt/ros/jazzy/opt/gz_gui_vendor:/opt/ros/jazzy/opt/gz_transport_vendor:/opt/ros/jazzy/opt/gz_rendering_vendor:/opt/ros/jazzy/opt/gz_plugin_vendor:/opt/ros/jazzy/opt/gz_fuel_tools_vendor:/opt/ros/jazzy/opt/gz_msgs_vendor:/opt/ros/jazzy/opt/gz_common_vendor:/opt/ros/jazzy/opt/gz_math_vendor:/opt/ros/jazzy/opt/gz_utils_vendor:/opt/ros/jazzy/opt/gz_tools_vendor:/opt/ros/jazzy/opt/gz_ogre_next_vendor:/opt/ros/jazzy/opt/gz_dartsim_vendor:/opt/ros/jazzy/opt/gz_cmake_vendor DEBUGINFOD_URLS=https://debuginfod.ubuntu.com /usr/bin/cmake --build /home/blazar/karin_ws/build/field_sim -- -j16 -l16
[0.039s] Invoked command in '/home/blazar/karin_ws/build/field_sim' returned '0': CMAKE_PREFIX_PATH=/home/blazar/karin_ws/install/simsetup:/home/blazar/karin_ws/install/field_sim:/home/blazar/workspace/rockytimes_ws/install/localisation:/opt/ros/jazzy:/home/blazar/vrx_ws/install:/home/blazar/workspace/rockytimes_ws/install/mission:/home/blazar/workspace/rockytimes_ws/install/px4_ros_com:/home/blazar/workspace/rockytimes_ws/install/px4_msgs:/opt/ros/jazzy/opt/gz_sim_vendor:/opt/ros/jazzy/opt/gz_sensors_vendor:/opt/ros/jazzy/opt/gz_physics_vendor:/opt/ros/jazzy/opt/sdformat_vendor:/opt/ros/jazzy/opt/gz_gui_vendor:/opt/ros/jazzy/opt/gz_transport_vendor:/opt/ros/jazzy/opt/gz_rendering_vendor:/opt/ros/jazzy/opt/gz_plugin_vendor:/opt/ros/jazzy/opt/gz_fuel_tools_vendor:/opt/ros/jazzy/opt/gz_msgs_vendor:/opt/ros/jazzy/opt/gz_common_vendor:/opt/ros/jazzy/opt/gz_math_vendor:/opt/ros/jazzy/opt/gz_utils_vendor:/opt/ros/jazzy/opt/gz_tools_vendor:/opt/ros/jazzy/opt/gz_ogre_next_vendor:/opt/ros/jazzy/opt/gz_dartsim_vendor:/opt/ros/jazzy/opt/gz_cmake_vendor DEBUGINFOD_URLS=https://debuginfod.ubuntu.com /usr/bin/cmake --build /home/blazar/karin_ws/build/field_sim -- -j16 -l16
[0.045s] Invoking command in '/home/blazar/karin_ws/build/field_sim': CMAKE_PREFIX_PATH=/home/blazar/karin_ws/install/simsetup:/home/blazar/karin_ws/install/field_sim:/home/blazar/workspace/rockytimes_ws/install/localisation:/opt/ros/jazzy:/home/blazar/vrx_ws/install:/home/blazar/workspace/rockytimes_ws/install/mission:/home/blazar/workspace/rockytimes_ws/install/px4_ros_com:/home/blazar/workspace/rockytimes_ws/install/px4_msgs:/opt/ros/jazzy/opt/gz_sim_vendor:/opt/ros/jazzy/opt/gz_sensors_vendor:/opt/ros/jazzy/opt/gz_physics_vendor:/opt/ros/jazzy/opt/sdformat_vendor:/opt/ros/jazzy/opt/gz_gui_vendor:/opt/ros/jazzy/opt/gz_transport_vendor:/opt/ros/jazzy/opt/gz_rendering_vendor:/opt/ros/jazzy/opt/gz_plugin_vendor:/opt/ros/jazzy/opt/gz_fuel_tools_vendor:/opt/ros/jazzy/opt/gz_msgs_vendor:/opt/ros/jazzy/opt/gz_common_vendor:/opt/ros/jazzy/opt/gz_math_vendor:/opt/ros/jazzy/opt/gz_utils_vendor:/opt/ros/jazzy/opt/gz_tools_vendor:/opt/ros/jazzy/opt/gz_ogre_next_vendor:/opt/ros/jazzy/opt/gz_dartsim_vendor:/opt/ros/jazzy/opt/gz_cmake_vendor DEBUGINFOD_URLS=https://debuginfod.ubuntu.com /usr/bin/cmake --install /home/blazar/karin_ws/build/field_sim
[0.051s] -- Install configuration: ""
[0.051s] -- Installing: /home/blazar/karin_ws/install/field_sim/lib/field_sim/ground_truth_field_node.py
[0.051s] -- Up-to-date: /home/blazar/karin_ws/install/field_sim/lib/field_sim/field_sampler_node.py
[0.051s] -- Up-to-date: /home/blazar/karin_ws/install/field_sim/share/field_sim//launch
[0.051s] -- Up-to-date: /home/blazar/karin_ws/install/field_sim/share/field_sim//launch/field_validation.launch.py
[0.051s] -- Up-to-date: /home/blazar/karin_ws/install/field_sim/share/field_sim//config
[0.051s] -- Installing: /home/blazar/karin_ws/install/field_sim/share/field_sim//config/generated_field_params.yaml
[0.051s] -- Up-to-date: /home/blazar/karin_ws/install/field_sim/share/field_sim//config/field_params.yaml
[0.051s] -- Up-to-date: /home/blazar/karin_ws/install/field_sim/share/field_sim//rviz
[0.051s] -- Up-to-date: /home/blazar/karin_ws/install/field_sim/share/ament_index/resource_index/package_run_dependencies/field_sim
[0.052s] -- Up-to-date: /home/blazar/karin_ws/install/field_sim/share/ament_index/resource_index/parent_prefix_path/field_sim
[0.052s] -- Up-to-date: /home/blazar/karin_ws/install/field_sim/share/field_sim/environment/ament_prefix_path.sh
[0.052s] -- Up-to-date: /home/blazar/karin_ws/install/field_sim/share/field_sim/environment/ament_prefix_path.dsv
[0.052s] -- Up-to-date: /home/blazar/karin_ws/install/field_sim/share/field_sim/environment/path.sh
[0.052s] -- Up-to-date: /home/blazar/karin_ws/install/field_sim/share/field_sim/environment/path.dsv
[0.052s] -- Up-to-date: /home/blazar/karin_ws/install/field_sim/share/field_sim/local_setup.bash
[0.052s] -- Up-to-date: /home/blazar/karin_ws/install/field_sim/share/field_sim/local_setup.sh
[0.052s] -- Up-to-date: /home/blazar/karin_ws/install/field_sim/share/field_sim/local_setup.zsh
[0.052s] -- Up-to-date: /home/blazar/karin_ws/install/field_sim/share/field_sim/local_setup.dsv
[0.052s] -- Up-to-date: /home/blazar/karin_ws/install/field_sim/share/field_sim/package.dsv
[0.052s] -- Up-to-date: /home/blazar/karin_ws/install/field_sim/share/ament_index/resource_index/packages/field_sim
[0.052s] -- Up-to-date: /home/blazar/karin_ws/install/field_sim/share/field_sim/cmake/field_simConfig.cmake
[0.052s] -- Up-to-date: /home/blazar/karin_ws/install/field_sim/share/field_sim/cmake/field_simConfig-version.cmake
[0.052s] -- Up-to-date: /home/blazar/karin_ws/install/field_sim/share/field_sim/package.xml
[0.054s] Invoked command in '/home/blazar/karin_ws/build/field_sim' returned '0': CMAKE_PREFIX_PATH=/home/blazar/karin_ws/install/simsetup:/home/blazar/karin_ws/install/field_sim:/home/blazar/workspace/rockytimes_ws/install/localisation:/opt/ros/jazzy:/home/blazar/vrx_ws/install:/home/blazar/workspace/rockytimes_ws/install/mission:/home/blazar/workspace/rockytimes_ws/install/px4_ros_com:/home/blazar/workspace/rockytimes_ws/install/px4_msgs:/opt/ros/jazzy/opt/gz_sim_vendor:/opt/ros/jazzy/opt/gz_sensors_vendor:/opt/ros/jazzy/opt/gz_physics_vendor:/opt/ros/jazzy/opt/sdformat_vendor:/opt/ros/jazzy/opt/gz_gui_vendor:/opt/ros/jazzy/opt/gz_transport_vendor:/opt/ros/jazzy/opt/gz_rendering_vendor:/opt/ros/jazzy/opt/gz_plugin_vendor:/opt/ros/jazzy/opt/gz_fuel_tools_vendor:/opt/ros/jazzy/opt/gz_msgs_vendor:/opt/ros/jazzy/opt/gz_common_vendor:/opt/ros/jazzy/opt/gz_math_vendor:/opt/ros/jazzy/opt/gz_utils_vendor:/opt/ros/jazzy/opt/gz_tools_vendor:/opt/ros/jazzy/opt/gz_ogre_next_vendor:/opt/ros/jazzy/opt/gz_dartsim_vendor:/opt/ros/jazzy/opt/gz_cmake_vendor DEBUGINFOD_URLS=https://debuginfod.ubuntu.com /usr/bin/cmake --install /home/blazar/karin_ws/build/field_sim
