[  2%] Built target field_sim__rosidl_generator_type_description
[  2%] Built target ament_cmake_python_copy_field_sim
[  5%] Built target field_sim__cpp
[ 20%] Built target field_sim__rosidl_generator_c
[ 29%] Built target field_sim__rosidl_typesupport_c
[ 38%] Built target field_sim__rosidl_typesupport_introspection_c
[ 47%] Built target field_sim__rosidl_typesupport_fastrtps_cpp
[ 64%] Built target field_sim__rosidl_typesupport_cpp
[ 64%] Built target field_sim__rosidl_typesupport_fastrtps_c
[ 73%] Built target field_sim__rosidl_typesupport_introspection_cpp
[ 73%] Built target field_sim
[ 76%] Built target field_sim__py
[ 82%] Built target field_sim__rosidl_generator_py
[ 88%] Built target field_sim_s__rosidl_typesupport_fastrtps_c
[ 94%] Built target field_sim_s__rosidl_typesupport_c
[100%] Built target field_sim_s__rosidl_typesupport_introspection_c
running egg_info
writing field_sim.egg-info/PKG-INFO
writing dependency_links to field_sim.egg-info/dependency_links.txt
writing top-level names to field_sim.egg-info/top_level.txt
reading manifest file 'field_sim.egg-info/SOURCES.txt'
writing manifest file 'field_sim.egg-info/SOURCES.txt'
[100%] Built target ament_cmake_python_build_field_sim_egg
-- Install configuration: ""
-- Up-to-date: /home/blazar/karin_ws/install/field_sim/share/ament_index/resource_index/rosidl_interfaces/field_sim
-- Up-to-date: /home/blazar/karin_ws/install/field_sim/share/field_sim/srv/SampleField.json
-- Up-to-date: /home/blazar/karin_ws/install/field_sim/include/field_sim/field_sim
-- Up-to-date: /home/blazar/karin_ws/install/field_sim/include/field_sim/field_sim/msg
-- Up-to-date: /home/blazar/karin_ws/install/field_sim/include/field_sim/field_sim/msg/rosidl_generator_c__visibility_control.h
-- Up-to-date: /home/blazar/karin_ws/install/field_sim/include/field_sim/field_sim/srv
-- Up-to-date: /home/blazar/karin_ws/install/field_sim/include/field_sim/field_sim/srv/detail
-- Up-to-date: /home/blazar/karin_ws/install/field_sim/include/field_sim/field_sim/srv/detail/sample_field__struct.h
-- Up-to-date: /home/blazar/karin_ws/install/field_sim/include/field_sim/field_sim/srv/detail/sample_field__type_support.c
-- Up-to-date: /home/blazar/karin_ws/install/field_sim/include/field_sim/field_sim/srv/detail/sample_field__description.c
-- Up-to-date: /home/blazar/karin_ws/install/field_sim/include/field_sim/field_sim/srv/detail/sample_field__type_support.h
-- Up-to-date: /home/blazar/karin_ws/install/field_sim/include/field_sim/field_sim/srv/detail/sample_field__functions.h
-- Up-to-date: /home/blazar/karin_ws/install/field_sim/include/field_sim/field_sim/srv/detail/sample_field__functions.c
-- Up-to-date: /home/blazar/karin_ws/install/field_sim/include/field_sim/field_sim/srv/sample_field.h
-- Up-to-date: /home/blazar/karin_ws/install/field_sim/share/field_sim/environment/library_path.sh
-- Up-to-date: /home/blazar/karin_ws/install/field_sim/share/field_sim/environment/library_path.dsv
-- Up-to-date: /home/blazar/karin_ws/install/field_sim/lib/libfield_sim__rosidl_generator_c.so
-- Up-to-date: /home/blazar/karin_ws/install/field_sim/include/field_sim/field_sim
-- Up-to-date: /home/blazar/karin_ws/install/field_sim/include/field_sim/field_sim/msg
-- Up-to-date: /home/blazar/karin_ws/install/field_sim/include/field_sim/field_sim/msg/rosidl_typesupport_fastrtps_c__visibility_control.h
-- Up-to-date: /home/blazar/karin_ws/install/field_sim/include/field_sim/field_sim/srv
-- Up-to-date: /home/blazar/karin_ws/install/field_sim/include/field_sim/field_sim/srv/detail
-- Up-to-date: /home/blazar/karin_ws/install/field_sim/include/field_sim/field_sim/srv/detail/sample_field__rosidl_typesupport_fastrtps_c.h
-- Up-to-date: /home/blazar/karin_ws/install/field_sim/lib/libfield_sim__rosidl_typesupport_fastrtps_c.so
-- Up-to-date: /home/blazar/karin_ws/install/field_sim/include/field_sim/field_sim
-- Up-to-date: /home/blazar/karin_ws/install/field_sim/include/field_sim/field_sim/msg
-- Up-to-date: /home/blazar/karin_ws/install/field_sim/include/field_sim/field_sim/msg/rosidl_generator_cpp__visibility_control.hpp
-- Up-to-date: /home/blazar/karin_ws/install/field_sim/include/field_sim/field_sim/srv
-- Up-to-date: /home/blazar/karin_ws/install/field_sim/include/field_sim/field_sim/srv/detail
-- Up-to-date: /home/blazar/karin_ws/install/field_sim/include/field_sim/field_sim/srv/detail/sample_field__traits.hpp
-- Up-to-date: /home/blazar/karin_ws/install/field_sim/include/field_sim/field_sim/srv/detail/sample_field__struct.hpp
-- Up-to-date: /home/blazar/karin_ws/install/field_sim/include/field_sim/field_sim/srv/detail/sample_field__type_support.hpp
-- Up-to-date: /home/blazar/karin_ws/install/field_sim/include/field_sim/field_sim/srv/detail/sample_field__builder.hpp
-- Up-to-date: /home/blazar/karin_ws/install/field_sim/include/field_sim/field_sim/srv/sample_field.hpp
-- Up-to-date: /home/blazar/karin_ws/install/field_sim/include/field_sim/field_sim
-- Up-to-date: /home/blazar/karin_ws/install/field_sim/include/field_sim/field_sim/msg
-- Up-to-date: /home/blazar/karin_ws/install/field_sim/include/field_sim/field_sim/msg/rosidl_typesupport_fastrtps_cpp__visibility_control.h
-- Up-to-date: /home/blazar/karin_ws/install/field_sim/include/field_sim/field_sim/srv
-- Up-to-date: /home/blazar/karin_ws/install/field_sim/include/field_sim/field_sim/srv/detail
-- Up-to-date: /home/blazar/karin_ws/install/field_sim/include/field_sim/field_sim/srv/detail/dds_fastrtps
-- Up-to-date: /home/blazar/karin_ws/install/field_sim/include/field_sim/field_sim/srv/detail/sample_field__rosidl_typesupport_fastrtps_cpp.hpp
-- Up-to-date: /home/blazar/karin_ws/install/field_sim/lib/libfield_sim__rosidl_typesupport_fastrtps_cpp.so
-- Up-to-date: /home/blazar/karin_ws/install/field_sim/include/field_sim/field_sim
-- Up-to-date: /home/blazar/karin_ws/install/field_sim/include/field_sim/field_sim/msg
-- Up-to-date: /home/blazar/karin_ws/install/field_sim/include/field_sim/field_sim/msg/rosidl_typesupport_introspection_c__visibility_control.h
-- Up-to-date: /home/blazar/karin_ws/install/field_sim/include/field_sim/field_sim/srv
-- Up-to-date: /home/blazar/karin_ws/install/field_sim/include/field_sim/field_sim/srv/detail
-- Up-to-date: /home/blazar/karin_ws/install/field_sim/include/field_sim/field_sim/srv/detail/sample_field__type_support.c
-- Up-to-date: /home/blazar/karin_ws/install/field_sim/include/field_sim/field_sim/srv/detail/sample_field__rosidl_typesupport_introspection_c.h
-- Up-to-date: /home/blazar/karin_ws/install/field_sim/lib/libfield_sim__rosidl_typesupport_introspection_c.so
-- Up-to-date: /home/blazar/karin_ws/install/field_sim/lib/libfield_sim__rosidl_typesupport_c.so
-- Up-to-date: /home/blazar/karin_ws/install/field_sim/include/field_sim/field_sim
-- Up-to-date: /home/blazar/karin_ws/install/field_sim/include/field_sim/field_sim/srv
-- Up-to-date: /home/blazar/karin_ws/install/field_sim/include/field_sim/field_sim/srv/detail
-- Up-to-date: /home/blazar/karin_ws/install/field_sim/include/field_sim/field_sim/srv/detail/sample_field__rosidl_typesupport_introspection_cpp.hpp
-- Up-to-date: /home/blazar/karin_ws/install/field_sim/include/field_sim/field_sim/srv/detail/sample_field__type_support.cpp
-- Up-to-date: /home/blazar/karin_ws/install/field_sim/lib/libfield_sim__rosidl_typesupport_introspection_cpp.so
-- Up-to-date: /home/blazar/karin_ws/install/field_sim/lib/libfield_sim__rosidl_typesupport_cpp.so
-- Up-to-date: /home/blazar/karin_ws/install/field_sim/share/field_sim/environment/pythonpath.sh
-- Up-to-date: /home/blazar/karin_ws/install/field_sim/share/field_sim/environment/pythonpath.dsv
-- Up-to-date: /home/blazar/karin_ws/install/field_sim/lib/python3.12/site-packages/field_sim-0.0.0-py3.12.egg-info
-- Installing: /home/blazar/karin_ws/install/field_sim/lib/python3.12/site-packages/field_sim-0.0.0-py3.12.egg-info/SOURCES.txt
-- Installing: /home/blazar/karin_ws/install/field_sim/lib/python3.12/site-packages/field_sim-0.0.0-py3.12.egg-info/dependency_links.txt
-- Installing: /home/blazar/karin_ws/install/field_sim/lib/python3.12/site-packages/field_sim-0.0.0-py3.12.egg-info/top_level.txt
-- Installing: /home/blazar/karin_ws/install/field_sim/lib/python3.12/site-packages/field_sim-0.0.0-py3.12.egg-info/PKG-INFO
-- Up-to-date: /home/blazar/karin_ws/install/field_sim/lib/python3.12/site-packages/field_sim
-- Up-to-date: /home/blazar/karin_ws/install/field_sim/lib/python3.12/site-packages/field_sim/srv
-- Up-to-date: /home/blazar/karin_ws/install/field_sim/lib/python3.12/site-packages/field_sim/srv/_sample_field.py
-- Up-to-date: /home/blazar/karin_ws/install/field_sim/lib/python3.12/site-packages/field_sim/srv/_sample_field_s.c
-- Up-to-date: /home/blazar/karin_ws/install/field_sim/lib/python3.12/site-packages/field_sim/srv/__init__.py
-- Up-to-date: /home/blazar/karin_ws/install/field_sim/lib/python3.12/site-packages/field_sim/field_sim_s__rosidl_typesupport_fastrtps_c.so
-- Up-to-date: /home/blazar/karin_ws/install/field_sim/lib/python3.12/site-packages/field_sim/field_sim_s__rosidl_typesupport_c.so
-- Up-to-date: /home/blazar/karin_ws/install/field_sim/lib/python3.12/site-packages/field_sim/_field_sim_s.ep.rosidl_typesupport_c.c
-- Up-to-date: /home/blazar/karin_ws/install/field_sim/lib/python3.12/site-packages/field_sim/_field_sim_s.ep.rosidl_typesupport_introspection_c.c
-- Up-to-date: /home/blazar/karin_ws/install/field_sim/lib/python3.12/site-packages/field_sim/field_sim_s__rosidl_typesupport_introspection_c.so
-- Up-to-date: /home/blazar/karin_ws/install/field_sim/lib/python3.12/site-packages/field_sim/__init__.py
-- Up-to-date: /home/blazar/karin_ws/install/field_sim/lib/python3.12/site-packages/field_sim/_field_sim_s.ep.rosidl_typesupport_fastrtps_c.c
Listing '/home/blazar/karin_ws/install/field_sim/lib/python3.12/site-packages/field_sim'...
Listing '/home/blazar/karin_ws/install/field_sim/lib/python3.12/site-packages/field_sim/srv'...
-- Up-to-date: /home/blazar/karin_ws/install/field_sim/lib/python3.12/site-packages/field_sim/field_sim_s__rosidl_typesupport_fastrtps_c.so
-- Up-to-date: /home/blazar/karin_ws/install/field_sim/lib/python3.12/site-packages/field_sim/field_sim_s__rosidl_typesupport_introspection_c.so
-- Up-to-date: /home/blazar/karin_ws/install/field_sim/lib/python3.12/site-packages/field_sim/field_sim_s__rosidl_typesupport_c.so
-- Up-to-date: /home/blazar/karin_ws/install/field_sim/lib/libfield_sim__rosidl_generator_py.so
-- Up-to-date: /home/blazar/karin_ws/install/field_sim/share/field_sim/srv/SampleField.idl
-- Up-to-date: /home/blazar/karin_ws/install/field_sim/share/field_sim/srv/SampleField.srv
-- Up-to-date: /home/blazar/karin_ws/install/field_sim/lib/field_sim/ground_truth_field_node.py
-- Up-to-date: /home/blazar/karin_ws/install/field_sim/lib/field_sim/field_sampler_node.py
-- Up-to-date: /home/blazar/karin_ws/install/field_sim/lib/field_sim/gp_reconstructor_node.py
-- Up-to-date: /home/blazar/karin_ws/install/field_sim/lib/field_sim/boat_tf_publisher.py
-- Up-to-date: /home/blazar/karin_ws/install/field_sim/lib/field_sim/test_geotagging.py
-- Up-to-date: /home/blazar/karin_ws/install/field_sim/lib/field_sim/mission_test.py
-- Up-to-date: /home/blazar/karin_ws/install/field_sim/share/field_sim//launch
-- Up-to-date: /home/blazar/karin_ws/install/field_sim/share/field_sim//launch/field_validation.launch.py
-- Up-to-date: /home/blazar/karin_ws/install/field_sim/share/field_sim//config
-- Up-to-date: /home/blazar/karin_ws/install/field_sim/share/field_sim//config/generated_field_params.yaml
-- Up-to-date: /home/blazar/karin_ws/install/field_sim/share/field_sim//config/field_params.yaml
-- Up-to-date: /home/blazar/karin_ws/install/field_sim/share/field_sim//rviz
-- Up-to-date: /home/blazar/karin_ws/install/field_sim/share/field_sim//rviz/field_view.rviz
-- Up-to-date: /home/blazar/karin_ws/install/field_sim/share/field_sim//scripts
-- Up-to-date: /home/blazar/karin_ws/install/field_sim/share/field_sim//scripts/boat_tf_publisher.py
-- Up-to-date: /home/blazar/karin_ws/install/field_sim/share/field_sim//scripts/test_geotagging.py
-- Up-to-date: /home/blazar/karin_ws/install/field_sim/share/field_sim//scripts/mission_test.py
-- Up-to-date: /home/blazar/karin_ws/install/field_sim/share/field_sim//scripts/field_sampler_node.py
-- Up-to-date: /home/blazar/karin_ws/install/field_sim/share/field_sim//scripts/gp_reconstructor_node.py
-- Up-to-date: /home/blazar/karin_ws/install/field_sim/share/field_sim//scripts/ground_truth_field_node.py
-- Up-to-date: /home/blazar/karin_ws/install/field_sim/share/ament_index/resource_index/package_run_dependencies/field_sim
-- Up-to-date: /home/blazar/karin_ws/install/field_sim/share/ament_index/resource_index/parent_prefix_path/field_sim
-- Up-to-date: /home/blazar/karin_ws/install/field_sim/share/field_sim/environment/ament_prefix_path.sh
-- Up-to-date: /home/blazar/karin_ws/install/field_sim/share/field_sim/environment/ament_prefix_path.dsv
-- Up-to-date: /home/blazar/karin_ws/install/field_sim/share/field_sim/environment/path.sh
-- Up-to-date: /home/blazar/karin_ws/install/field_sim/share/field_sim/environment/path.dsv
-- Up-to-date: /home/blazar/karin_ws/install/field_sim/share/field_sim/local_setup.bash
-- Up-to-date: /home/blazar/karin_ws/install/field_sim/share/field_sim/local_setup.sh
-- Up-to-date: /home/blazar/karin_ws/install/field_sim/share/field_sim/local_setup.zsh
-- Up-to-date: /home/blazar/karin_ws/install/field_sim/share/field_sim/local_setup.dsv
-- Installing: /home/blazar/karin_ws/install/field_sim/share/field_sim/package.dsv
-- Up-to-date: /home/blazar/karin_ws/install/field_sim/share/ament_index/resource_index/packages/field_sim
-- Up-to-date: /home/blazar/karin_ws/install/field_sim/share/field_sim/cmake/export_field_sim__rosidl_generator_cExport.cmake
-- Up-to-date: /home/blazar/karin_ws/install/field_sim/share/field_sim/cmake/export_field_sim__rosidl_generator_cExport-noconfig.cmake
-- Up-to-date: /home/blazar/karin_ws/install/field_sim/share/field_sim/cmake/export_field_sim__rosidl_typesupport_fastrtps_cExport.cmake
-- Up-to-date: /home/blazar/karin_ws/install/field_sim/share/field_sim/cmake/export_field_sim__rosidl_typesupport_fastrtps_cExport-noconfig.cmake
-- Up-to-date: /home/blazar/karin_ws/install/field_sim/share/field_sim/cmake/export_field_sim__rosidl_generator_cppExport.cmake
-- Up-to-date: /home/blazar/karin_ws/install/field_sim/share/field_sim/cmake/export_field_sim__rosidl_typesupport_fastrtps_cppExport.cmake
-- Up-to-date: /home/blazar/karin_ws/install/field_sim/share/field_sim/cmake/export_field_sim__rosidl_typesupport_fastrtps_cppExport-noconfig.cmake
-- Up-to-date: /home/blazar/karin_ws/install/field_sim/share/field_sim/cmake/field_sim__rosidl_typesupport_introspection_cExport.cmake
-- Up-to-date: /home/blazar/karin_ws/install/field_sim/share/field_sim/cmake/field_sim__rosidl_typesupport_introspection_cExport-noconfig.cmake
-- Up-to-date: /home/blazar/karin_ws/install/field_sim/share/field_sim/cmake/field_sim__rosidl_typesupport_cExport.cmake
-- Up-to-date: /home/blazar/karin_ws/install/field_sim/share/field_sim/cmake/field_sim__rosidl_typesupport_cExport-noconfig.cmake
-- Up-to-date: /home/blazar/karin_ws/install/field_sim/share/field_sim/cmake/field_sim__rosidl_typesupport_introspection_cppExport.cmake
-- Up-to-date: /home/blazar/karin_ws/install/field_sim/share/field_sim/cmake/field_sim__rosidl_typesupport_introspection_cppExport-noconfig.cmake
-- Up-to-date: /home/blazar/karin_ws/install/field_sim/share/field_sim/cmake/field_sim__rosidl_typesupport_cppExport.cmake
-- Up-to-date: /home/blazar/karin_ws/install/field_sim/share/field_sim/cmake/field_sim__rosidl_typesupport_cppExport-noconfig.cmake
-- Up-to-date: /home/blazar/karin_ws/install/field_sim/share/field_sim/cmake/export_field_sim__rosidl_generator_pyExport.cmake
-- Up-to-date: /home/blazar/karin_ws/install/field_sim/share/field_sim/cmake/export_field_sim__rosidl_generator_pyExport-noconfig.cmake
-- Up-to-date: /home/blazar/karin_ws/install/field_sim/share/field_sim/cmake/rosidl_cmake-extras.cmake
-- Up-to-date: /home/blazar/karin_ws/install/field_sim/share/field_sim/cmake/ament_cmake_export_dependencies-extras.cmake
-- Up-to-date: /home/blazar/karin_ws/install/field_sim/share/field_sim/cmake/ament_cmake_export_include_directories-extras.cmake
-- Up-to-date: /home/blazar/karin_ws/install/field_sim/share/field_sim/cmake/ament_cmake_export_libraries-extras.cmake
-- Up-to-date: /home/blazar/karin_ws/install/field_sim/share/field_sim/cmake/ament_cmake_export_targets-extras.cmake
-- Up-to-date: /home/blazar/karin_ws/install/field_sim/share/field_sim/cmake/rosidl_cmake_export_typesupport_targets-extras.cmake
-- Up-to-date: /home/blazar/karin_ws/install/field_sim/share/field_sim/cmake/rosidl_cmake_export_typesupport_libraries-extras.cmake
-- Up-to-date: /home/blazar/karin_ws/install/field_sim/share/field_sim/cmake/field_simConfig.cmake
-- Up-to-date: /home/blazar/karin_ws/install/field_sim/share/field_sim/cmake/field_simConfig-version.cmake
-- Up-to-date: /home/blazar/karin_ws/install/field_sim/share/field_sim/package.xml
