-- Found ament_cmake: 2.5.4 (/opt/ros/jazzy/share/ament_cmake/cmake)
-- Found rclcpp: 28.1.10 (/opt/ros/jazzy/share/rclcpp/cmake)
-- Found rosidl_generator_c: 4.6.5 (/opt/ros/jazzy/share/rosidl_generator_c/cmake)
-- Found rosidl_generator_cpp: 4.6.5 (/opt/ros/jazzy/share/rosidl_generator_cpp/cmake)
-- Using all available rosidl_typesupport_c: rosidl_typesupport_fastrtps_c;rosidl_typesupport_introspection_c
-- Using all available rosidl_typesupport_cpp: rosidl_typesupport_fastrtps_cpp;rosidl_typesupport_introspection_cpp
-- Found rmw_implementation_cmake: 7.3.2 (/opt/ros/jazzy/share/rmw_implementation_cmake/cmake)
-- Found rmw_fastrtps_cpp: 8.4.2 (/opt/ros/jazzy/share/rmw_fastrtps_cpp/cmake)
-- Using RMW implementation 'rmw_fastrtps_cpp' as default
-- Found rclpy: 7.1.4 (/opt/ros/jazzy/share/rclpy/cmake)
-- Found std_msgs: 5.3.6 (/opt/ros/jazzy/share/std_msgs/cmake)
-- Found geometry_msgs: 5.3.6 (/opt/ros/jazzy/share/geometry_msgs/cmake)
-- Found visualization_msgs: 5.3.6 (/opt/ros/jazzy/share/visualization_msgs/cmake)
-- Found nav_msgs: 5.3.6 (/opt/ros/jazzy/share/nav_msgs/cmake)
-- Found tf2_ros: 0.36.12 (/opt/ros/jazzy/share/tf2_ros/cmake)
-- Found rosidl_default_generators: 1.6.0 (/opt/ros/jazzy/share/rosidl_default_generators/cmake)
-- Found rosidl_adapter: 4.6.5 (/opt/ros/jazzy/share/rosidl_adapter/cmake)
-- Found ament_cmake_ros: 0.12.0 (/opt/ros/jazzy/share/ament_cmake_ros/cmake)
-- Using all available rosidl_typesupport_c: rosidl_typesupport_fastrtps_c;rosidl_typesupport_introspection_c
-- Using all available rosidl_typesupport_cpp: rosidl_typesupport_fastrtps_cpp;rosidl_typesupport_introspection_cpp
-- Found python_cmake_module: 0.11.1 (/opt/ros/jazzy/share/python_cmake_module/cmake)
-- Found PythonExtra: /usr/bin/python3  
-- Found Python3: /usr/bin/python3 (found version "3.12.3") found components: Interpreter Development NumPy Development.Module Development.Embed 
-- Found ament_lint_auto: 0.17.2 (/opt/ros/jazzy/share/ament_lint_auto/cmake)
-- Configuring done (1.8s)
-- Generating done (0.0s)
-- Build files have been written to: /home/blazar/karin_ws/build/field_sim
[  2%] [34m[1mGenerating type hashes for ROS interfaces[0m
[  2%] Built target ament_cmake_python_copy_field_sim
[  2%] Built target field_sim__rosidl_generator_type_description
[  5%] [34m[1mGenerating C code for ROS interfaces[0m
[  8%] [34m[1mGenerating C++ code for ROS interfaces[0m
running egg_info
creating field_sim.egg-info
writing field_sim.egg-info/PKG-INFO
writing dependency_links to field_sim.egg-info/dependency_links.txt
writing top-level names to field_sim.egg-info/top_level.txt
writing manifest file 'field_sim.egg-info/SOURCES.txt'
reading manifest file 'field_sim.egg-info/SOURCES.txt'
writing manifest file 'field_sim.egg-info/SOURCES.txt'
[  8%] Built target ament_cmake_python_build_field_sim_egg
[  8%] Built target field_sim__cpp
[ 11%] [32mBuilding C object CMakeFiles/field_sim__rosidl_generator_c.dir/rosidl_generator_c/field_sim/srv/detail/sample_field__functions.c.o[0m
[ 14%] [32mBuilding C object CMakeFiles/field_sim__rosidl_generator_c.dir/rosidl_generator_c/field_sim/srv/detail/sample_field__description.c.o[0m
[ 17%] [32mBuilding C object CMakeFiles/field_sim__rosidl_generator_c.dir/rosidl_generator_c/field_sim/srv/detail/sample_field__type_support.c.o[0m
[ 20%] [32m[1mLinking C shared library libfield_sim__rosidl_generator_c.so[0m
[ 20%] Built target field_sim__rosidl_generator_c
[ 26%] [34m[1mGenerating C type support dispatch for ROS interfaces[0m
[ 29%] [34m[1mGenerating C type support for eProsima Fast-RTPS[0m
[ 29%] [34m[1mGenerating C introspection for ROS interfaces[0m
[ 32%] [34m[1mGenerating C++ type support dispatch for ROS interfaces[0m
[ 35%] [34m[1mGenerating C++ introspection for ROS interfaces[0m
[ 38%] [34m[1mGenerating C++ type support for eProsima Fast-RTPS[0m
[ 41%] [32mBuilding CXX object CMakeFiles/field_sim__rosidl_typesupport_c.dir/rosidl_typesupport_c/field_sim/srv/sample_field__type_support.cpp.o[0m
[ 44%] [32mBuilding CXX object CMakeFiles/field_sim__rosidl_typesupport_cpp.dir/rosidl_typesupport_cpp/field_sim/srv/sample_field__type_support.cpp.o[0m
[ 47%] [32mBuilding CXX object CMakeFiles/field_sim__rosidl_typesupport_introspection_cpp.dir/rosidl_typesupport_introspection_cpp/field_sim/srv/detail/sample_field__type_support.cpp.o[0m
[ 50%] [32mBuilding C object CMakeFiles/field_sim__rosidl_typesupport_introspection_c.dir/rosidl_typesupport_introspection_c/field_sim/srv/detail/sample_field__type_support.c.o[0m
[ 52%] [32mBuilding CXX object CMakeFiles/field_sim__rosidl_typesupport_fastrtps_cpp.dir/rosidl_typesupport_fastrtps_cpp/field_sim/srv/detail/dds_fastrtps/sample_field__type_support.cpp.o[0m
[ 55%] [32m[1mLinking CXX shared library libfield_sim__rosidl_typesupport_c.so[0m
[ 58%] [32mBuilding CXX object CMakeFiles/field_sim__rosidl_typesupport_fastrtps_c.dir/rosidl_typesupport_fastrtps_c/field_sim/srv/detail/sample_field__type_support_c.cpp.o[0m
[ 61%] [32m[1mLinking C shared library libfield_sim__rosidl_typesupport_introspection_c.so[0m
[ 61%] Built target field_sim__rosidl_typesupport_c
[ 61%] Built target field_sim__rosidl_typesupport_introspection_c
[ 64%] [32m[1mLinking CXX shared library libfield_sim__rosidl_typesupport_cpp.so[0m
[ 67%] [32m[1mLinking CXX shared library libfield_sim__rosidl_typesupport_introspection_cpp.so[0m
[ 70%] [32m[1mLinking CXX shared library libfield_sim__rosidl_typesupport_fastrtps_c.so[0m
[ 70%] Built target field_sim__rosidl_typesupport_fastrtps_c
[ 70%] Built target field_sim__rosidl_typesupport_cpp
[ 70%] Built target field_sim__rosidl_typesupport_introspection_cpp
[ 73%] [32m[1mLinking CXX shared library libfield_sim__rosidl_typesupport_fastrtps_cpp.so[0m
[ 73%] Built target field_sim__rosidl_typesupport_fastrtps_cpp
[ 73%] Built target field_sim
[ 76%] [34m[1mGenerating Python code for ROS interfaces[0m
[ 76%] Built target field_sim__py
[ 79%] [32mBuilding C object CMakeFiles/field_sim__rosidl_generator_py.dir/rosidl_generator_py/field_sim/srv/_sample_field_s.c.o[0m
[ 82%] [32m[1mLinking C shared library libfield_sim__rosidl_generator_py.so[0m
[ 82%] Built target field_sim__rosidl_generator_py
[ 85%] [32mBuilding C object CMakeFiles/field_sim_s__rosidl_typesupport_fastrtps_c.dir/rosidl_generator_py/field_sim/_field_sim_s.ep.rosidl_typesupport_fastrtps_c.c.o[0m
[ 88%] [32mBuilding C object CMakeFiles/field_sim_s__rosidl_typesupport_introspection_c.dir/rosidl_generator_py/field_sim/_field_sim_s.ep.rosidl_typesupport_introspection_c.c.o[0m
[ 91%] [32mBuilding C object CMakeFiles/field_sim_s__rosidl_typesupport_c.dir/rosidl_generator_py/field_sim/_field_sim_s.ep.rosidl_typesupport_c.c.o[0m
[ 94%] [32m[1mLinking C shared module rosidl_generator_py/field_sim/field_sim_s__rosidl_typesupport_c.so[0m
[ 97%] [32m[1mLinking C shared module rosidl_generator_py/field_sim/field_sim_s__rosidl_typesupport_introspection_c.so[0m
[100%] [32m[1mLinking C shared module rosidl_generator_py/field_sim/field_sim_s__rosidl_typesupport_fastrtps_c.so[0m
[100%] Built target field_sim_s__rosidl_typesupport_introspection_c
[100%] Built target field_sim_s__rosidl_typesupport_c
[100%] Built target field_sim_s__rosidl_typesupport_fastrtps_c
-- Install configuration: ""
-- Installing: /home/blazar/karin_ws/install/field_sim/share/ament_index/resource_index/rosidl_interfaces/field_sim
-- Installing: /home/blazar/karin_ws/install/field_sim/share/field_sim/srv/SampleField.json
-- Installing: /home/blazar/karin_ws/install/field_sim/include/field_sim/field_sim
-- Installing: /home/blazar/karin_ws/install/field_sim/include/field_sim/field_sim/msg
-- Installing: /home/blazar/karin_ws/install/field_sim/include/field_sim/field_sim/msg/rosidl_generator_c__visibility_control.h
-- Installing: /home/blazar/karin_ws/install/field_sim/include/field_sim/field_sim/srv
-- Installing: /home/blazar/karin_ws/install/field_sim/include/field_sim/field_sim/srv/detail
-- Installing: /home/blazar/karin_ws/install/field_sim/include/field_sim/field_sim/srv/detail/sample_field__struct.h
-- Installing: /home/blazar/karin_ws/install/field_sim/include/field_sim/field_sim/srv/detail/sample_field__type_support.c
-- Installing: /home/blazar/karin_ws/install/field_sim/include/field_sim/field_sim/srv/detail/sample_field__description.c
-- Installing: /home/blazar/karin_ws/install/field_sim/include/field_sim/field_sim/srv/detail/sample_field__type_support.h
-- Installing: /home/blazar/karin_ws/install/field_sim/include/field_sim/field_sim/srv/detail/sample_field__functions.h
-- Installing: /home/blazar/karin_ws/install/field_sim/include/field_sim/field_sim/srv/detail/sample_field__functions.c
-- Installing: /home/blazar/karin_ws/install/field_sim/include/field_sim/field_sim/srv/sample_field.h
-- Installing: /home/blazar/karin_ws/install/field_sim/share/field_sim/environment/library_path.sh
-- Installing: /home/blazar/karin_ws/install/field_sim/share/field_sim/environment/library_path.dsv
-- Installing: /home/blazar/karin_ws/install/field_sim/lib/libfield_sim__rosidl_generator_c.so
-- Set non-toolchain portion of runtime path of "/home/blazar/karin_ws/install/field_sim/lib/libfield_sim__rosidl_generator_c.so" to ""
-- Up-to-date: /home/blazar/karin_ws/install/field_sim/include/field_sim/field_sim
-- Up-to-date: /home/blazar/karin_ws/install/field_sim/include/field_sim/field_sim/msg
-- Installing: /home/blazar/karin_ws/install/field_sim/include/field_sim/field_sim/msg/rosidl_typesupport_fastrtps_c__visibility_control.h
-- Up-to-date: /home/blazar/karin_ws/install/field_sim/include/field_sim/field_sim/srv
-- Up-to-date: /home/blazar/karin_ws/install/field_sim/include/field_sim/field_sim/srv/detail
-- Installing: /home/blazar/karin_ws/install/field_sim/include/field_sim/field_sim/srv/detail/sample_field__rosidl_typesupport_fastrtps_c.h
-- Installing: /home/blazar/karin_ws/install/field_sim/lib/libfield_sim__rosidl_typesupport_fastrtps_c.so
-- Set non-toolchain portion of runtime path of "/home/blazar/karin_ws/install/field_sim/lib/libfield_sim__rosidl_typesupport_fastrtps_c.so" to ""
-- Up-to-date: /home/blazar/karin_ws/install/field_sim/include/field_sim/field_sim
-- Up-to-date: /home/blazar/karin_ws/install/field_sim/include/field_sim/field_sim/msg
-- Installing: /home/blazar/karin_ws/install/field_sim/include/field_sim/field_sim/msg/rosidl_generator_cpp__visibility_control.hpp
-- Up-to-date: /home/blazar/karin_ws/install/field_sim/include/field_sim/field_sim/srv
-- Up-to-date: /home/blazar/karin_ws/install/field_sim/include/field_sim/field_sim/srv/detail
-- Installing: /home/blazar/karin_ws/install/field_sim/include/field_sim/field_sim/srv/detail/sample_field__traits.hpp
-- Installing: /home/blazar/karin_ws/install/field_sim/include/field_sim/field_sim/srv/detail/sample_field__struct.hpp
-- Installing: /home/blazar/karin_ws/install/field_sim/include/field_sim/field_sim/srv/detail/sample_field__type_support.hpp
-- Installing: /home/blazar/karin_ws/install/field_sim/include/field_sim/field_sim/srv/detail/sample_field__builder.hpp
-- Installing: /home/blazar/karin_ws/install/field_sim/include/field_sim/field_sim/srv/sample_field.hpp
-- Up-to-date: /home/blazar/karin_ws/install/field_sim/include/field_sim/field_sim
-- Up-to-date: /home/blazar/karin_ws/install/field_sim/include/field_sim/field_sim/msg
-- Installing: /home/blazar/karin_ws/install/field_sim/include/field_sim/field_sim/msg/rosidl_typesupport_fastrtps_cpp__visibility_control.h
-- Up-to-date: /home/blazar/karin_ws/install/field_sim/include/field_sim/field_sim/srv
-- Up-to-date: /home/blazar/karin_ws/install/field_sim/include/field_sim/field_sim/srv/detail
-- Installing: /home/blazar/karin_ws/install/field_sim/include/field_sim/field_sim/srv/detail/dds_fastrtps
-- Installing: /home/blazar/karin_ws/install/field_sim/include/field_sim/field_sim/srv/detail/sample_field__rosidl_typesupport_fastrtps_cpp.hpp
-- Installing: /home/blazar/karin_ws/install/field_sim/lib/libfield_sim__rosidl_typesupport_fastrtps_cpp.so
-- Set non-toolchain portion of runtime path of "/home/blazar/karin_ws/install/field_sim/lib/libfield_sim__rosidl_typesupport_fastrtps_cpp.so" to ""
-- Up-to-date: /home/blazar/karin_ws/install/field_sim/include/field_sim/field_sim
-- Up-to-date: /home/blazar/karin_ws/install/field_sim/include/field_sim/field_sim/msg
-- Installing: /home/blazar/karin_ws/install/field_sim/include/field_sim/field_sim/msg/rosidl_typesupport_introspection_c__visibility_control.h
-- Up-to-date: /home/blazar/karin_ws/install/field_sim/include/field_sim/field_sim/srv
-- Up-to-date: /home/blazar/karin_ws/install/field_sim/include/field_sim/field_sim/srv/detail
-- Up-to-date: /home/blazar/karin_ws/install/field_sim/include/field_sim/field_sim/srv/detail/sample_field__type_support.c
-- Installing: /home/blazar/karin_ws/install/field_sim/include/field_sim/field_sim/srv/detail/sample_field__rosidl_typesupport_introspection_c.h
-- Installing: /home/blazar/karin_ws/install/field_sim/lib/libfield_sim__rosidl_typesupport_introspection_c.so
-- Set non-toolchain portion of runtime path of "/home/blazar/karin_ws/install/field_sim/lib/libfield_sim__rosidl_typesupport_introspection_c.so" to ""
-- Installing: /home/blazar/karin_ws/install/field_sim/lib/libfield_sim__rosidl_typesupport_c.so
-- Set non-toolchain portion of runtime path of "/home/blazar/karin_ws/install/field_sim/lib/libfield_sim__rosidl_typesupport_c.so" to ""
-- Up-to-date: /home/blazar/karin_ws/install/field_sim/include/field_sim/field_sim
-- Up-to-date: /home/blazar/karin_ws/install/field_sim/include/field_sim/field_sim/srv
-- Up-to-date: /home/blazar/karin_ws/install/field_sim/include/field_sim/field_sim/srv/detail
-- Installing: /home/blazar/karin_ws/install/field_sim/include/field_sim/field_sim/srv/detail/sample_field__rosidl_typesupport_introspection_cpp.hpp
-- Installing: /home/blazar/karin_ws/install/field_sim/include/field_sim/field_sim/srv/detail/sample_field__type_support.cpp
-- Installing: /home/blazar/karin_ws/install/field_sim/lib/libfield_sim__rosidl_typesupport_introspection_cpp.so
-- Set non-toolchain portion of runtime path of "/home/blazar/karin_ws/install/field_sim/lib/libfield_sim__rosidl_typesupport_introspection_cpp.so" to ""
-- Installing: /home/blazar/karin_ws/install/field_sim/lib/libfield_sim__rosidl_typesupport_cpp.so
-- Set non-toolchain portion of runtime path of "/home/blazar/karin_ws/install/field_sim/lib/libfield_sim__rosidl_typesupport_cpp.so" to ""
-- Installing: /home/blazar/karin_ws/install/field_sim/share/field_sim/environment/pythonpath.sh
-- Installing: /home/blazar/karin_ws/install/field_sim/share/field_sim/environment/pythonpath.dsv
-- Installing: /home/blazar/karin_ws/install/field_sim/lib/python3.12/site-packages/field_sim-0.0.0-py3.12.egg-info
-- Installing: /home/blazar/karin_ws/install/field_sim/lib/python3.12/site-packages/field_sim-0.0.0-py3.12.egg-info/SOURCES.txt
-- Installing: /home/blazar/karin_ws/install/field_sim/lib/python3.12/site-packages/field_sim-0.0.0-py3.12.egg-info/dependency_links.txt
-- Installing: /home/blazar/karin_ws/install/field_sim/lib/python3.12/site-packages/field_sim-0.0.0-py3.12.egg-info/top_level.txt
-- Installing: /home/blazar/karin_ws/install/field_sim/lib/python3.12/site-packages/field_sim-0.0.0-py3.12.egg-info/PKG-INFO
-- Installing: /home/blazar/karin_ws/install/field_sim/lib/python3.12/site-packages/field_sim
-- Installing: /home/blazar/karin_ws/install/field_sim/lib/python3.12/site-packages/field_sim/srv
-- Installing: /home/blazar/karin_ws/install/field_sim/lib/python3.12/site-packages/field_sim/srv/_sample_field.py
-- Installing: /home/blazar/karin_ws/install/field_sim/lib/python3.12/site-packages/field_sim/srv/_sample_field_s.c
-- Installing: /home/blazar/karin_ws/install/field_sim/lib/python3.12/site-packages/field_sim/srv/__init__.py
-- Installing: /home/blazar/karin_ws/install/field_sim/lib/python3.12/site-packages/field_sim/field_sim_s__rosidl_typesupport_fastrtps_c.so
-- Installing: /home/blazar/karin_ws/install/field_sim/lib/python3.12/site-packages/field_sim/field_sim_s__rosidl_typesupport_c.so
-- Installing: /home/blazar/karin_ws/install/field_sim/lib/python3.12/site-packages/field_sim/_field_sim_s.ep.rosidl_typesupport_c.c
-- Installing: /home/blazar/karin_ws/install/field_sim/lib/python3.12/site-packages/field_sim/_field_sim_s.ep.rosidl_typesupport_introspection_c.c
-- Installing: /home/blazar/karin_ws/install/field_sim/lib/python3.12/site-packages/field_sim/field_sim_s__rosidl_typesupport_introspection_c.so
-- Installing: /home/blazar/karin_ws/install/field_sim/lib/python3.12/site-packages/field_sim/__init__.py
-- Installing: /home/blazar/karin_ws/install/field_sim/lib/python3.12/site-packages/field_sim/_field_sim_s.ep.rosidl_typesupport_fastrtps_c.c
Listing '/home/blazar/karin_ws/install/field_sim/lib/python3.12/site-packages/field_sim'...
Compiling '/home/blazar/karin_ws/install/field_sim/lib/python3.12/site-packages/field_sim/__init__.py'...
Listing '/home/blazar/karin_ws/install/field_sim/lib/python3.12/site-packages/field_sim/srv'...
Compiling '/home/blazar/karin_ws/install/field_sim/lib/python3.12/site-packages/field_sim/srv/__init__.py'...
Compiling '/home/blazar/karin_ws/install/field_sim/lib/python3.12/site-packages/field_sim/srv/_sample_field.py'...
-- Installing: /home/blazar/karin_ws/install/field_sim/lib/python3.12/site-packages/field_sim/field_sim_s__rosidl_typesupport_fastrtps_c.so
-- Set non-toolchain portion of runtime path of "/home/blazar/karin_ws/install/field_sim/lib/python3.12/site-packages/field_sim/field_sim_s__rosidl_typesupport_fastrtps_c.so" to ""
-- Installing: /home/blazar/karin_ws/install/field_sim/lib/python3.12/site-packages/field_sim/field_sim_s__rosidl_typesupport_introspection_c.so
-- Set non-toolchain portion of runtime path of "/home/blazar/karin_ws/install/field_sim/lib/python3.12/site-packages/field_sim/field_sim_s__rosidl_typesupport_introspection_c.so" to ""
-- Installing: /home/blazar/karin_ws/install/field_sim/lib/python3.12/site-packages/field_sim/field_sim_s__rosidl_typesupport_c.so
-- Set non-toolchain portion of runtime path of "/home/blazar/karin_ws/install/field_sim/lib/python3.12/site-packages/field_sim/field_sim_s__rosidl_typesupport_c.so" to ""
-- Installing: /home/blazar/karin_ws/install/field_sim/lib/libfield_sim__rosidl_generator_py.so
-- Set non-toolchain portion of runtime path of "/home/blazar/karin_ws/install/field_sim/lib/libfield_sim__rosidl_generator_py.so" to ""
-- Installing: /home/blazar/karin_ws/install/field_sim/share/field_sim/srv/SampleField.idl
-- Installing: /home/blazar/karin_ws/install/field_sim/share/field_sim/srv/SampleField.srv
-- Installing: /home/blazar/karin_ws/install/field_sim/lib/field_sim/ground_truth_field_node.py
-- Installing: /home/blazar/karin_ws/install/field_sim/lib/field_sim/field_sampler_node.py
-- Installing: /home/blazar/karin_ws/install/field_sim/lib/field_sim/gp_reconstructor_node.py
-- Installing: /home/blazar/karin_ws/install/field_sim/lib/field_sim/boat_tf_publisher.py
-- Installing: /home/blazar/karin_ws/install/field_sim/lib/field_sim/test_geotagging.py
-- Up-to-date: /home/blazar/karin_ws/install/field_sim/share/field_sim//launch
-- Up-to-date: /home/blazar/karin_ws/install/field_sim/share/field_sim//launch/field_validation.launch.py
-- Up-to-date: /home/blazar/karin_ws/install/field_sim/share/field_sim//config
-- Installing: /home/blazar/karin_ws/install/field_sim/share/field_sim//config/generated_field_params.yaml
-- Up-to-date: /home/blazar/karin_ws/install/field_sim/share/field_sim//config/field_params.yaml
-- Up-to-date: /home/blazar/karin_ws/install/field_sim/share/field_sim//rviz
-- Installing: /home/blazar/karin_ws/install/field_sim/share/ament_index/resource_index/package_run_dependencies/field_sim
-- Installing: /home/blazar/karin_ws/install/field_sim/share/ament_index/resource_index/parent_prefix_path/field_sim
-- Up-to-date: /home/blazar/karin_ws/install/field_sim/share/field_sim/environment/ament_prefix_path.sh
-- Up-to-date: /home/blazar/karin_ws/install/field_sim/share/field_sim/environment/ament_prefix_path.dsv
-- Up-to-date: /home/blazar/karin_ws/install/field_sim/share/field_sim/environment/path.sh
-- Up-to-date: /home/blazar/karin_ws/install/field_sim/share/field_sim/environment/path.dsv
-- Up-to-date: /home/blazar/karin_ws/install/field_sim/share/field_sim/local_setup.bash
-- Installing: /home/blazar/karin_ws/install/field_sim/share/field_sim/local_setup.sh
-- Up-to-date: /home/blazar/karin_ws/install/field_sim/share/field_sim/local_setup.zsh
-- Installing: /home/blazar/karin_ws/install/field_sim/share/field_sim/local_setup.dsv
-- Installing: /home/blazar/karin_ws/install/field_sim/share/field_sim/package.dsv
-- Up-to-date: /home/blazar/karin_ws/install/field_sim/share/ament_index/resource_index/packages/field_sim
-- Installing: /home/blazar/karin_ws/install/field_sim/share/field_sim/cmake/export_field_sim__rosidl_generator_cExport.cmake
-- Installing: /home/blazar/karin_ws/install/field_sim/share/field_sim/cmake/export_field_sim__rosidl_generator_cExport-noconfig.cmake
-- Installing: /home/blazar/karin_ws/install/field_sim/share/field_sim/cmake/export_field_sim__rosidl_typesupport_fastrtps_cExport.cmake
-- Installing: /home/blazar/karin_ws/install/field_sim/share/field_sim/cmake/export_field_sim__rosidl_typesupport_fastrtps_cExport-noconfig.cmake
-- Installing: /home/blazar/karin_ws/install/field_sim/share/field_sim/cmake/export_field_sim__rosidl_generator_cppExport.cmake
-- Installing: /home/blazar/karin_ws/install/field_sim/share/field_sim/cmake/export_field_sim__rosidl_typesupport_fastrtps_cppExport.cmake
-- Installing: /home/blazar/karin_ws/install/field_sim/share/field_sim/cmake/export_field_sim__rosidl_typesupport_fastrtps_cppExport-noconfig.cmake
-- Installing: /home/blazar/karin_ws/install/field_sim/share/field_sim/cmake/field_sim__rosidl_typesupport_introspection_cExport.cmake
-- Installing: /home/blazar/karin_ws/install/field_sim/share/field_sim/cmake/field_sim__rosidl_typesupport_introspection_cExport-noconfig.cmake
-- Installing: /home/blazar/karin_ws/install/field_sim/share/field_sim/cmake/field_sim__rosidl_typesupport_cExport.cmake
-- Installing: /home/blazar/karin_ws/install/field_sim/share/field_sim/cmake/field_sim__rosidl_typesupport_cExport-noconfig.cmake
-- Installing: /home/blazar/karin_ws/install/field_sim/share/field_sim/cmake/field_sim__rosidl_typesupport_introspection_cppExport.cmake
-- Installing: /home/blazar/karin_ws/install/field_sim/share/field_sim/cmake/field_sim__rosidl_typesupport_introspection_cppExport-noconfig.cmake
-- Installing: /home/blazar/karin_ws/install/field_sim/share/field_sim/cmake/field_sim__rosidl_typesupport_cppExport.cmake
-- Installing: /home/blazar/karin_ws/install/field_sim/share/field_sim/cmake/field_sim__rosidl_typesupport_cppExport-noconfig.cmake
-- Installing: /home/blazar/karin_ws/install/field_sim/share/field_sim/cmake/export_field_sim__rosidl_generator_pyExport.cmake
-- Installing: /home/blazar/karin_ws/install/field_sim/share/field_sim/cmake/export_field_sim__rosidl_generator_pyExport-noconfig.cmake
-- Installing: /home/blazar/karin_ws/install/field_sim/share/field_sim/cmake/rosidl_cmake-extras.cmake
-- Installing: /home/blazar/karin_ws/install/field_sim/share/field_sim/cmake/ament_cmake_export_dependencies-extras.cmake
-- Installing: /home/blazar/karin_ws/install/field_sim/share/field_sim/cmake/ament_cmake_export_include_directories-extras.cmake
-- Installing: /home/blazar/karin_ws/install/field_sim/share/field_sim/cmake/ament_cmake_export_libraries-extras.cmake
-- Installing: /home/blazar/karin_ws/install/field_sim/share/field_sim/cmake/ament_cmake_export_targets-extras.cmake
-- Installing: /home/blazar/karin_ws/install/field_sim/share/field_sim/cmake/rosidl_cmake_export_typesupport_targets-extras.cmake
-- Installing: /home/blazar/karin_ws/install/field_sim/share/field_sim/cmake/rosidl_cmake_export_typesupport_libraries-extras.cmake
-- Installing: /home/blazar/karin_ws/install/field_sim/share/field_sim/cmake/field_simConfig.cmake
-- Up-to-date: /home/blazar/karin_ws/install/field_sim/share/field_sim/cmake/field_simConfig-version.cmake
-- Installing: /home/blazar/karin_ws/install/field_sim/share/field_sim/package.xml
