[0.008s] Invoking command in '/home/blazar/karin_ws/build/field_sim': CMAKE_PREFIX_PATH=/home/blazar/karin_ws/install/simsetup:/home/blazar/karin_ws/install/field_sim:/home/blazar/workspace/rockytimes_ws/install/localisation:/opt/ros/jazzy:/home/blazar/vrx_ws/install:/home/blazar/workspace/rockytimes_ws/install/mission:/home/blazar/workspace/rockytimes_ws/install/px4_ros_com:/home/blazar/workspace/rockytimes_ws/install/px4_msgs:/opt/ros/jazzy/opt/gz_sim_vendor:/opt/ros/jazzy/opt/gz_sensors_vendor:/opt/ros/jazzy/opt/gz_physics_vendor:/opt/ros/jazzy/opt/sdformat_vendor:/opt/ros/jazzy/opt/gz_gui_vendor:/opt/ros/jazzy/opt/gz_transport_vendor:/opt/ros/jazzy/opt/gz_rendering_vendor:/opt/ros/jazzy/opt/gz_plugin_vendor:/opt/ros/jazzy/opt/gz_fuel_tools_vendor:/opt/ros/jazzy/opt/gz_msgs_vendor:/opt/ros/jazzy/opt/gz_common_vendor:/opt/ros/jazzy/opt/gz_math_vendor:/opt/ros/jazzy/opt/gz_utils_vendor:/opt/ros/jazzy/opt/gz_tools_vendor:/opt/ros/jazzy/opt/gz_ogre_next_vendor:/opt/ros/jazzy/opt/gz_dartsim_vendor:/opt/ros/jazzy/opt/gz_cmake_vendor DEBUGINFOD_URLS=https://debuginfod.ubuntu.com /usr/bin/cmake --build /home/blazar/karin_ws/build/field_sim -- -j16 -l16
[0.028s] -- Found ament_cmake: 2.5.4 (/opt/ros/jazzy/share/ament_cmake/cmake)
[0.162s] -- Found rclcpp: 28.1.10 (/opt/ros/jazzy/share/rclcpp/cmake)
[0.179s] -- Found rosidl_generator_c: 4.6.5 (/opt/ros/jazzy/share/rosidl_generator_c/cmake)
[0.184s] -- Found rosidl_generator_cpp: 4.6.5 (/opt/ros/jazzy/share/rosidl_generator_cpp/cmake)
[0.191s] -- Using all available rosidl_typesupport_c: rosidl_typesupport_fastrtps_c;rosidl_typesupport_introspection_c
[0.198s] -- Using all available rosidl_typesupport_cpp: rosidl_typesupport_fastrtps_cpp;rosidl_typesupport_introspection_cpp
[0.234s] -- Found rmw_implementation_cmake: 7.3.2 (/opt/ros/jazzy/share/rmw_implementation_cmake/cmake)
[0.234s] -- Found rmw_fastrtps_cpp: 8.4.2 (/opt/ros/jazzy/share/rmw_fastrtps_cpp/cmake)
[0.275s] -- Using RMW implementation 'rmw_fastrtps_cpp' as default
[0.313s] -- Found rclpy: 7.1.4 (/opt/ros/jazzy/share/rclpy/cmake)
[0.313s] -- Found std_msgs: 5.3.6 (/opt/ros/jazzy/share/std_msgs/cmake)
[0.320s] -- Found geometry_msgs: 5.3.6 (/opt/ros/jazzy/share/geometry_msgs/cmake)
[0.329s] -- Found visualization_msgs: 5.3.6 (/opt/ros/jazzy/share/visualization_msgs/cmake)
[0.363s] -- Found nav_msgs: 5.3.6 (/opt/ros/jazzy/share/nav_msgs/cmake)
[0.379s] -- Found tf2_ros: 0.36.12 (/opt/ros/jazzy/share/tf2_ros/cmake)
[0.449s] -- Found rosidl_default_generators: 1.6.0 (/opt/ros/jazzy/share/rosidl_default_generators/cmake)
[0.462s] -- Found rosidl_adapter: 4.6.5 (/opt/ros/jazzy/share/rosidl_adapter/cmake)
[0.833s] -- Found ament_cmake_ros: 0.12.0 (/opt/ros/jazzy/share/ament_cmake_ros/cmake)
[1.281s] -- Using all available rosidl_typesupport_c: rosidl_typesupport_fastrtps_c;rosidl_typesupport_introspection_c
[1.457s] -- Using all available rosidl_typesupport_cpp: rosidl_typesupport_fastrtps_cpp;rosidl_typesupport_introspection_cpp
[1.459s] -- Found python_cmake_module: 0.11.1 (/opt/ros/jazzy/share/python_cmake_module/cmake)
[1.546s] -- Found PythonExtra: /usr/bin/python3  
[1.811s] -- Found Python3: /usr/bin/python3 (found version "3.12.3") found components: Interpreter Development NumPy Development.Module Development.Embed 
[1.832s] -- Found ament_lint_auto: 0.17.2 (/opt/ros/jazzy/share/ament_lint_auto/cmake)
[1.838s] -- Configuring done (1.8s)
[1.861s] -- Generating done (0.0s)
[1.868s] -- Build files have been written to: /home/blazar/karin_ws/build/field_sim
[1.897s] [  2%] [34m[1mGenerating type hashes for ROS interfaces[0m
[1.904s] [  2%] Built target ament_cmake_python_copy_field_sim
[2.007s] [  2%] Built target field_sim__rosidl_generator_type_description
[2.014s] [  5%] [34m[1mGenerating C code for ROS interfaces[0m
[2.022s] [  8%] [34m[1mGenerating C++ code for ROS interfaces[0m
[2.024s] running egg_info
[2.025s] creating field_sim.egg-info
[2.035s] writing field_sim.egg-info/PKG-INFO
[2.035s] writing dependency_links to field_sim.egg-info/dependency_links.txt
[2.035s] writing top-level names to field_sim.egg-info/top_level.txt
[2.035s] writing manifest file 'field_sim.egg-info/SOURCES.txt'
[2.066s] reading manifest file 'field_sim.egg-info/SOURCES.txt'
[2.066s] writing manifest file 'field_sim.egg-info/SOURCES.txt'
[2.084s] [  8%] Built target ament_cmake_python_build_field_sim_egg
[2.175s] [  8%] Built target field_sim__cpp
[2.187s] [ 11%] [32mBuilding C object CMakeFiles/field_sim__rosidl_generator_c.dir/rosidl_generator_c/field_sim/srv/detail/sample_field__functions.c.o[0m
[2.187s] [ 14%] [32mBuilding C object CMakeFiles/field_sim__rosidl_generator_c.dir/rosidl_generator_c/field_sim/srv/detail/sample_field__description.c.o[0m
[2.187s] [ 17%] [32mBuilding C object CMakeFiles/field_sim__rosidl_generator_c.dir/rosidl_generator_c/field_sim/srv/detail/sample_field__type_support.c.o[0m
[2.248s] [ 20%] [32m[1mLinking C shared library libfield_sim__rosidl_generator_c.so[0m
[2.274s] [ 20%] Built target field_sim__rosidl_generator_c
[2.282s] [ 26%] [34m[1mGenerating C type support dispatch for ROS interfaces[0m
[2.282s] [ 29%] [34m[1mGenerating C type support for eProsima Fast-RTPS[0m
[2.282s] [ 29%] [34m[1mGenerating C introspection for ROS interfaces[0m
[2.282s] [ 32%] [34m[1mGenerating C++ type support dispatch for ROS interfaces[0m
[2.282s] [ 35%] [34m[1mGenerating C++ introspection for ROS interfaces[0m
[2.282s] [ 38%] [34m[1mGenerating C++ type support for eProsima Fast-RTPS[0m
[2.414s] [ 41%] [32mBuilding CXX object CMakeFiles/field_sim__rosidl_typesupport_c.dir/rosidl_typesupport_c/field_sim/srv/sample_field__type_support.cpp.o[0m
[2.414s] [ 44%] [32mBuilding CXX object CMakeFiles/field_sim__rosidl_typesupport_cpp.dir/rosidl_typesupport_cpp/field_sim/srv/sample_field__type_support.cpp.o[0m
[2.427s] [ 47%] [32mBuilding CXX object CMakeFiles/field_sim__rosidl_typesupport_introspection_cpp.dir/rosidl_typesupport_introspection_cpp/field_sim/srv/detail/sample_field__type_support.cpp.o[0m
[2.434s] [ 50%] [32mBuilding C object CMakeFiles/field_sim__rosidl_typesupport_introspection_c.dir/rosidl_typesupport_introspection_c/field_sim/srv/detail/sample_field__type_support.c.o[0m
[2.450s] [ 52%] [32mBuilding CXX object CMakeFiles/field_sim__rosidl_typesupport_fastrtps_cpp.dir/rosidl_typesupport_fastrtps_cpp/field_sim/srv/detail/dds_fastrtps/sample_field__type_support.cpp.o[0m
[2.454s] [ 55%] [32m[1mLinking CXX shared library libfield_sim__rosidl_typesupport_c.so[0m
[2.465s] [ 58%] [32mBuilding CXX object CMakeFiles/field_sim__rosidl_typesupport_fastrtps_c.dir/rosidl_typesupport_fastrtps_c/field_sim/srv/detail/sample_field__type_support_c.cpp.o[0m
[2.465s] [ 61%] [32m[1mLinking C shared library libfield_sim__rosidl_typesupport_introspection_c.so[0m
[2.483s] [ 61%] Built target field_sim__rosidl_typesupport_c
[2.488s] [ 61%] Built target field_sim__rosidl_typesupport_introspection_c
[2.704s] [ 64%] [32m[1mLinking CXX shared library libfield_sim__rosidl_typesupport_cpp.so[0m
[2.712s] [ 67%] [32m[1mLinking CXX shared library libfield_sim__rosidl_typesupport_introspection_cpp.so[0m
[2.725s] [ 70%] [32m[1mLinking CXX shared library libfield_sim__rosidl_typesupport_fastrtps_c.so[0m
[2.762s] [ 70%] Built target field_sim__rosidl_typesupport_fastrtps_c
[2.763s] [ 70%] Built target field_sim__rosidl_typesupport_cpp
[2.763s] [ 70%] Built target field_sim__rosidl_typesupport_introspection_cpp
[2.781s] [ 73%] [32m[1mLinking CXX shared library libfield_sim__rosidl_typesupport_fastrtps_cpp.so[0m
[2.827s] [ 73%] Built target field_sim__rosidl_typesupport_fastrtps_cpp
[2.842s] [ 73%] Built target field_sim
[2.857s] [ 76%] [34m[1mGenerating Python code for ROS interfaces[0m
[3.060s] [ 76%] Built target field_sim__py
[3.075s] [ 79%] [32mBuilding C object CMakeFiles/field_sim__rosidl_generator_py.dir/rosidl_generator_py/field_sim/srv/_sample_field_s.c.o[0m
[3.194s] [ 82%] [32m[1mLinking C shared library libfield_sim__rosidl_generator_py.so[0m
[3.223s] [ 82%] Built target field_sim__rosidl_generator_py
[3.237s] [ 85%] [32mBuilding C object CMakeFiles/field_sim_s__rosidl_typesupport_fastrtps_c.dir/rosidl_generator_py/field_sim/_field_sim_s.ep.rosidl_typesupport_fastrtps_c.c.o[0m
[3.237s] [ 88%] [32mBuilding C object CMakeFiles/field_sim_s__rosidl_typesupport_introspection_c.dir/rosidl_generator_py/field_sim/_field_sim_s.ep.rosidl_typesupport_introspection_c.c.o[0m
[3.238s] [ 91%] [32mBuilding C object CMakeFiles/field_sim_s__rosidl_typesupport_c.dir/rosidl_generator_py/field_sim/_field_sim_s.ep.rosidl_typesupport_c.c.o[0m
[3.300s] [ 94%] [32m[1mLinking C shared module rosidl_generator_py/field_sim/field_sim_s__rosidl_typesupport_c.so[0m
[3.300s] [ 97%] [32m[1mLinking C shared module rosidl_generator_py/field_sim/field_sim_s__rosidl_typesupport_introspection_c.so[0m
[3.302s] [100%] [32m[1mLinking C shared module rosidl_generator_py/field_sim/field_sim_s__rosidl_typesupport_fastrtps_c.so[0m
[3.322s] [100%] Built target field_sim_s__rosidl_typesupport_introspection_c
[3.322s] [100%] Built target field_sim_s__rosidl_typesupport_c
[3.324s] [100%] Built target field_sim_s__rosidl_typesupport_fastrtps_c
[3.332s] Invoked command in '/home/blazar/karin_ws/build/field_sim' returned '0': CMAKE_PREFIX_PATH=/home/blazar/karin_ws/install/simsetup:/home/blazar/karin_ws/install/field_sim:/home/blazar/workspace/rockytimes_ws/install/localisation:/opt/ros/jazzy:/home/blazar/vrx_ws/install:/home/blazar/workspace/rockytimes_ws/install/mission:/home/blazar/workspace/rockytimes_ws/install/px4_ros_com:/home/blazar/workspace/rockytimes_ws/install/px4_msgs:/opt/ros/jazzy/opt/gz_sim_vendor:/opt/ros/jazzy/opt/gz_sensors_vendor:/opt/ros/jazzy/opt/gz_physics_vendor:/opt/ros/jazzy/opt/sdformat_vendor:/opt/ros/jazzy/opt/gz_gui_vendor:/opt/ros/jazzy/opt/gz_transport_vendor:/opt/ros/jazzy/opt/gz_rendering_vendor:/opt/ros/jazzy/opt/gz_plugin_vendor:/opt/ros/jazzy/opt/gz_fuel_tools_vendor:/opt/ros/jazzy/opt/gz_msgs_vendor:/opt/ros/jazzy/opt/gz_common_vendor:/opt/ros/jazzy/opt/gz_math_vendor:/opt/ros/jazzy/opt/gz_utils_vendor:/opt/ros/jazzy/opt/gz_tools_vendor:/opt/ros/jazzy/opt/gz_ogre_next_vendor:/opt/ros/jazzy/opt/gz_dartsim_vendor:/opt/ros/jazzy/opt/gz_cmake_vendor DEBUGINFOD_URLS=https://debuginfod.ubuntu.com /usr/bin/cmake --build /home/blazar/karin_ws/build/field_sim -- -j16 -l16
[3.333s] Invoking command in '/home/blazar/karin_ws/build/field_sim': CMAKE_PREFIX_PATH=/home/blazar/karin_ws/install/simsetup:/home/blazar/karin_ws/install/field_sim:/home/blazar/workspace/rockytimes_ws/install/localisation:/opt/ros/jazzy:/home/blazar/vrx_ws/install:/home/blazar/workspace/rockytimes_ws/install/mission:/home/blazar/workspace/rockytimes_ws/install/px4_ros_com:/home/blazar/workspace/rockytimes_ws/install/px4_msgs:/opt/ros/jazzy/opt/gz_sim_vendor:/opt/ros/jazzy/opt/gz_sensors_vendor:/opt/ros/jazzy/opt/gz_physics_vendor:/opt/ros/jazzy/opt/sdformat_vendor:/opt/ros/jazzy/opt/gz_gui_vendor:/opt/ros/jazzy/opt/gz_transport_vendor:/opt/ros/jazzy/opt/gz_rendering_vendor:/opt/ros/jazzy/opt/gz_plugin_vendor:/opt/ros/jazzy/opt/gz_fuel_tools_vendor:/opt/ros/jazzy/opt/gz_msgs_vendor:/opt/ros/jazzy/opt/gz_common_vendor:/opt/ros/jazzy/opt/gz_math_vendor:/opt/ros/jazzy/opt/gz_utils_vendor:/opt/ros/jazzy/opt/gz_tools_vendor:/opt/ros/jazzy/opt/gz_ogre_next_vendor:/opt/ros/jazzy/opt/gz_dartsim_vendor:/opt/ros/jazzy/opt/gz_cmake_vendor DEBUGINFOD_URLS=https://debuginfod.ubuntu.com /usr/bin/cmake --install /home/blazar/karin_ws/build/field_sim
[3.339s] -- Install configuration: ""
[3.340s] -- Installing: /home/blazar/karin_ws/install/field_sim/share/ament_index/resource_index/rosidl_interfaces/field_sim
[3.340s] -- Installing: /home/blazar/karin_ws/install/field_sim/share/field_sim/srv/SampleField.json
[3.340s] -- Installing: /home/blazar/karin_ws/install/field_sim/include/field_sim/field_sim
[3.340s] -- Installing: /home/blazar/karin_ws/install/field_sim/include/field_sim/field_sim/msg
[3.340s] -- Installing: /home/blazar/karin_ws/install/field_sim/include/field_sim/field_sim/msg/rosidl_generator_c__visibility_control.h
[3.340s] -- Installing: /home/blazar/karin_ws/install/field_sim/include/field_sim/field_sim/srv
[3.340s] -- Installing: /home/blazar/karin_ws/install/field_sim/include/field_sim/field_sim/srv/detail
[3.340s] -- Installing: /home/blazar/karin_ws/install/field_sim/include/field_sim/field_sim/srv/detail/sample_field__struct.h
[3.340s] -- Installing: /home/blazar/karin_ws/install/field_sim/include/field_sim/field_sim/srv/detail/sample_field__type_support.c
[3.340s] -- Installing: /home/blazar/karin_ws/install/field_sim/include/field_sim/field_sim/srv/detail/sample_field__description.c
[3.340s] -- Installing: /home/blazar/karin_ws/install/field_sim/include/field_sim/field_sim/srv/detail/sample_field__type_support.h
[3.340s] -- Installing: /home/blazar/karin_ws/install/field_sim/include/field_sim/field_sim/srv/detail/sample_field__functions.h
[3.340s] -- Installing: /home/blazar/karin_ws/install/field_sim/include/field_sim/field_sim/srv/detail/sample_field__functions.c
[3.340s] -- Installing: /home/blazar/karin_ws/install/field_sim/include/field_sim/field_sim/srv/sample_field.h
[3.341s] -- Installing: /home/blazar/karin_ws/install/field_sim/share/field_sim/environment/library_path.sh
[3.341s] -- Installing: /home/blazar/karin_ws/install/field_sim/share/field_sim/environment/library_path.dsv
[3.341s] -- Installing: /home/blazar/karin_ws/install/field_sim/lib/libfield_sim__rosidl_generator_c.so
[3.341s] -- Set non-toolchain portion of runtime path of "/home/blazar/karin_ws/install/field_sim/lib/libfield_sim__rosidl_generator_c.so" to ""
[3.341s] -- Up-to-date: /home/blazar/karin_ws/install/field_sim/include/field_sim/field_sim
[3.341s] -- Up-to-date: /home/blazar/karin_ws/install/field_sim/include/field_sim/field_sim/msg
[3.341s] -- Installing: /home/blazar/karin_ws/install/field_sim/include/field_sim/field_sim/msg/rosidl_typesupport_fastrtps_c__visibility_control.h
[3.341s] -- Up-to-date: /home/blazar/karin_ws/install/field_sim/include/field_sim/field_sim/srv
[3.341s] -- Up-to-date: /home/blazar/karin_ws/install/field_sim/include/field_sim/field_sim/srv/detail
[3.341s] -- Installing: /home/blazar/karin_ws/install/field_sim/include/field_sim/field_sim/srv/detail/sample_field__rosidl_typesupport_fastrtps_c.h
[3.341s] -- Installing: /home/blazar/karin_ws/install/field_sim/lib/libfield_sim__rosidl_typesupport_fastrtps_c.so
[3.342s] -- Set non-toolchain portion of runtime path of "/home/blazar/karin_ws/install/field_sim/lib/libfield_sim__rosidl_typesupport_fastrtps_c.so" to ""
[3.342s] -- Up-to-date: /home/blazar/karin_ws/install/field_sim/include/field_sim/field_sim
[3.342s] -- Up-to-date: /home/blazar/karin_ws/install/field_sim/include/field_sim/field_sim/msg
[3.342s] -- Installing: /home/blazar/karin_ws/install/field_sim/include/field_sim/field_sim/msg/rosidl_generator_cpp__visibility_control.hpp
[3.342s] -- Up-to-date: /home/blazar/karin_ws/install/field_sim/include/field_sim/field_sim/srv
[3.342s] -- Up-to-date: /home/blazar/karin_ws/install/field_sim/include/field_sim/field_sim/srv/detail
[3.342s] -- Installing: /home/blazar/karin_ws/install/field_sim/include/field_sim/field_sim/srv/detail/sample_field__traits.hpp
[3.342s] -- Installing: /home/blazar/karin_ws/install/field_sim/include/field_sim/field_sim/srv/detail/sample_field__struct.hpp
[3.342s] -- Installing: /home/blazar/karin_ws/install/field_sim/include/field_sim/field_sim/srv/detail/sample_field__type_support.hpp
[3.342s] -- Installing: /home/blazar/karin_ws/install/field_sim/include/field_sim/field_sim/srv/detail/sample_field__builder.hpp
[3.342s] -- Installing: /home/blazar/karin_ws/install/field_sim/include/field_sim/field_sim/srv/sample_field.hpp
[3.342s] -- Up-to-date: /home/blazar/karin_ws/install/field_sim/include/field_sim/field_sim
[3.342s] -- Up-to-date: /home/blazar/karin_ws/install/field_sim/include/field_sim/field_sim/msg
[3.342s] -- Installing: /home/blazar/karin_ws/install/field_sim/include/field_sim/field_sim/msg/rosidl_typesupport_fastrtps_cpp__visibility_control.h
[3.342s] -- Up-to-date: /home/blazar/karin_ws/install/field_sim/include/field_sim/field_sim/srv
[3.342s] -- Up-to-date: /home/blazar/karin_ws/install/field_sim/include/field_sim/field_sim/srv/detail
[3.342s] -- Installing: /home/blazar/karin_ws/install/field_sim/include/field_sim/field_sim/srv/detail/dds_fastrtps
[3.343s] -- Installing: /home/blazar/karin_ws/install/field_sim/include/field_sim/field_sim/srv/detail/sample_field__rosidl_typesupport_fastrtps_cpp.hpp
[3.343s] -- Installing: /home/blazar/karin_ws/install/field_sim/lib/libfield_sim__rosidl_typesupport_fastrtps_cpp.so
[3.343s] -- Set non-toolchain portion of runtime path of "/home/blazar/karin_ws/install/field_sim/lib/libfield_sim__rosidl_typesupport_fastrtps_cpp.so" to ""
[3.343s] -- Up-to-date: /home/blazar/karin_ws/install/field_sim/include/field_sim/field_sim
[3.343s] -- Up-to-date: /home/blazar/karin_ws/install/field_sim/include/field_sim/field_sim/msg
[3.343s] -- Installing: /home/blazar/karin_ws/install/field_sim/include/field_sim/field_sim/msg/rosidl_typesupport_introspection_c__visibility_control.h
[3.343s] -- Up-to-date: /home/blazar/karin_ws/install/field_sim/include/field_sim/field_sim/srv
[3.343s] -- Up-to-date: /home/blazar/karin_ws/install/field_sim/include/field_sim/field_sim/srv/detail
[3.343s] -- Up-to-date: /home/blazar/karin_ws/install/field_sim/include/field_sim/field_sim/srv/detail/sample_field__type_support.c
[3.343s] -- Installing: /home/blazar/karin_ws/install/field_sim/include/field_sim/field_sim/srv/detail/sample_field__rosidl_typesupport_introspection_c.h
[3.343s] -- Installing: /home/blazar/karin_ws/install/field_sim/lib/libfield_sim__rosidl_typesupport_introspection_c.so
[3.343s] -- Set non-toolchain portion of runtime path of "/home/blazar/karin_ws/install/field_sim/lib/libfield_sim__rosidl_typesupport_introspection_c.so" to ""
[3.343s] -- Installing: /home/blazar/karin_ws/install/field_sim/lib/libfield_sim__rosidl_typesupport_c.so
[3.344s] -- Set non-toolchain portion of runtime path of "/home/blazar/karin_ws/install/field_sim/lib/libfield_sim__rosidl_typesupport_c.so" to ""
[3.344s] -- Up-to-date: /home/blazar/karin_ws/install/field_sim/include/field_sim/field_sim
[3.344s] -- Up-to-date: /home/blazar/karin_ws/install/field_sim/include/field_sim/field_sim/srv
[3.344s] -- Up-to-date: /home/blazar/karin_ws/install/field_sim/include/field_sim/field_sim/srv/detail
[3.344s] -- Installing: /home/blazar/karin_ws/install/field_sim/include/field_sim/field_sim/srv/detail/sample_field__rosidl_typesupport_introspection_cpp.hpp
[3.344s] -- Installing: /home/blazar/karin_ws/install/field_sim/include/field_sim/field_sim/srv/detail/sample_field__type_support.cpp
[3.344s] -- Installing: /home/blazar/karin_ws/install/field_sim/lib/libfield_sim__rosidl_typesupport_introspection_cpp.so
[3.344s] -- Set non-toolchain portion of runtime path of "/home/blazar/karin_ws/install/field_sim/lib/libfield_sim__rosidl_typesupport_introspection_cpp.so" to ""
[3.344s] -- Installing: /home/blazar/karin_ws/install/field_sim/lib/libfield_sim__rosidl_typesupport_cpp.so
[3.345s] -- Set non-toolchain portion of runtime path of "/home/blazar/karin_ws/install/field_sim/lib/libfield_sim__rosidl_typesupport_cpp.so" to ""
[3.345s] -- Installing: /home/blazar/karin_ws/install/field_sim/share/field_sim/environment/pythonpath.sh
[3.345s] -- Installing: /home/blazar/karin_ws/install/field_sim/share/field_sim/environment/pythonpath.dsv
[3.345s] -- Installing: /home/blazar/karin_ws/install/field_sim/lib/python3.12/site-packages/field_sim-0.0.0-py3.12.egg-info
[3.345s] -- Installing: /home/blazar/karin_ws/install/field_sim/lib/python3.12/site-packages/field_sim-0.0.0-py3.12.egg-info/SOURCES.txt
[3.345s] -- Installing: /home/blazar/karin_ws/install/field_sim/lib/python3.12/site-packages/field_sim-0.0.0-py3.12.egg-info/dependency_links.txt
[3.345s] -- Installing: /home/blazar/karin_ws/install/field_sim/lib/python3.12/site-packages/field_sim-0.0.0-py3.12.egg-info/top_level.txt
[3.345s] -- Installing: /home/blazar/karin_ws/install/field_sim/lib/python3.12/site-packages/field_sim-0.0.0-py3.12.egg-info/PKG-INFO
[3.345s] -- Installing: /home/blazar/karin_ws/install/field_sim/lib/python3.12/site-packages/field_sim
[3.345s] -- Installing: /home/blazar/karin_ws/install/field_sim/lib/python3.12/site-packages/field_sim/srv
[3.345s] -- Installing: /home/blazar/karin_ws/install/field_sim/lib/python3.12/site-packages/field_sim/srv/_sample_field.py
[3.346s] -- Installing: /home/blazar/karin_ws/install/field_sim/lib/python3.12/site-packages/field_sim/srv/_sample_field_s.c
[3.346s] -- Installing: /home/blazar/karin_ws/install/field_sim/lib/python3.12/site-packages/field_sim/srv/__init__.py
[3.346s] -- Installing: /home/blazar/karin_ws/install/field_sim/lib/python3.12/site-packages/field_sim/field_sim_s__rosidl_typesupport_fastrtps_c.so
[3.346s] -- Installing: /home/blazar/karin_ws/install/field_sim/lib/python3.12/site-packages/field_sim/field_sim_s__rosidl_typesupport_c.so
[3.346s] -- Installing: /home/blazar/karin_ws/install/field_sim/lib/python3.12/site-packages/field_sim/_field_sim_s.ep.rosidl_typesupport_c.c
[3.346s] -- Installing: /home/blazar/karin_ws/install/field_sim/lib/python3.12/site-packages/field_sim/_field_sim_s.ep.rosidl_typesupport_introspection_c.c
[3.346s] -- Installing: /home/blazar/karin_ws/install/field_sim/lib/python3.12/site-packages/field_sim/field_sim_s__rosidl_typesupport_introspection_c.so
[3.346s] -- Installing: /home/blazar/karin_ws/install/field_sim/lib/python3.12/site-packages/field_sim/__init__.py
[3.346s] -- Installing: /home/blazar/karin_ws/install/field_sim/lib/python3.12/site-packages/field_sim/_field_sim_s.ep.rosidl_typesupport_fastrtps_c.c
[3.372s] Listing '/home/blazar/karin_ws/install/field_sim/lib/python3.12/site-packages/field_sim'...
[3.372s] Compiling '/home/blazar/karin_ws/install/field_sim/lib/python3.12/site-packages/field_sim/__init__.py'...
[3.372s] Listing '/home/blazar/karin_ws/install/field_sim/lib/python3.12/site-packages/field_sim/srv'...
[3.372s] Compiling '/home/blazar/karin_ws/install/field_sim/lib/python3.12/site-packages/field_sim/srv/__init__.py'...
[3.372s] Compiling '/home/blazar/karin_ws/install/field_sim/lib/python3.12/site-packages/field_sim/srv/_sample_field.py'...
[3.375s] -- Installing: /home/blazar/karin_ws/install/field_sim/lib/python3.12/site-packages/field_sim/field_sim_s__rosidl_typesupport_fastrtps_c.so
[3.375s] -- Set non-toolchain portion of runtime path of "/home/blazar/karin_ws/install/field_sim/lib/python3.12/site-packages/field_sim/field_sim_s__rosidl_typesupport_fastrtps_c.so" to ""
[3.376s] -- Installing: /home/blazar/karin_ws/install/field_sim/lib/python3.12/site-packages/field_sim/field_sim_s__rosidl_typesupport_introspection_c.so
[3.376s] -- Set non-toolchain portion of runtime path of "/home/blazar/karin_ws/install/field_sim/lib/python3.12/site-packages/field_sim/field_sim_s__rosidl_typesupport_introspection_c.so" to ""
[3.376s] -- Installing: /home/blazar/karin_ws/install/field_sim/lib/python3.12/site-packages/field_sim/field_sim_s__rosidl_typesupport_c.so
[3.376s] -- Set non-toolchain portion of runtime path of "/home/blazar/karin_ws/install/field_sim/lib/python3.12/site-packages/field_sim/field_sim_s__rosidl_typesupport_c.so" to ""
[3.376s] -- Installing: /home/blazar/karin_ws/install/field_sim/lib/libfield_sim__rosidl_generator_py.so
[3.377s] -- Set non-toolchain portion of runtime path of "/home/blazar/karin_ws/install/field_sim/lib/libfield_sim__rosidl_generator_py.so" to ""
[3.377s] -- Installing: /home/blazar/karin_ws/install/field_sim/share/field_sim/srv/SampleField.idl
[3.377s] -- Installing: /home/blazar/karin_ws/install/field_sim/share/field_sim/srv/SampleField.srv
[3.377s] -- Installing: /home/blazar/karin_ws/install/field_sim/lib/field_sim/ground_truth_field_node.py
[3.377s] -- Installing: /home/blazar/karin_ws/install/field_sim/lib/field_sim/field_sampler_node.py
[3.377s] -- Installing: /home/blazar/karin_ws/install/field_sim/lib/field_sim/gp_reconstructor_node.py
[3.377s] -- Installing: /home/blazar/karin_ws/install/field_sim/lib/field_sim/boat_tf_publisher.py
[3.377s] -- Installing: /home/blazar/karin_ws/install/field_sim/lib/field_sim/test_geotagging.py
[3.377s] -- Up-to-date: /home/blazar/karin_ws/install/field_sim/share/field_sim//launch
[3.378s] -- Up-to-date: /home/blazar/karin_ws/install/field_sim/share/field_sim//launch/field_validation.launch.py
[3.378s] -- Up-to-date: /home/blazar/karin_ws/install/field_sim/share/field_sim//config
[3.378s] -- Installing: /home/blazar/karin_ws/install/field_sim/share/field_sim//config/generated_field_params.yaml
[3.378s] -- Up-to-date: /home/blazar/karin_ws/install/field_sim/share/field_sim//config/field_params.yaml
[3.378s] -- Up-to-date: /home/blazar/karin_ws/install/field_sim/share/field_sim//rviz
[3.378s] -- Installing: /home/blazar/karin_ws/install/field_sim/share/ament_index/resource_index/package_run_dependencies/field_sim
[3.378s] -- Installing: /home/blazar/karin_ws/install/field_sim/share/ament_index/resource_index/parent_prefix_path/field_sim
[3.378s] -- Up-to-date: /home/blazar/karin_ws/install/field_sim/share/field_sim/environment/ament_prefix_path.sh
[3.378s] -- Up-to-date: /home/blazar/karin_ws/install/field_sim/share/field_sim/environment/ament_prefix_path.dsv
[3.379s] -- Up-to-date: /home/blazar/karin_ws/install/field_sim/share/field_sim/environment/path.sh
[3.379s] -- Up-to-date: /home/blazar/karin_ws/install/field_sim/share/field_sim/environment/path.dsv
[3.379s] -- Up-to-date: /home/blazar/karin_ws/install/field_sim/share/field_sim/local_setup.bash
[3.379s] -- Installing: /home/blazar/karin_ws/install/field_sim/share/field_sim/local_setup.sh
[3.379s] -- Up-to-date: /home/blazar/karin_ws/install/field_sim/share/field_sim/local_setup.zsh
[3.379s] -- Installing: /home/blazar/karin_ws/install/field_sim/share/field_sim/local_setup.dsv
[3.379s] -- Installing: /home/blazar/karin_ws/install/field_sim/share/field_sim/package.dsv
[3.379s] -- Up-to-date: /home/blazar/karin_ws/install/field_sim/share/ament_index/resource_index/packages/field_sim
[3.379s] -- Installing: /home/blazar/karin_ws/install/field_sim/share/field_sim/cmake/export_field_sim__rosidl_generator_cExport.cmake
[3.379s] -- Installing: /home/blazar/karin_ws/install/field_sim/share/field_sim/cmake/export_field_sim__rosidl_generator_cExport-noconfig.cmake
[3.379s] -- Installing: /home/blazar/karin_ws/install/field_sim/share/field_sim/cmake/export_field_sim__rosidl_typesupport_fastrtps_cExport.cmake
[3.380s] -- Installing: /home/blazar/karin_ws/install/field_sim/share/field_sim/cmake/export_field_sim__rosidl_typesupport_fastrtps_cExport-noconfig.cmake
[3.380s] -- Installing: /home/blazar/karin_ws/install/field_sim/share/field_sim/cmake/export_field_sim__rosidl_generator_cppExport.cmake
[3.380s] -- Installing: /home/blazar/karin_ws/install/field_sim/share/field_sim/cmake/export_field_sim__rosidl_typesupport_fastrtps_cppExport.cmake
[3.380s] -- Installing: /home/blazar/karin_ws/install/field_sim/share/field_sim/cmake/export_field_sim__rosidl_typesupport_fastrtps_cppExport-noconfig.cmake
[3.380s] -- Installing: /home/blazar/karin_ws/install/field_sim/share/field_sim/cmake/field_sim__rosidl_typesupport_introspection_cExport.cmake
[3.380s] -- Installing: /home/blazar/karin_ws/install/field_sim/share/field_sim/cmake/field_sim__rosidl_typesupport_introspection_cExport-noconfig.cmake
[3.380s] -- Installing: /home/blazar/karin_ws/install/field_sim/share/field_sim/cmake/field_sim__rosidl_typesupport_cExport.cmake
[3.381s] -- Installing: /home/blazar/karin_ws/install/field_sim/share/field_sim/cmake/field_sim__rosidl_typesupport_cExport-noconfig.cmake
[3.381s] -- Installing: /home/blazar/karin_ws/install/field_sim/share/field_sim/cmake/field_sim__rosidl_typesupport_introspection_cppExport.cmake
[3.381s] -- Installing: /home/blazar/karin_ws/install/field_sim/share/field_sim/cmake/field_sim__rosidl_typesupport_introspection_cppExport-noconfig.cmake
[3.381s] -- Installing: /home/blazar/karin_ws/install/field_sim/share/field_sim/cmake/field_sim__rosidl_typesupport_cppExport.cmake
[3.381s] -- Installing: /home/blazar/karin_ws/install/field_sim/share/field_sim/cmake/field_sim__rosidl_typesupport_cppExport-noconfig.cmake
[3.381s] -- Installing: /home/blazar/karin_ws/install/field_sim/share/field_sim/cmake/export_field_sim__rosidl_generator_pyExport.cmake
[3.381s] -- Installing: /home/blazar/karin_ws/install/field_sim/share/field_sim/cmake/export_field_sim__rosidl_generator_pyExport-noconfig.cmake
[3.382s] -- Installing: /home/blazar/karin_ws/install/field_sim/share/field_sim/cmake/rosidl_cmake-extras.cmake
[3.382s] -- Installing: /home/blazar/karin_ws/install/field_sim/share/field_sim/cmake/ament_cmake_export_dependencies-extras.cmake
[3.382s] -- Installing: /home/blazar/karin_ws/install/field_sim/share/field_sim/cmake/ament_cmake_export_include_directories-extras.cmake
[3.382s] -- Installing: /home/blazar/karin_ws/install/field_sim/share/field_sim/cmake/ament_cmake_export_libraries-extras.cmake
[3.382s] -- Installing: /home/blazar/karin_ws/install/field_sim/share/field_sim/cmake/ament_cmake_export_targets-extras.cmake
[3.382s] -- Installing: /home/blazar/karin_ws/install/field_sim/share/field_sim/cmake/rosidl_cmake_export_typesupport_targets-extras.cmake
[3.382s] -- Installing: /home/blazar/karin_ws/install/field_sim/share/field_sim/cmake/rosidl_cmake_export_typesupport_libraries-extras.cmake
[3.382s] -- Installing: /home/blazar/karin_ws/install/field_sim/share/field_sim/cmake/field_simConfig.cmake
[3.382s] -- Up-to-date: /home/blazar/karin_ws/install/field_sim/share/field_sim/cmake/field_simConfig-version.cmake
[3.382s] -- Installing: /home/blazar/karin_ws/install/field_sim/share/field_sim/package.xml
[3.384s] Invoked command in '/home/blazar/karin_ws/build/field_sim' returned '0': CMAKE_PREFIX_PATH=/home/blazar/karin_ws/install/simsetup:/home/blazar/karin_ws/install/field_sim:/home/blazar/workspace/rockytimes_ws/install/localisation:/opt/ros/jazzy:/home/blazar/vrx_ws/install:/home/blazar/workspace/rockytimes_ws/install/mission:/home/blazar/workspace/rockytimes_ws/install/px4_ros_com:/home/blazar/workspace/rockytimes_ws/install/px4_msgs:/opt/ros/jazzy/opt/gz_sim_vendor:/opt/ros/jazzy/opt/gz_sensors_vendor:/opt/ros/jazzy/opt/gz_physics_vendor:/opt/ros/jazzy/opt/sdformat_vendor:/opt/ros/jazzy/opt/gz_gui_vendor:/opt/ros/jazzy/opt/gz_transport_vendor:/opt/ros/jazzy/opt/gz_rendering_vendor:/opt/ros/jazzy/opt/gz_plugin_vendor:/opt/ros/jazzy/opt/gz_fuel_tools_vendor:/opt/ros/jazzy/opt/gz_msgs_vendor:/opt/ros/jazzy/opt/gz_common_vendor:/opt/ros/jazzy/opt/gz_math_vendor:/opt/ros/jazzy/opt/gz_utils_vendor:/opt/ros/jazzy/opt/gz_tools_vendor:/opt/ros/jazzy/opt/gz_ogre_next_vendor:/opt/ros/jazzy/opt/gz_dartsim_vendor:/opt/ros/jazzy/opt/gz_cmake_vendor DEBUGINFOD_URLS=https://debuginfod.ubuntu.com /usr/bin/cmake --install /home/blazar/karin_ws/build/field_sim
