-- The C compiler identification is GNU 11.5.0
-- The CXX compiler identification is GNU 11.5.0
-- Detecting C compiler ABI info
-- Detecting C compiler ABI info - done
-- Check for working C compiler: /usr/bin/cc - skipped
-- Detecting C compile features
-- Detecting C compile features - done
-- Detecting CXX compiler ABI info
-- Detecting CXX compiler ABI info - done
-- Check for working CXX compiler: /usr/bin/c++ - skipped
-- Detecting CXX compile features
-- Detecting CXX compile features - done
-- Found ament_cmake: 2.5.4 (/opt/ros/jazzy/share/ament_cmake/cmake)
-- Found Python3: /usr/bin/python3 (found version "3.12.3") found components: Interpreter 
-- Found rclcpp: 28.1.10 (/opt/ros/jazzy/share/rclcpp/cmake)
-- Found rosidl_generator_c: 4.6.5 (/opt/ros/jazzy/share/rosidl_generator_c/cmake)
-- Found rosidl_generator_cpp: 4.6.5 (/opt/ros/jazzy/share/rosidl_generator_cpp/cmake)
-- Using all available rosidl_typesupport_c: rosidl_typesupport_fastrtps_c;rosidl_typesupport_introspection_c
-- Using all available rosidl_typesupport_cpp: rosidl_typesupport_fastrtps_cpp;rosidl_typesupport_introspection_cpp
-- Found rmw_implementation_cmake: 7.3.2 (/opt/ros/jazzy/share/rmw_implementation_cmake/cmake)
-- Found rmw_fastrtps_cpp: 8.4.2 (/opt/ros/jazzy/share/rmw_fastrtps_cpp/cmake)
-- Found OpenSSL: /usr/lib/x86_64-linux-gnu/libcrypto.so (found version "3.0.13")  
-- Found FastRTPS: /opt/ros/jazzy/include (Required is at least version "2.13") 
-- Using RMW implementation 'rmw_fastrtps_cpp' as default
-- Found rclpy: 7.1.4 (/opt/ros/jazzy/share/rclpy/cmake)
-- Found std_msgs: 5.3.6 (/opt/ros/jazzy/share/std_msgs/cmake)
-- Found geometry_msgs: 5.3.6 (/opt/ros/jazzy/share/geometry_msgs/cmake)
-- Found visualization_msgs: 5.3.6 (/opt/ros/jazzy/share/visualization_msgs/cmake)
-- Found nav_msgs: 5.3.6 (/opt/ros/jazzy/share/nav_msgs/cmake)
-- Found tf2_ros: 0.36.12 (/opt/ros/jazzy/share/tf2_ros/cmake)
-- Found ament_lint_auto: 0.17.2 (/opt/ros/jazzy/share/ament_lint_auto/cmake)
-- Added test 'flake8' to check Python code syntax and style conventions
-- Configured 'flake8' exclude dirs and/or files: 
-- Added test 'lint_cmake' to check CMake code style
-- Added test 'pep257' to check Python code against some of the docstring style conventions in PEP 257
-- Added test 'xmllint' to check XML markup files
-- Configuring done (0.9s)
-- Generating done (0.0s)
-- Build files have been written to: /home/blazar/karin_ws/build/field_sim
-- Install configuration: ""
-- Installing: /home/blazar/karin_ws/install/field_sim/lib/field_sim/ground_truth_field_node.py
-- Installing: /home/blazar/karin_ws/install/field_sim/lib/field_sim/field_sampler_node.py
-- Installing: /home/blazar/karin_ws/install/field_sim/share/field_sim//launch
-- Installing: /home/blazar/karin_ws/install/field_sim/share/field_sim//launch/field_validation.launch.py
-- Installing: /home/blazar/karin_ws/install/field_sim/share/field_sim//config
-- Installing: /home/blazar/karin_ws/install/field_sim/share/field_sim//config/field_params.yaml
-- Installing: /home/blazar/karin_ws/install/field_sim/share/field_sim//rviz
-- Installing: /home/blazar/karin_ws/install/field_sim/share/ament_index/resource_index/package_run_dependencies/field_sim
-- Installing: /home/blazar/karin_ws/install/field_sim/share/ament_index/resource_index/parent_prefix_path/field_sim
-- Installing: /home/blazar/karin_ws/install/field_sim/share/field_sim/environment/ament_prefix_path.sh
-- Installing: /home/blazar/karin_ws/install/field_sim/share/field_sim/environment/ament_prefix_path.dsv
-- Installing: /home/blazar/karin_ws/install/field_sim/share/field_sim/environment/path.sh
-- Installing: /home/blazar/karin_ws/install/field_sim/share/field_sim/environment/path.dsv
-- Installing: /home/blazar/karin_ws/install/field_sim/share/field_sim/local_setup.bash
-- Installing: /home/blazar/karin_ws/install/field_sim/share/field_sim/local_setup.sh
-- Installing: /home/blazar/karin_ws/install/field_sim/share/field_sim/local_setup.zsh
-- Installing: /home/blazar/karin_ws/install/field_sim/share/field_sim/local_setup.dsv
-- Installing: /home/blazar/karin_ws/install/field_sim/share/field_sim/package.dsv
-- Installing: /home/blazar/karin_ws/install/field_sim/share/ament_index/resource_index/packages/field_sim
-- Installing: /home/blazar/karin_ws/install/field_sim/share/field_sim/cmake/field_simConfig.cmake
-- Installing: /home/blazar/karin_ws/install/field_sim/share/field_sim/cmake/field_simConfig-version.cmake
-- Installing: /home/blazar/karin_ws/install/field_sim/share/field_sim/package.xml
