[0.007s] Invoking command in '/home/blazar/karin_ws/build/field_sim': CMAKE_PREFIX_PATH=/home/blazar/karin_ws/install/simsetup:/home/blazar/workspace/rockytimes_ws/install/localisation:/opt/ros/jazzy:/home/blazar/vrx_ws/install:/home/blazar/workspace/rockytimes_ws/install/mission:/home/blazar/workspace/rockytimes_ws/install/px4_ros_com:/home/blazar/workspace/rockytimes_ws/install/px4_msgs:/opt/ros/jazzy/opt/gz_sim_vendor:/opt/ros/jazzy/opt/gz_sensors_vendor:/opt/ros/jazzy/opt/gz_physics_vendor:/opt/ros/jazzy/opt/sdformat_vendor:/opt/ros/jazzy/opt/gz_gui_vendor:/opt/ros/jazzy/opt/gz_transport_vendor:/opt/ros/jazzy/opt/gz_rendering_vendor:/opt/ros/jazzy/opt/gz_plugin_vendor:/opt/ros/jazzy/opt/gz_fuel_tools_vendor:/opt/ros/jazzy/opt/gz_msgs_vendor:/opt/ros/jazzy/opt/gz_common_vendor:/opt/ros/jazzy/opt/gz_math_vendor:/opt/ros/jazzy/opt/gz_utils_vendor:/opt/ros/jazzy/opt/gz_tools_vendor:/opt/ros/jazzy/opt/gz_ogre_next_vendor:/opt/ros/jazzy/opt/gz_dartsim_vendor:/opt/ros/jazzy/opt/gz_cmake_vendor DEBUGINFOD_URLS=https://debuginfod.ubuntu.com /usr/bin/cmake /home/blazar/karin_ws/src/field_sim -DCMAKE_INSTALL_PREFIX=/home/blazar/karin_ws/install/field_sim
[0.047s] -- The C compiler identification is GNU 11.5.0
[0.082s] -- The CXX compiler identification is GNU 11.5.0
[0.094s] -- Detecting C compiler ABI info
[0.154s] -- Detecting C compiler ABI info - done
[0.159s] -- Check for working C compiler: /usr/bin/cc - skipped
[0.160s] -- Detecting C compile features
[0.160s] -- Detecting C compile features - done
[0.166s] -- Detecting CXX compiler ABI info
[0.232s] -- Detecting CXX compiler ABI info - done
[0.238s] -- Check for working CXX compiler: /usr/bin/c++ - skipped
[0.238s] -- Detecting CXX compile features
[0.238s] -- Detecting CXX compile features - done
[0.240s] -- Found ament_cmake: 2.5.4 (/opt/ros/jazzy/share/ament_cmake/cmake)
[0.343s] -- Found Python3: /usr/bin/python3 (found version "3.12.3") found components: Interpreter 
[0.403s] -- Found rclcpp: 28.1.10 (/opt/ros/jazzy/share/rclcpp/cmake)
[0.428s] -- Found rosidl_generator_c: 4.6.5 (/opt/ros/jazzy/share/rosidl_generator_c/cmake)
[0.435s] -- Found rosidl_generator_cpp: 4.6.5 (/opt/ros/jazzy/share/rosidl_generator_cpp/cmake)
[0.444s] -- Using all available rosidl_typesupport_c: rosidl_typesupport_fastrtps_c;rosidl_typesupport_introspection_c
[0.455s] -- Using all available rosidl_typesupport_cpp: rosidl_typesupport_fastrtps_cpp;rosidl_typesupport_introspection_cpp
[0.502s] -- Found rmw_implementation_cmake: 7.3.2 (/opt/ros/jazzy/share/rmw_implementation_cmake/cmake)
[0.503s] -- Found rmw_fastrtps_cpp: 8.4.2 (/opt/ros/jazzy/share/rmw_fastrtps_cpp/cmake)
[0.568s] -- Found OpenSSL: /usr/lib/x86_64-linux-gnu/libcrypto.so (found version "3.0.13")  
[0.582s] -- Found FastRTPS: /opt/ros/jazzy/include (Required is at least version "2.13") 
[0.598s] -- Using RMW implementation 'rmw_fastrtps_cpp' as default
[0.644s] -- Found rclpy: 7.1.4 (/opt/ros/jazzy/share/rclpy/cmake)
[0.645s] -- Found std_msgs: 5.3.6 (/opt/ros/jazzy/share/std_msgs/cmake)
[0.654s] -- Found geometry_msgs: 5.3.6 (/opt/ros/jazzy/share/geometry_msgs/cmake)
[0.664s] -- Found visualization_msgs: 5.3.6 (/opt/ros/jazzy/share/visualization_msgs/cmake)
[0.701s] -- Found nav_msgs: 5.3.6 (/opt/ros/jazzy/share/nav_msgs/cmake)
[0.719s] -- Found tf2_ros: 0.36.12 (/opt/ros/jazzy/share/tf2_ros/cmake)
[0.809s] -- Found ament_lint_auto: 0.17.2 (/opt/ros/jazzy/share/ament_lint_auto/cmake)
[0.874s] -- Added test 'flake8' to check Python code syntax and style conventions
[0.874s] -- Configured 'flake8' exclude dirs and/or files: 
[0.874s] -- Added test 'lint_cmake' to check CMake code style
[0.874s] -- Added test 'pep257' to check Python code against some of the docstring style conventions in PEP 257
[0.875s] -- Added test 'xmllint' to check XML markup files
[0.876s] -- Configuring done (0.9s)
[0.880s] -- Generating done (0.0s)
[0.882s] -- Build files have been written to: /home/blazar/karin_ws/build/field_sim
[0.888s] Invoked command in '/home/blazar/karin_ws/build/field_sim' returned '0': CMAKE_PREFIX_PATH=/home/blazar/karin_ws/install/simsetup:/home/blazar/workspace/rockytimes_ws/install/localisation:/opt/ros/jazzy:/home/blazar/vrx_ws/install:/home/blazar/workspace/rockytimes_ws/install/mission:/home/blazar/workspace/rockytimes_ws/install/px4_ros_com:/home/blazar/workspace/rockytimes_ws/install/px4_msgs:/opt/ros/jazzy/opt/gz_sim_vendor:/opt/ros/jazzy/opt/gz_sensors_vendor:/opt/ros/jazzy/opt/gz_physics_vendor:/opt/ros/jazzy/opt/sdformat_vendor:/opt/ros/jazzy/opt/gz_gui_vendor:/opt/ros/jazzy/opt/gz_transport_vendor:/opt/ros/jazzy/opt/gz_rendering_vendor:/opt/ros/jazzy/opt/gz_plugin_vendor:/opt/ros/jazzy/opt/gz_fuel_tools_vendor:/opt/ros/jazzy/opt/gz_msgs_vendor:/opt/ros/jazzy/opt/gz_common_vendor:/opt/ros/jazzy/opt/gz_math_vendor:/opt/ros/jazzy/opt/gz_utils_vendor:/opt/ros/jazzy/opt/gz_tools_vendor:/opt/ros/jazzy/opt/gz_ogre_next_vendor:/opt/ros/jazzy/opt/gz_dartsim_vendor:/opt/ros/jazzy/opt/gz_cmake_vendor DEBUGINFOD_URLS=https://debuginfod.ubuntu.com /usr/bin/cmake /home/blazar/karin_ws/src/field_sim -DCMAKE_INSTALL_PREFIX=/home/blazar/karin_ws/install/field_sim
[0.889s] Invoking command in '/home/blazar/karin_ws/build/field_sim': CMAKE_PREFIX_PATH=/home/blazar/karin_ws/install/simsetup:/home/blazar/workspace/rockytimes_ws/install/localisation:/opt/ros/jazzy:/home/blazar/vrx_ws/install:/home/blazar/workspace/rockytimes_ws/install/mission:/home/blazar/workspace/rockytimes_ws/install/px4_ros_com:/home/blazar/workspace/rockytimes_ws/install/px4_msgs:/opt/ros/jazzy/opt/gz_sim_vendor:/opt/ros/jazzy/opt/gz_sensors_vendor:/opt/ros/jazzy/opt/gz_physics_vendor:/opt/ros/jazzy/opt/sdformat_vendor:/opt/ros/jazzy/opt/gz_gui_vendor:/opt/ros/jazzy/opt/gz_transport_vendor:/opt/ros/jazzy/opt/gz_rendering_vendor:/opt/ros/jazzy/opt/gz_plugin_vendor:/opt/ros/jazzy/opt/gz_fuel_tools_vendor:/opt/ros/jazzy/opt/gz_msgs_vendor:/opt/ros/jazzy/opt/gz_common_vendor:/opt/ros/jazzy/opt/gz_math_vendor:/opt/ros/jazzy/opt/gz_utils_vendor:/opt/ros/jazzy/opt/gz_tools_vendor:/opt/ros/jazzy/opt/gz_ogre_next_vendor:/opt/ros/jazzy/opt/gz_dartsim_vendor:/opt/ros/jazzy/opt/gz_cmake_vendor DEBUGINFOD_URLS=https://debuginfod.ubuntu.com /usr/bin/cmake --build /home/blazar/karin_ws/build/field_sim -- -j16 -l16
[0.920s] Invoked command in '/home/blazar/karin_ws/build/field_sim' returned '0': CMAKE_PREFIX_PATH=/home/blazar/karin_ws/install/simsetup:/home/blazar/workspace/rockytimes_ws/install/localisation:/opt/ros/jazzy:/home/blazar/vrx_ws/install:/home/blazar/workspace/rockytimes_ws/install/mission:/home/blazar/workspace/rockytimes_ws/install/px4_ros_com:/home/blazar/workspace/rockytimes_ws/install/px4_msgs:/opt/ros/jazzy/opt/gz_sim_vendor:/opt/ros/jazzy/opt/gz_sensors_vendor:/opt/ros/jazzy/opt/gz_physics_vendor:/opt/ros/jazzy/opt/sdformat_vendor:/opt/ros/jazzy/opt/gz_gui_vendor:/opt/ros/jazzy/opt/gz_transport_vendor:/opt/ros/jazzy/opt/gz_rendering_vendor:/opt/ros/jazzy/opt/gz_plugin_vendor:/opt/ros/jazzy/opt/gz_fuel_tools_vendor:/opt/ros/jazzy/opt/gz_msgs_vendor:/opt/ros/jazzy/opt/gz_common_vendor:/opt/ros/jazzy/opt/gz_math_vendor:/opt/ros/jazzy/opt/gz_utils_vendor:/opt/ros/jazzy/opt/gz_tools_vendor:/opt/ros/jazzy/opt/gz_ogre_next_vendor:/opt/ros/jazzy/opt/gz_dartsim_vendor:/opt/ros/jazzy/opt/gz_cmake_vendor DEBUGINFOD_URLS=https://debuginfod.ubuntu.com /usr/bin/cmake --build /home/blazar/karin_ws/build/field_sim -- -j16 -l16
[0.921s] Invoking command in '/home/blazar/karin_ws/build/field_sim': CMAKE_PREFIX_PATH=/home/blazar/karin_ws/install/simsetup:/home/blazar/workspace/rockytimes_ws/install/localisation:/opt/ros/jazzy:/home/blazar/vrx_ws/install:/home/blazar/workspace/rockytimes_ws/install/mission:/home/blazar/workspace/rockytimes_ws/install/px4_ros_com:/home/blazar/workspace/rockytimes_ws/install/px4_msgs:/opt/ros/jazzy/opt/gz_sim_vendor:/opt/ros/jazzy/opt/gz_sensors_vendor:/opt/ros/jazzy/opt/gz_physics_vendor:/opt/ros/jazzy/opt/sdformat_vendor:/opt/ros/jazzy/opt/gz_gui_vendor:/opt/ros/jazzy/opt/gz_transport_vendor:/opt/ros/jazzy/opt/gz_rendering_vendor:/opt/ros/jazzy/opt/gz_plugin_vendor:/opt/ros/jazzy/opt/gz_fuel_tools_vendor:/opt/ros/jazzy/opt/gz_msgs_vendor:/opt/ros/jazzy/opt/gz_common_vendor:/opt/ros/jazzy/opt/gz_math_vendor:/opt/ros/jazzy/opt/gz_utils_vendor:/opt/ros/jazzy/opt/gz_tools_vendor:/opt/ros/jazzy/opt/gz_ogre_next_vendor:/opt/ros/jazzy/opt/gz_dartsim_vendor:/opt/ros/jazzy/opt/gz_cmake_vendor DEBUGINFOD_URLS=https://debuginfod.ubuntu.com /usr/bin/cmake --install /home/blazar/karin_ws/build/field_sim
[0.926s] -- Install configuration: ""
[0.926s] -- Installing: /home/blazar/karin_ws/install/field_sim/lib/field_sim/ground_truth_field_node.py
[0.927s] -- Installing: /home/blazar/karin_ws/install/field_sim/lib/field_sim/field_sampler_node.py
[0.927s] -- Installing: /home/blazar/karin_ws/install/field_sim/share/field_sim//launch
[0.927s] -- Installing: /home/blazar/karin_ws/install/field_sim/share/field_sim//launch/field_validation.launch.py
[0.927s] -- Installing: /home/blazar/karin_ws/install/field_sim/share/field_sim//config
[0.927s] -- Installing: /home/blazar/karin_ws/install/field_sim/share/field_sim//config/field_params.yaml
[0.927s] -- Installing: /home/blazar/karin_ws/install/field_sim/share/field_sim//rviz
[0.927s] -- Installing: /home/blazar/karin_ws/install/field_sim/share/ament_index/resource_index/package_run_dependencies/field_sim
[0.927s] -- Installing: /home/blazar/karin_ws/install/field_sim/share/ament_index/resource_index/parent_prefix_path/field_sim
[0.927s] -- Installing: /home/blazar/karin_ws/install/field_sim/share/field_sim/environment/ament_prefix_path.sh
[0.927s] -- Installing: /home/blazar/karin_ws/install/field_sim/share/field_sim/environment/ament_prefix_path.dsv
[0.928s] -- Installing: /home/blazar/karin_ws/install/field_sim/share/field_sim/environment/path.sh
[0.928s] -- Installing: /home/blazar/karin_ws/install/field_sim/share/field_sim/environment/path.dsv
[0.928s] -- Installing: /home/blazar/karin_ws/install/field_sim/share/field_sim/local_setup.bash
[0.928s] -- Installing: /home/blazar/karin_ws/install/field_sim/share/field_sim/local_setup.sh
[0.928s] -- Installing: /home/blazar/karin_ws/install/field_sim/share/field_sim/local_setup.zsh
[0.928s] -- Installing: /home/blazar/karin_ws/install/field_sim/share/field_sim/local_setup.dsv
[0.928s] -- Installing: /home/blazar/karin_ws/install/field_sim/share/field_sim/package.dsv
[0.928s] -- Installing: /home/blazar/karin_ws/install/field_sim/share/ament_index/resource_index/packages/field_sim
[0.929s] -- Installing: /home/blazar/karin_ws/install/field_sim/share/field_sim/cmake/field_simConfig.cmake
[0.929s] -- Installing: /home/blazar/karin_ws/install/field_sim/share/field_sim/cmake/field_simConfig-version.cmake
[0.929s] -- Installing: /home/blazar/karin_ws/install/field_sim/share/field_sim/package.xml
[0.930s] Invoked command in '/home/blazar/karin_ws/build/field_sim' returned '0': CMAKE_PREFIX_PATH=/home/blazar/karin_ws/install/simsetup:/home/blazar/workspace/rockytimes_ws/install/localisation:/opt/ros/jazzy:/home/blazar/vrx_ws/install:/home/blazar/workspace/rockytimes_ws/install/mission:/home/blazar/workspace/rockytimes_ws/install/px4_ros_com:/home/blazar/workspace/rockytimes_ws/install/px4_msgs:/opt/ros/jazzy/opt/gz_sim_vendor:/opt/ros/jazzy/opt/gz_sensors_vendor:/opt/ros/jazzy/opt/gz_physics_vendor:/opt/ros/jazzy/opt/sdformat_vendor:/opt/ros/jazzy/opt/gz_gui_vendor:/opt/ros/jazzy/opt/gz_transport_vendor:/opt/ros/jazzy/opt/gz_rendering_vendor:/opt/ros/jazzy/opt/gz_plugin_vendor:/opt/ros/jazzy/opt/gz_fuel_tools_vendor:/opt/ros/jazzy/opt/gz_msgs_vendor:/opt/ros/jazzy/opt/gz_common_vendor:/opt/ros/jazzy/opt/gz_math_vendor:/opt/ros/jazzy/opt/gz_utils_vendor:/opt/ros/jazzy/opt/gz_tools_vendor:/opt/ros/jazzy/opt/gz_ogre_next_vendor:/opt/ros/jazzy/opt/gz_dartsim_vendor:/opt/ros/jazzy/opt/gz_cmake_vendor DEBUGINFOD_URLS=https://debuginfod.ubuntu.com /usr/bin/cmake --install /home/blazar/karin_ws/build/field_sim
