[0.011s] Invoking command in '/home/blazar/karin_ws/build/field_sim': CMAKE_PREFIX_PATH=${CMAKE_PREFIX_PATH}:/home/blazar/workspace/rockytimes_ws/install/localisation:/opt/ros/jazzy DEBUGINFOD_URLS=https://debuginfod.ubuntu.com PS1=(karin_ws) \[\e]0;\u@\h: \w\a\]${debian_chroot:+($debian_chroot)}\[\033[01;32m\]\u@\h\[\033[00m\]:\[\033[01;34m\]\w\[\033[00m\]\$ VIRTUAL_ENV_PROMPT=(karin_ws) /usr/bin/cmake --build /home/blazar/karin_ws/build/field_sim -- -j16 -l16
[0.051s] [  2%] Built target field_sim__rosidl_generator_type_description
[0.057s] [  2%] Built target ament_cmake_python_copy_field_sim
[0.066s] [  5%] Built target field_sim__cpp
[0.067s] [ 20%] Built target field_sim__rosidl_generator_c
[0.082s] [ 29%] Built target field_sim__rosidl_typesupport_introspection_c
[0.082s] [ 38%] Built target field_sim__rosidl_typesupport_c
[0.082s] [ 47%] Built target field_sim__rosidl_typesupport_cpp
[0.083s] [ 61%] Built target field_sim__rosidl_typesupport_fastrtps_cpp
[0.083s] [ 64%] Built target field_sim__rosidl_typesupport_fastrtps_c
[0.084s] [ 73%] Built target field_sim__rosidl_typesupport_introspection_cpp
[0.100s] [ 73%] Built target field_sim
[0.117s] [ 76%] Built target field_sim__py
[0.134s] [ 82%] Built target field_sim__rosidl_generator_py
[0.151s] [ 88%] Built target field_sim_s__rosidl_typesupport_fastrtps_c
[0.151s] [ 94%] Built target field_sim_s__rosidl_typesupport_introspection_c
[0.152s] [100%] Built target field_sim_s__rosidl_typesupport_c
[0.178s] running egg_info
[0.187s] writing field_sim.egg-info/PKG-INFO
[0.187s] writing dependency_links to field_sim.egg-info/dependency_links.txt
[0.188s] writing top-level names to field_sim.egg-info/top_level.txt
[0.215s] reading manifest file 'field_sim.egg-info/SOURCES.txt'
[0.215s] writing manifest file 'field_sim.egg-info/SOURCES.txt'
[0.231s] [100%] Built target ament_cmake_python_build_field_sim_egg
[0.241s] Invoked command in '/home/blazar/karin_ws/build/field_sim' returned '0': CMAKE_PREFIX_PATH=${CMAKE_PREFIX_PATH}:/home/blazar/workspace/rockytimes_ws/install/localisation:/opt/ros/jazzy DEBUGINFOD_URLS=https://debuginfod.ubuntu.com PS1=(karin_ws) \[\e]0;\u@\h: \w\a\]${debian_chroot:+($debian_chroot)}\[\033[01;32m\]\u@\h\[\033[00m\]:\[\033[01;34m\]\w\[\033[00m\]\$ VIRTUAL_ENV_PROMPT=(karin_ws) /usr/bin/cmake --build /home/blazar/karin_ws/build/field_sim -- -j16 -l16
[0.242s] Invoking command in '/home/blazar/karin_ws/build/field_sim': CMAKE_PREFIX_PATH=${CMAKE_PREFIX_PATH}:/home/blazar/workspace/rockytimes_ws/install/localisation:/opt/ros/jazzy DEBUGINFOD_URLS=https://debuginfod.ubuntu.com PS1=(karin_ws) \[\e]0;\u@\h: \w\a\]${debian_chroot:+($debian_chroot)}\[\033[01;32m\]\u@\h\[\033[00m\]:\[\033[01;34m\]\w\[\033[00m\]\$ VIRTUAL_ENV_PROMPT=(karin_ws) /usr/bin/cmake --install /home/blazar/karin_ws/build/field_sim
[0.248s] -- Install configuration: ""
[0.248s] -- Up-to-date: /home/blazar/karin_ws/install/field_sim/share/ament_index/resource_index/rosidl_interfaces/field_sim
[0.248s] -- Up-to-date: /home/blazar/karin_ws/install/field_sim/share/field_sim/srv/SampleField.json
[0.248s] -- Up-to-date: /home/blazar/karin_ws/install/field_sim/include/field_sim/field_sim
[0.248s] -- Up-to-date: /home/blazar/karin_ws/install/field_sim/include/field_sim/field_sim/msg
[0.248s] -- Up-to-date: /home/blazar/karin_ws/install/field_sim/include/field_sim/field_sim/msg/rosidl_generator_c__visibility_control.h
[0.248s] -- Up-to-date: /home/blazar/karin_ws/install/field_sim/include/field_sim/field_sim/srv
[0.248s] -- Up-to-date: /home/blazar/karin_ws/install/field_sim/include/field_sim/field_sim/srv/detail
[0.248s] -- Up-to-date: /home/blazar/karin_ws/install/field_sim/include/field_sim/field_sim/srv/detail/sample_field__struct.h
[0.248s] -- Up-to-date: /home/blazar/karin_ws/install/field_sim/include/field_sim/field_sim/srv/detail/sample_field__type_support.c
[0.248s] -- Up-to-date: /home/blazar/karin_ws/install/field_sim/include/field_sim/field_sim/srv/detail/sample_field__description.c
[0.248s] -- Up-to-date: /home/blazar/karin_ws/install/field_sim/include/field_sim/field_sim/srv/detail/sample_field__type_support.h
[0.248s] -- Up-to-date: /home/blazar/karin_ws/install/field_sim/include/field_sim/field_sim/srv/detail/sample_field__functions.h
[0.248s] -- Up-to-date: /home/blazar/karin_ws/install/field_sim/include/field_sim/field_sim/srv/detail/sample_field__functions.c
[0.248s] -- Up-to-date: /home/blazar/karin_ws/install/field_sim/include/field_sim/field_sim/srv/sample_field.h
[0.248s] -- Up-to-date: /home/blazar/karin_ws/install/field_sim/share/field_sim/environment/library_path.sh
[0.248s] -- Up-to-date: /home/blazar/karin_ws/install/field_sim/share/field_sim/environment/library_path.dsv
[0.248s] -- Up-to-date: /home/blazar/karin_ws/install/field_sim/lib/libfield_sim__rosidl_generator_c.so
[0.248s] -- Up-to-date: /home/blazar/karin_ws/install/field_sim/include/field_sim/field_sim
[0.249s] -- Up-to-date: /home/blazar/karin_ws/install/field_sim/include/field_sim/field_sim/msg
[0.249s] -- Up-to-date: /home/blazar/karin_ws/install/field_sim/include/field_sim/field_sim/msg/rosidl_typesupport_fastrtps_c__visibility_control.h
[0.249s] -- Up-to-date: /home/blazar/karin_ws/install/field_sim/include/field_sim/field_sim/srv
[0.249s] -- Up-to-date: /home/blazar/karin_ws/install/field_sim/include/field_sim/field_sim/srv/detail
[0.249s] -- Up-to-date: /home/blazar/karin_ws/install/field_sim/include/field_sim/field_sim/srv/detail/sample_field__rosidl_typesupport_fastrtps_c.h
[0.249s] -- Up-to-date: /home/blazar/karin_ws/install/field_sim/lib/libfield_sim__rosidl_typesupport_fastrtps_c.so
[0.249s] -- Up-to-date: /home/blazar/karin_ws/install/field_sim/include/field_sim/field_sim
[0.249s] -- Up-to-date: /home/blazar/karin_ws/install/field_sim/include/field_sim/field_sim/msg
[0.249s] -- Up-to-date: /home/blazar/karin_ws/install/field_sim/include/field_sim/field_sim/msg/rosidl_generator_cpp__visibility_control.hpp
[0.249s] -- Up-to-date: /home/blazar/karin_ws/install/field_sim/include/field_sim/field_sim/srv
[0.249s] -- Up-to-date: /home/blazar/karin_ws/install/field_sim/include/field_sim/field_sim/srv/detail
[0.249s] -- Up-to-date: /home/blazar/karin_ws/install/field_sim/include/field_sim/field_sim/srv/detail/sample_field__traits.hpp
[0.249s] -- Up-to-date: /home/blazar/karin_ws/install/field_sim/include/field_sim/field_sim/srv/detail/sample_field__struct.hpp
[0.249s] -- Up-to-date: /home/blazar/karin_ws/install/field_sim/include/field_sim/field_sim/srv/detail/sample_field__type_support.hpp
[0.249s] -- Up-to-date: /home/blazar/karin_ws/install/field_sim/include/field_sim/field_sim/srv/detail/sample_field__builder.hpp
[0.249s] -- Up-to-date: /home/blazar/karin_ws/install/field_sim/include/field_sim/field_sim/srv/sample_field.hpp
[0.249s] -- Up-to-date: /home/blazar/karin_ws/install/field_sim/include/field_sim/field_sim
[0.249s] -- Up-to-date: /home/blazar/karin_ws/install/field_sim/include/field_sim/field_sim/msg
[0.249s] -- Up-to-date: /home/blazar/karin_ws/install/field_sim/include/field_sim/field_sim/msg/rosidl_typesupport_fastrtps_cpp__visibility_control.h
[0.249s] -- Up-to-date: /home/blazar/karin_ws/install/field_sim/include/field_sim/field_sim/srv
[0.249s] -- Up-to-date: /home/blazar/karin_ws/install/field_sim/include/field_sim/field_sim/srv/detail
[0.249s] -- Up-to-date: /home/blazar/karin_ws/install/field_sim/include/field_sim/field_sim/srv/detail/dds_fastrtps
[0.249s] -- Up-to-date: /home/blazar/karin_ws/install/field_sim/include/field_sim/field_sim/srv/detail/sample_field__rosidl_typesupport_fastrtps_cpp.hpp
[0.249s] -- Up-to-date: /home/blazar/karin_ws/install/field_sim/lib/libfield_sim__rosidl_typesupport_fastrtps_cpp.so
[0.249s] -- Up-to-date: /home/blazar/karin_ws/install/field_sim/include/field_sim/field_sim
[0.249s] -- Up-to-date: /home/blazar/karin_ws/install/field_sim/include/field_sim/field_sim/msg
[0.249s] -- Up-to-date: /home/blazar/karin_ws/install/field_sim/include/field_sim/field_sim/msg/rosidl_typesupport_introspection_c__visibility_control.h
[0.250s] -- Up-to-date: /home/blazar/karin_ws/install/field_sim/include/field_sim/field_sim/srv
[0.250s] -- Up-to-date: /home/blazar/karin_ws/install/field_sim/include/field_sim/field_sim/srv/detail
[0.250s] -- Up-to-date: /home/blazar/karin_ws/install/field_sim/include/field_sim/field_sim/srv/detail/sample_field__type_support.c
[0.250s] -- Up-to-date: /home/blazar/karin_ws/install/field_sim/include/field_sim/field_sim/srv/detail/sample_field__rosidl_typesupport_introspection_c.h
[0.250s] -- Up-to-date: /home/blazar/karin_ws/install/field_sim/lib/libfield_sim__rosidl_typesupport_introspection_c.so
[0.250s] -- Up-to-date: /home/blazar/karin_ws/install/field_sim/lib/libfield_sim__rosidl_typesupport_c.so
[0.250s] -- Up-to-date: /home/blazar/karin_ws/install/field_sim/include/field_sim/field_sim
[0.250s] -- Up-to-date: /home/blazar/karin_ws/install/field_sim/include/field_sim/field_sim/srv
[0.250s] -- Up-to-date: /home/blazar/karin_ws/install/field_sim/include/field_sim/field_sim/srv/detail
[0.250s] -- Up-to-date: /home/blazar/karin_ws/install/field_sim/include/field_sim/field_sim/srv/detail/sample_field__rosidl_typesupport_introspection_cpp.hpp
[0.250s] -- Up-to-date: /home/blazar/karin_ws/install/field_sim/include/field_sim/field_sim/srv/detail/sample_field__type_support.cpp
[0.250s] -- Up-to-date: /home/blazar/karin_ws/install/field_sim/lib/libfield_sim__rosidl_typesupport_introspection_cpp.so
[0.250s] -- Up-to-date: /home/blazar/karin_ws/install/field_sim/lib/libfield_sim__rosidl_typesupport_cpp.so
[0.250s] -- Up-to-date: /home/blazar/karin_ws/install/field_sim/share/field_sim/environment/pythonpath.sh
[0.250s] -- Up-to-date: /home/blazar/karin_ws/install/field_sim/share/field_sim/environment/pythonpath.dsv
[0.250s] -- Up-to-date: /home/blazar/karin_ws/install/field_sim/lib/python3.12/site-packages/field_sim-0.0.0-py3.12.egg-info
[0.250s] -- Installing: /home/blazar/karin_ws/install/field_sim/lib/python3.12/site-packages/field_sim-0.0.0-py3.12.egg-info/SOURCES.txt
[0.251s] -- Installing: /home/blazar/karin_ws/install/field_sim/lib/python3.12/site-packages/field_sim-0.0.0-py3.12.egg-info/dependency_links.txt
[0.251s] -- Installing: /home/blazar/karin_ws/install/field_sim/lib/python3.12/site-packages/field_sim-0.0.0-py3.12.egg-info/top_level.txt
[0.251s] -- Installing: /home/blazar/karin_ws/install/field_sim/lib/python3.12/site-packages/field_sim-0.0.0-py3.12.egg-info/PKG-INFO
[0.251s] -- Up-to-date: /home/blazar/karin_ws/install/field_sim/lib/python3.12/site-packages/field_sim
[0.251s] -- Up-to-date: /home/blazar/karin_ws/install/field_sim/lib/python3.12/site-packages/field_sim/srv
[0.251s] -- Up-to-date: /home/blazar/karin_ws/install/field_sim/lib/python3.12/site-packages/field_sim/srv/_sample_field.py
[0.251s] -- Up-to-date: /home/blazar/karin_ws/install/field_sim/lib/python3.12/site-packages/field_sim/srv/_sample_field_s.c
[0.251s] -- Up-to-date: /home/blazar/karin_ws/install/field_sim/lib/python3.12/site-packages/field_sim/srv/__init__.py
[0.251s] -- Up-to-date: /home/blazar/karin_ws/install/field_sim/lib/python3.12/site-packages/field_sim/field_sim_s__rosidl_typesupport_fastrtps_c.so
[0.251s] -- Up-to-date: /home/blazar/karin_ws/install/field_sim/lib/python3.12/site-packages/field_sim/field_sim_s__rosidl_typesupport_c.so
[0.251s] -- Up-to-date: /home/blazar/karin_ws/install/field_sim/lib/python3.12/site-packages/field_sim/_field_sim_s.ep.rosidl_typesupport_c.c
[0.251s] -- Up-to-date: /home/blazar/karin_ws/install/field_sim/lib/python3.12/site-packages/field_sim/_field_sim_s.ep.rosidl_typesupport_introspection_c.c
[0.251s] -- Up-to-date: /home/blazar/karin_ws/install/field_sim/lib/python3.12/site-packages/field_sim/field_sim_s__rosidl_typesupport_introspection_c.so
[0.251s] -- Up-to-date: /home/blazar/karin_ws/install/field_sim/lib/python3.12/site-packages/field_sim/__init__.py
[0.251s] -- Up-to-date: /home/blazar/karin_ws/install/field_sim/lib/python3.12/site-packages/field_sim/_field_sim_s.ep.rosidl_typesupport_fastrtps_c.c
[0.272s] Listing '/home/blazar/karin_ws/install/field_sim/lib/python3.12/site-packages/field_sim'...
[0.272s] Listing '/home/blazar/karin_ws/install/field_sim/lib/python3.12/site-packages/field_sim/srv'...
[0.275s] -- Up-to-date: /home/blazar/karin_ws/install/field_sim/lib/python3.12/site-packages/field_sim/field_sim_s__rosidl_typesupport_fastrtps_c.so
[0.276s] -- Up-to-date: /home/blazar/karin_ws/install/field_sim/lib/python3.12/site-packages/field_sim/field_sim_s__rosidl_typesupport_introspection_c.so
[0.276s] -- Up-to-date: /home/blazar/karin_ws/install/field_sim/lib/python3.12/site-packages/field_sim/field_sim_s__rosidl_typesupport_c.so
[0.276s] -- Up-to-date: /home/blazar/karin_ws/install/field_sim/lib/libfield_sim__rosidl_generator_py.so
[0.276s] -- Up-to-date: /home/blazar/karin_ws/install/field_sim/share/field_sim/srv/SampleField.idl
[0.276s] -- Up-to-date: /home/blazar/karin_ws/install/field_sim/share/field_sim/srv/SampleField.srv
[0.276s] -- Up-to-date: /home/blazar/karin_ws/install/field_sim/lib/field_sim/ground_truth_field_node.py
[0.276s] -- Up-to-date: /home/blazar/karin_ws/install/field_sim/lib/field_sim/field_sampler_node.py
[0.276s] -- Up-to-date: /home/blazar/karin_ws/install/field_sim/lib/field_sim/gp_reconstructor_node.py
[0.276s] -- Up-to-date: /home/blazar/karin_ws/install/field_sim/lib/field_sim/boat_tf_publisher.py
[0.276s] -- Up-to-date: /home/blazar/karin_ws/install/field_sim/lib/field_sim/test_geotagging.py
[0.276s] -- Up-to-date: /home/blazar/karin_ws/install/field_sim/share/field_sim//launch
[0.277s] -- Up-to-date: /home/blazar/karin_ws/install/field_sim/share/field_sim//launch/field_validation.launch.py
[0.277s] -- Up-to-date: /home/blazar/karin_ws/install/field_sim/share/field_sim//config
[0.277s] -- Up-to-date: /home/blazar/karin_ws/install/field_sim/share/field_sim//config/generated_field_params.yaml
[0.277s] -- Up-to-date: /home/blazar/karin_ws/install/field_sim/share/field_sim//config/field_params.yaml
[0.277s] -- Up-to-date: /home/blazar/karin_ws/install/field_sim/share/field_sim//rviz
[0.277s] -- Up-to-date: /home/blazar/karin_ws/install/field_sim/share/field_sim//rviz/field_view.rviz
[0.277s] -- Up-to-date: /home/blazar/karin_ws/install/field_sim/share/field_sim//scripts
[0.277s] -- Up-to-date: /home/blazar/karin_ws/install/field_sim/share/field_sim//scripts/boat_tf_publisher.py
[0.277s] -- Up-to-date: /home/blazar/karin_ws/install/field_sim/share/field_sim//scripts/test_geotagging.py
[0.277s] -- Up-to-date: /home/blazar/karin_ws/install/field_sim/share/field_sim//scripts/field_sampler_node.py
[0.277s] -- Up-to-date: /home/blazar/karin_ws/install/field_sim/share/field_sim//scripts/gp_reconstructor_node.py
[0.277s] -- Up-to-date: /home/blazar/karin_ws/install/field_sim/share/field_sim//scripts/ground_truth_field_node.py
[0.277s] -- Up-to-date: /home/blazar/karin_ws/install/field_sim/share/ament_index/resource_index/package_run_dependencies/field_sim
[0.277s] -- Up-to-date: /home/blazar/karin_ws/install/field_sim/share/ament_index/resource_index/parent_prefix_path/field_sim
[0.277s] -- Up-to-date: /home/blazar/karin_ws/install/field_sim/share/field_sim/environment/ament_prefix_path.sh
[0.277s] -- Up-to-date: /home/blazar/karin_ws/install/field_sim/share/field_sim/environment/ament_prefix_path.dsv
[0.277s] -- Up-to-date: /home/blazar/karin_ws/install/field_sim/share/field_sim/environment/path.sh
[0.277s] -- Up-to-date: /home/blazar/karin_ws/install/field_sim/share/field_sim/environment/path.dsv
[0.277s] -- Up-to-date: /home/blazar/karin_ws/install/field_sim/share/field_sim/local_setup.bash
[0.277s] -- Up-to-date: /home/blazar/karin_ws/install/field_sim/share/field_sim/local_setup.sh
[0.277s] -- Up-to-date: /home/blazar/karin_ws/install/field_sim/share/field_sim/local_setup.zsh
[0.277s] -- Up-to-date: /home/blazar/karin_ws/install/field_sim/share/field_sim/local_setup.dsv
[0.277s] -- Installing: /home/blazar/karin_ws/install/field_sim/share/field_sim/package.dsv
[0.278s] -- Up-to-date: /home/blazar/karin_ws/install/field_sim/share/ament_index/resource_index/packages/field_sim
[0.278s] -- Up-to-date: /home/blazar/karin_ws/install/field_sim/share/field_sim/cmake/export_field_sim__rosidl_generator_cExport.cmake
[0.278s] -- Up-to-date: /home/blazar/karin_ws/install/field_sim/share/field_sim/cmake/export_field_sim__rosidl_generator_cExport-noconfig.cmake
[0.278s] -- Up-to-date: /home/blazar/karin_ws/install/field_sim/share/field_sim/cmake/export_field_sim__rosidl_typesupport_fastrtps_cExport.cmake
[0.278s] -- Up-to-date: /home/blazar/karin_ws/install/field_sim/share/field_sim/cmake/export_field_sim__rosidl_typesupport_fastrtps_cExport-noconfig.cmake
[0.278s] -- Up-to-date: /home/blazar/karin_ws/install/field_sim/share/field_sim/cmake/export_field_sim__rosidl_generator_cppExport.cmake
[0.278s] -- Up-to-date: /home/blazar/karin_ws/install/field_sim/share/field_sim/cmake/export_field_sim__rosidl_typesupport_fastrtps_cppExport.cmake
[0.278s] -- Up-to-date: /home/blazar/karin_ws/install/field_sim/share/field_sim/cmake/export_field_sim__rosidl_typesupport_fastrtps_cppExport-noconfig.cmake
[0.278s] -- Up-to-date: /home/blazar/karin_ws/install/field_sim/share/field_sim/cmake/field_sim__rosidl_typesupport_introspection_cExport.cmake
[0.278s] -- Up-to-date: /home/blazar/karin_ws/install/field_sim/share/field_sim/cmake/field_sim__rosidl_typesupport_introspection_cExport-noconfig.cmake
[0.278s] -- Up-to-date: /home/blazar/karin_ws/install/field_sim/share/field_sim/cmake/field_sim__rosidl_typesupport_cExport.cmake
[0.278s] -- Up-to-date: /home/blazar/karin_ws/install/field_sim/share/field_sim/cmake/field_sim__rosidl_typesupport_cExport-noconfig.cmake
[0.278s] -- Up-to-date: /home/blazar/karin_ws/install/field_sim/share/field_sim/cmake/field_sim__rosidl_typesupport_introspection_cppExport.cmake
[0.278s] -- Up-to-date: /home/blazar/karin_ws/install/field_sim/share/field_sim/cmake/field_sim__rosidl_typesupport_introspection_cppExport-noconfig.cmake
[0.278s] -- Up-to-date: /home/blazar/karin_ws/install/field_sim/share/field_sim/cmake/field_sim__rosidl_typesupport_cppExport.cmake
[0.278s] -- Up-to-date: /home/blazar/karin_ws/install/field_sim/share/field_sim/cmake/field_sim__rosidl_typesupport_cppExport-noconfig.cmake
[0.278s] -- Up-to-date: /home/blazar/karin_ws/install/field_sim/share/field_sim/cmake/export_field_sim__rosidl_generator_pyExport.cmake
[0.278s] -- Up-to-date: /home/blazar/karin_ws/install/field_sim/share/field_sim/cmake/export_field_sim__rosidl_generator_pyExport-noconfig.cmake
[0.278s] -- Up-to-date: /home/blazar/karin_ws/install/field_sim/share/field_sim/cmake/rosidl_cmake-extras.cmake
[0.278s] -- Up-to-date: /home/blazar/karin_ws/install/field_sim/share/field_sim/cmake/ament_cmake_export_dependencies-extras.cmake
[0.278s] -- Up-to-date: /home/blazar/karin_ws/install/field_sim/share/field_sim/cmake/ament_cmake_export_include_directories-extras.cmake
[0.278s] -- Up-to-date: /home/blazar/karin_ws/install/field_sim/share/field_sim/cmake/ament_cmake_export_libraries-extras.cmake
[0.278s] -- Up-to-date: /home/blazar/karin_ws/install/field_sim/share/field_sim/cmake/ament_cmake_export_targets-extras.cmake
[0.279s] -- Up-to-date: /home/blazar/karin_ws/install/field_sim/share/field_sim/cmake/rosidl_cmake_export_typesupport_targets-extras.cmake
[0.279s] -- Up-to-date: /home/blazar/karin_ws/install/field_sim/share/field_sim/cmake/rosidl_cmake_export_typesupport_libraries-extras.cmake
[0.279s] -- Up-to-date: /home/blazar/karin_ws/install/field_sim/share/field_sim/cmake/field_simConfig.cmake
[0.279s] -- Up-to-date: /home/blazar/karin_ws/install/field_sim/share/field_sim/cmake/field_simConfig-version.cmake
[0.279s] -- Up-to-date: /home/blazar/karin_ws/install/field_sim/share/field_sim/package.xml
[0.279s] Invoked command in '/home/blazar/karin_ws/build/field_sim' returned '0': CMAKE_PREFIX_PATH=${CMAKE_PREFIX_PATH}:/home/blazar/workspace/rockytimes_ws/install/localisation:/opt/ros/jazzy DEBUGINFOD_URLS=https://debuginfod.ubuntu.com PS1=(karin_ws) \[\e]0;\u@\h: \w\a\]${debian_chroot:+($debian_chroot)}\[\033[01;32m\]\u@\h\[\033[00m\]:\[\033[01;34m\]\w\[\033[00m\]\$ VIRTUAL_ENV_PROMPT=(karin_ws) /usr/bin/cmake --install /home/blazar/karin_ws/build/field_sim
