[0.007s] Invoking command in '/home/blazar/karin_ws/build/simsetup': CMAKE_PREFIX_PATH=/home/blazar/karin_ws/install/simsetup:/home/blazar/workspace/rockytimes_ws/install/localisation:/opt/ros/jazzy:/home/blazar/vrx_ws/install:/home/blazar/workspace/rockytimes_ws/install/mission:/home/blazar/workspace/rockytimes_ws/install/px4_ros_com:/home/blazar/workspace/rockytimes_ws/install/px4_msgs:/opt/ros/jazzy/opt/gz_sim_vendor:/opt/ros/jazzy/opt/gz_sensors_vendor:/opt/ros/jazzy/opt/gz_physics_vendor:/opt/ros/jazzy/opt/sdformat_vendor:/opt/ros/jazzy/opt/gz_gui_vendor:/opt/ros/jazzy/opt/gz_transport_vendor:/opt/ros/jazzy/opt/gz_rendering_vendor:/opt/ros/jazzy/opt/gz_plugin_vendor:/opt/ros/jazzy/opt/gz_fuel_tools_vendor:/opt/ros/jazzy/opt/gz_msgs_vendor:/opt/ros/jazzy/opt/gz_common_vendor:/opt/ros/jazzy/opt/gz_math_vendor:/opt/ros/jazzy/opt/gz_utils_vendor:/opt/ros/jazzy/opt/gz_tools_vendor:/opt/ros/jazzy/opt/gz_ogre_next_vendor:/opt/ros/jazzy/opt/gz_dartsim_vendor:/opt/ros/jazzy/opt/gz_cmake_vendor DEBUGINFOD_URLS=https://debuginfod.ubuntu.com PS1=(karin_ws) \[\e]0;\u@\h: \w\a\]${debian_chroot:+($debian_chroot)}\[\033[01;32m\]\u@\h\[\033[00m\]:\[\033[01;34m\]\w\[\033[00m\]\$ VIRTUAL_ENV_PROMPT=(karin_ws) /usr/bin/cmake /home/blazar/karin_ws/src/simsetup -DCMAKE_INSTALL_PREFIX=/home/blazar/karin_ws/install/simsetup
[0.018s] -- Found ament_cmake: 2.5.4 (/opt/ros/jazzy/share/ament_cmake/cmake)
[0.153s] -- Override CMake install command with custom implementation using symlinks instead of copying resources
[0.157s] -- Found ament_lint_auto: 0.17.2 (/opt/ros/jazzy/share/ament_lint_auto/cmake)
[0.216s] -- Added test 'flake8' to check Python code syntax and style conventions
[0.216s] -- Configured 'flake8' exclude dirs and/or files: 
[0.216s] -- Added test 'lint_cmake' to check CMake code style
[0.216s] -- Added test 'pep257' to check Python code against some of the docstring style conventions in PEP 257
[0.217s] -- Added test 'xmllint' to check XML markup files
[0.217s] -- Configuring done (0.2s)
[0.220s] -- Generating done (0.0s)
[0.221s] -- Build files have been written to: /home/blazar/karin_ws/build/simsetup
[0.223s] Invoked command in '/home/blazar/karin_ws/build/simsetup' returned '0': CMAKE_PREFIX_PATH=/home/blazar/karin_ws/install/simsetup:/home/blazar/workspace/rockytimes_ws/install/localisation:/opt/ros/jazzy:/home/blazar/vrx_ws/install:/home/blazar/workspace/rockytimes_ws/install/mission:/home/blazar/workspace/rockytimes_ws/install/px4_ros_com:/home/blazar/workspace/rockytimes_ws/install/px4_msgs:/opt/ros/jazzy/opt/gz_sim_vendor:/opt/ros/jazzy/opt/gz_sensors_vendor:/opt/ros/jazzy/opt/gz_physics_vendor:/opt/ros/jazzy/opt/sdformat_vendor:/opt/ros/jazzy/opt/gz_gui_vendor:/opt/ros/jazzy/opt/gz_transport_vendor:/opt/ros/jazzy/opt/gz_rendering_vendor:/opt/ros/jazzy/opt/gz_plugin_vendor:/opt/ros/jazzy/opt/gz_fuel_tools_vendor:/opt/ros/jazzy/opt/gz_msgs_vendor:/opt/ros/jazzy/opt/gz_common_vendor:/opt/ros/jazzy/opt/gz_math_vendor:/opt/ros/jazzy/opt/gz_utils_vendor:/opt/ros/jazzy/opt/gz_tools_vendor:/opt/ros/jazzy/opt/gz_ogre_next_vendor:/opt/ros/jazzy/opt/gz_dartsim_vendor:/opt/ros/jazzy/opt/gz_cmake_vendor DEBUGINFOD_URLS=https://debuginfod.ubuntu.com PS1=(karin_ws) \[\e]0;\u@\h: \w\a\]${debian_chroot:+($debian_chroot)}\[\033[01;32m\]\u@\h\[\033[00m\]:\[\033[01;34m\]\w\[\033[00m\]\$ VIRTUAL_ENV_PROMPT=(karin_ws) /usr/bin/cmake /home/blazar/karin_ws/src/simsetup -DCMAKE_INSTALL_PREFIX=/home/blazar/karin_ws/install/simsetup
[0.223s] Invoking command in '/home/blazar/karin_ws/build/simsetup': CMAKE_PREFIX_PATH=/home/blazar/karin_ws/install/simsetup:/home/blazar/workspace/rockytimes_ws/install/localisation:/opt/ros/jazzy:/home/blazar/vrx_ws/install:/home/blazar/workspace/rockytimes_ws/install/mission:/home/blazar/workspace/rockytimes_ws/install/px4_ros_com:/home/blazar/workspace/rockytimes_ws/install/px4_msgs:/opt/ros/jazzy/opt/gz_sim_vendor:/opt/ros/jazzy/opt/gz_sensors_vendor:/opt/ros/jazzy/opt/gz_physics_vendor:/opt/ros/jazzy/opt/sdformat_vendor:/opt/ros/jazzy/opt/gz_gui_vendor:/opt/ros/jazzy/opt/gz_transport_vendor:/opt/ros/jazzy/opt/gz_rendering_vendor:/opt/ros/jazzy/opt/gz_plugin_vendor:/opt/ros/jazzy/opt/gz_fuel_tools_vendor:/opt/ros/jazzy/opt/gz_msgs_vendor:/opt/ros/jazzy/opt/gz_common_vendor:/opt/ros/jazzy/opt/gz_math_vendor:/opt/ros/jazzy/opt/gz_utils_vendor:/opt/ros/jazzy/opt/gz_tools_vendor:/opt/ros/jazzy/opt/gz_ogre_next_vendor:/opt/ros/jazzy/opt/gz_dartsim_vendor:/opt/ros/jazzy/opt/gz_cmake_vendor DEBUGINFOD_URLS=https://debuginfod.ubuntu.com PS1=(karin_ws) \[\e]0;\u@\h: \w\a\]${debian_chroot:+($debian_chroot)}\[\033[01;32m\]\u@\h\[\033[00m\]:\[\033[01;34m\]\w\[\033[00m\]\$ VIRTUAL_ENV_PROMPT=(karin_ws) /usr/bin/cmake --build /home/blazar/karin_ws/build/simsetup -- -j16 -l16
[0.255s] Invoked command in '/home/blazar/karin_ws/build/simsetup' returned '0': CMAKE_PREFIX_PATH=/home/blazar/karin_ws/install/simsetup:/home/blazar/workspace/rockytimes_ws/install/localisation:/opt/ros/jazzy:/home/blazar/vrx_ws/install:/home/blazar/workspace/rockytimes_ws/install/mission:/home/blazar/workspace/rockytimes_ws/install/px4_ros_com:/home/blazar/workspace/rockytimes_ws/install/px4_msgs:/opt/ros/jazzy/opt/gz_sim_vendor:/opt/ros/jazzy/opt/gz_sensors_vendor:/opt/ros/jazzy/opt/gz_physics_vendor:/opt/ros/jazzy/opt/sdformat_vendor:/opt/ros/jazzy/opt/gz_gui_vendor:/opt/ros/jazzy/opt/gz_transport_vendor:/opt/ros/jazzy/opt/gz_rendering_vendor:/opt/ros/jazzy/opt/gz_plugin_vendor:/opt/ros/jazzy/opt/gz_fuel_tools_vendor:/opt/ros/jazzy/opt/gz_msgs_vendor:/opt/ros/jazzy/opt/gz_common_vendor:/opt/ros/jazzy/opt/gz_math_vendor:/opt/ros/jazzy/opt/gz_utils_vendor:/opt/ros/jazzy/opt/gz_tools_vendor:/opt/ros/jazzy/opt/gz_ogre_next_vendor:/opt/ros/jazzy/opt/gz_dartsim_vendor:/opt/ros/jazzy/opt/gz_cmake_vendor DEBUGINFOD_URLS=https://debuginfod.ubuntu.com PS1=(karin_ws) \[\e]0;\u@\h: \w\a\]${debian_chroot:+($debian_chroot)}\[\033[01;32m\]\u@\h\[\033[00m\]:\[\033[01;34m\]\w\[\033[00m\]\$ VIRTUAL_ENV_PROMPT=(karin_ws) /usr/bin/cmake --build /home/blazar/karin_ws/build/simsetup -- -j16 -l16
[0.263s] Invoking command in '/home/blazar/karin_ws/build/simsetup': CMAKE_PREFIX_PATH=/home/blazar/karin_ws/install/simsetup:/home/blazar/workspace/rockytimes_ws/install/localisation:/opt/ros/jazzy:/home/blazar/vrx_ws/install:/home/blazar/workspace/rockytimes_ws/install/mission:/home/blazar/workspace/rockytimes_ws/install/px4_ros_com:/home/blazar/workspace/rockytimes_ws/install/px4_msgs:/opt/ros/jazzy/opt/gz_sim_vendor:/opt/ros/jazzy/opt/gz_sensors_vendor:/opt/ros/jazzy/opt/gz_physics_vendor:/opt/ros/jazzy/opt/sdformat_vendor:/opt/ros/jazzy/opt/gz_gui_vendor:/opt/ros/jazzy/opt/gz_transport_vendor:/opt/ros/jazzy/opt/gz_rendering_vendor:/opt/ros/jazzy/opt/gz_plugin_vendor:/opt/ros/jazzy/opt/gz_fuel_tools_vendor:/opt/ros/jazzy/opt/gz_msgs_vendor:/opt/ros/jazzy/opt/gz_common_vendor:/opt/ros/jazzy/opt/gz_math_vendor:/opt/ros/jazzy/opt/gz_utils_vendor:/opt/ros/jazzy/opt/gz_tools_vendor:/opt/ros/jazzy/opt/gz_ogre_next_vendor:/opt/ros/jazzy/opt/gz_dartsim_vendor:/opt/ros/jazzy/opt/gz_cmake_vendor DEBUGINFOD_URLS=https://debuginfod.ubuntu.com PS1=(karin_ws) \[\e]0;\u@\h: \w\a\]${debian_chroot:+($debian_chroot)}\[\033[01;32m\]\u@\h\[\033[00m\]:\[\033[01;34m\]\w\[\033[00m\]\$ VIRTUAL_ENV_PROMPT=(karin_ws) /usr/bin/cmake --install /home/blazar/karin_ws/build/simsetup
[0.268s] -- Install configuration: ""
[0.269s] -- Execute custom install script
[0.269s] -- Up-to-date symlink: /home/blazar/karin_ws/install/simsetup/lib/simsetup/teleop.py
[0.269s] -- Up-to-date symlink: /home/blazar/karin_ws/install/simsetup/share/simsetup//launch/sim.launch.py
[0.269s] -- Up-to-date symlink: /home/blazar/karin_ws/install/simsetup/share/ament_index/resource_index/package_run_dependencies/simsetup
[0.269s] -- Up-to-date symlink: /home/blazar/karin_ws/install/simsetup/share/ament_index/resource_index/parent_prefix_path/simsetup
[0.270s] -- Up-to-date symlink: /home/blazar/karin_ws/install/simsetup/share/simsetup/environment/ament_prefix_path.sh
[0.270s] -- Up-to-date symlink: /home/blazar/karin_ws/install/simsetup/share/simsetup/environment/ament_prefix_path.dsv
[0.270s] -- Up-to-date symlink: /home/blazar/karin_ws/install/simsetup/share/simsetup/environment/path.sh
[0.270s] -- Up-to-date symlink: /home/blazar/karin_ws/install/simsetup/share/simsetup/environment/path.dsv
[0.270s] -- Up-to-date symlink: /home/blazar/karin_ws/install/simsetup/share/simsetup/local_setup.bash
[0.270s] -- Up-to-date symlink: /home/blazar/karin_ws/install/simsetup/share/simsetup/local_setup.sh
[0.270s] -- Up-to-date symlink: /home/blazar/karin_ws/install/simsetup/share/simsetup/local_setup.zsh
[0.270s] -- Up-to-date symlink: /home/blazar/karin_ws/install/simsetup/share/simsetup/local_setup.dsv
[0.270s] -- Symlinking: /home/blazar/karin_ws/install/simsetup/share/simsetup/package.dsv
[0.277s] -- Up-to-date symlink: /home/blazar/karin_ws/install/simsetup/share/ament_index/resource_index/packages/simsetup
[0.277s] -- Up-to-date symlink: /home/blazar/karin_ws/install/simsetup/share/simsetup/cmake/simsetupConfig.cmake
[0.278s] -- Up-to-date symlink: /home/blazar/karin_ws/install/simsetup/share/simsetup/cmake/simsetupConfig-version.cmake
[0.278s] -- Up-to-date symlink: /home/blazar/karin_ws/install/simsetup/share/simsetup/package.xml
[0.279s] Invoked command in '/home/blazar/karin_ws/build/simsetup' returned '0': CMAKE_PREFIX_PATH=/home/blazar/karin_ws/install/simsetup:/home/blazar/workspace/rockytimes_ws/install/localisation:/opt/ros/jazzy:/home/blazar/vrx_ws/install:/home/blazar/workspace/rockytimes_ws/install/mission:/home/blazar/workspace/rockytimes_ws/install/px4_ros_com:/home/blazar/workspace/rockytimes_ws/install/px4_msgs:/opt/ros/jazzy/opt/gz_sim_vendor:/opt/ros/jazzy/opt/gz_sensors_vendor:/opt/ros/jazzy/opt/gz_physics_vendor:/opt/ros/jazzy/opt/sdformat_vendor:/opt/ros/jazzy/opt/gz_gui_vendor:/opt/ros/jazzy/opt/gz_transport_vendor:/opt/ros/jazzy/opt/gz_rendering_vendor:/opt/ros/jazzy/opt/gz_plugin_vendor:/opt/ros/jazzy/opt/gz_fuel_tools_vendor:/opt/ros/jazzy/opt/gz_msgs_vendor:/opt/ros/jazzy/opt/gz_common_vendor:/opt/ros/jazzy/opt/gz_math_vendor:/opt/ros/jazzy/opt/gz_utils_vendor:/opt/ros/jazzy/opt/gz_tools_vendor:/opt/ros/jazzy/opt/gz_ogre_next_vendor:/opt/ros/jazzy/opt/gz_dartsim_vendor:/opt/ros/jazzy/opt/gz_cmake_vendor DEBUGINFOD_URLS=https://debuginfod.ubuntu.com PS1=(karin_ws) \[\e]0;\u@\h: \w\a\]${debian_chroot:+($debian_chroot)}\[\033[01;32m\]\u@\h\[\033[00m\]:\[\033[01;34m\]\w\[\033[00m\]\$ VIRTUAL_ENV_PROMPT=(karin_ws) /usr/bin/cmake --install /home/blazar/karin_ws/build/simsetup
