[0.012s] Invoking command in '/home/blazar/karin_ws/build/field_sim': CMAKE_PREFIX_PATH=/home/blazar/karin_ws/install/wamv_description:/home/blazar/karin_ws/install/simsetup:/home/blazar/karin_ws/install/field_sim:/home/blazar/vrx_ws/install/vrx_gz:/home/blazar/vrx_ws/install/wamv_gazebo:/home/blazar/vrx_ws/install/vrx_wamv_description:/home/blazar/vrx_ws/install/vrx_ros:/home/blazar/workspace/rockytimes_ws/install/localisation:/opt/ros/jazzy:/home/blazar/vrx_ws/install/vrx_px4_bridge:/home/blazar/vrx_ws/install/vrx_gazebo:/home/blazar/workspace/rockytimes_ws/install/mission:/home/blazar/workspace/rockytimes_ws/install/px4_ros_com:/home/blazar/workspace/rockytimes_ws/install/px4_msgs:/opt/ros/jazzy/opt/gz_sim_vendor:/opt/ros/jazzy/opt/gz_sensors_vendor:/opt/ros/jazzy/opt/gz_physics_vendor:/opt/ros/jazzy/opt/sdformat_vendor:/opt/ros/jazzy/opt/gz_gui_vendor:/opt/ros/jazzy/opt/gz_transport_vendor:/opt/ros/jazzy/opt/gz_rendering_vendor:/opt/ros/jazzy/opt/gz_plugin_vendor:/opt/ros/jazzy/opt/gz_fuel_tools_vendor:/opt/ros/jazzy/opt/gz_msgs_vendor:/opt/ros/jazzy/opt/gz_common_vendor:/opt/ros/jazzy/opt/gz_math_vendor:/opt/ros/jazzy/opt/gz_utils_vendor:/opt/ros/jazzy/opt/gz_tools_vendor:/opt/ros/jazzy/opt/gz_ogre_next_vendor:/opt/ros/jazzy/opt/gz_dartsim_vendor:/opt/ros/jazzy/opt/gz_cmake_vendor DEBUGINFOD_URLS=https://debuginfod.ubuntu.com PS1=(karin_ws) \[\e]0;\u@\h: \w\a\]${debian_chroot:+($debian_chroot)}\[\033[01;32m\]\u@\h\[\033[00m\]:\[\033[01;34m\]\w\[\033[00m\]\$ VIRTUAL_ENV_PROMPT=(karin_ws) /usr/bin/cmake --build /home/blazar/karin_ws/build/field_sim -- -j16 -l16
[0.033s] -- Found ament_cmake: 2.5.4 (/opt/ros/jazzy/share/ament_cmake/cmake)
[0.051s] -- Found Python3: /usr/bin/python3 (found version "3.12.3") found components: Interpreter 
[0.100s] -- Found rclcpp: 28.1.10 (/opt/ros/jazzy/share/rclcpp/cmake)
[0.118s] -- Found rosidl_generator_c: 4.6.5 (/opt/ros/jazzy/share/rosidl_generator_c/cmake)
[0.123s] -- Found rosidl_generator_cpp: 4.6.5 (/opt/ros/jazzy/share/rosidl_generator_cpp/cmake)
[0.130s] -- Using all available rosidl_typesupport_c: rosidl_typesupport_fastrtps_c;rosidl_typesupport_introspection_c
[0.137s] -- Using all available rosidl_typesupport_cpp: rosidl_typesupport_fastrtps_cpp;rosidl_typesupport_introspection_cpp
[0.176s] -- Found rmw_implementation_cmake: 7.3.2 (/opt/ros/jazzy/share/rmw_implementation_cmake/cmake)
[0.177s] -- Found rmw_fastrtps_cpp: 8.4.2 (/opt/ros/jazzy/share/rmw_fastrtps_cpp/cmake)
[0.219s] -- Using RMW implementation 'rmw_fastrtps_cpp' as default
[0.259s] -- Found rclpy: 7.1.4 (/opt/ros/jazzy/share/rclpy/cmake)
[0.259s] -- Found std_msgs: 5.3.6 (/opt/ros/jazzy/share/std_msgs/cmake)
[0.267s] -- Found geometry_msgs: 5.3.6 (/opt/ros/jazzy/share/geometry_msgs/cmake)
[0.276s] -- Found visualization_msgs: 5.3.6 (/opt/ros/jazzy/share/visualization_msgs/cmake)
[0.312s] -- Found nav_msgs: 5.3.6 (/opt/ros/jazzy/share/nav_msgs/cmake)
[0.328s] -- Found tf2_ros: 0.36.12 (/opt/ros/jazzy/share/tf2_ros/cmake)
[0.396s] -- Found rosidl_default_generators: 1.6.0 (/opt/ros/jazzy/share/rosidl_default_generators/cmake)
[0.401s] -- Found rosidl_adapter: 4.6.5 (/opt/ros/jazzy/share/rosidl_adapter/cmake)
[0.553s] -- Found ament_cmake_ros: 0.12.0 (/opt/ros/jazzy/share/ament_cmake_ros/cmake)
[0.651s] -- Using all available rosidl_typesupport_c: rosidl_typesupport_fastrtps_c;rosidl_typesupport_introspection_c
[0.689s] -- Using all available rosidl_typesupport_cpp: rosidl_typesupport_fastrtps_cpp;rosidl_typesupport_introspection_cpp
[0.690s] -- Found python_cmake_module: 0.11.1 (/opt/ros/jazzy/share/python_cmake_module/cmake)
[0.843s] -- Found Python3: /usr/bin/python3 (found version "3.12.3") found components: Interpreter Development NumPy Development.Module Development.Embed 
[0.850s] -- Found ament_lint_auto: 0.17.2 (/opt/ros/jazzy/share/ament_lint_auto/cmake)
[0.853s] -- Configuring done (0.8s)
[0.876s] -- Generating done (0.0s)
[0.883s] -- Build files have been written to: /home/blazar/karin_ws/build/field_sim
[0.913s] [  2%] Built target field_sim__rosidl_generator_type_description
[0.921s] [  2%] Built target ament_cmake_python_copy_field_sim
[0.928s] [  5%] Built target field_sim__cpp
[0.930s] [ 20%] Built target field_sim__rosidl_generator_c
[0.946s] [ 29%] Built target field_sim__rosidl_typesupport_c
[0.947s] [ 38%] Built target field_sim__rosidl_typesupport_introspection_c
[0.947s] [ 55%] Built target field_sim__rosidl_typesupport_cpp
[0.947s] [ 55%] Built target field_sim__rosidl_typesupport_fastrtps_c
[0.948s] [ 64%] Built target field_sim__rosidl_typesupport_introspection_cpp
[0.948s] [ 73%] Built target field_sim__rosidl_typesupport_fastrtps_cpp
[0.963s] [ 73%] Built target field_sim
[0.978s] [ 76%] Built target field_sim__py
[0.996s] [ 82%] Built target field_sim__rosidl_generator_py
[1.013s] [ 88%] Built target field_sim_s__rosidl_typesupport_introspection_c
[1.013s] [ 94%] Built target field_sim_s__rosidl_typesupport_fastrtps_c
[1.014s] [100%] Built target field_sim_s__rosidl_typesupport_c
[1.042s] running egg_info
[1.052s] writing field_sim.egg-info/PKG-INFO
[1.052s] writing dependency_links to field_sim.egg-info/dependency_links.txt
[1.052s] writing top-level names to field_sim.egg-info/top_level.txt
[1.082s] reading manifest file 'field_sim.egg-info/SOURCES.txt'
[1.082s] writing manifest file 'field_sim.egg-info/SOURCES.txt'
[1.100s] [100%] Built target ament_cmake_python_build_field_sim_egg
[1.109s] Invoked command in '/home/blazar/karin_ws/build/field_sim' returned '0': CMAKE_PREFIX_PATH=/home/blazar/karin_ws/install/wamv_description:/home/blazar/karin_ws/install/simsetup:/home/blazar/karin_ws/install/field_sim:/home/blazar/vrx_ws/install/vrx_gz:/home/blazar/vrx_ws/install/wamv_gazebo:/home/blazar/vrx_ws/install/vrx_wamv_description:/home/blazar/vrx_ws/install/vrx_ros:/home/blazar/workspace/rockytimes_ws/install/localisation:/opt/ros/jazzy:/home/blazar/vrx_ws/install/vrx_px4_bridge:/home/blazar/vrx_ws/install/vrx_gazebo:/home/blazar/workspace/rockytimes_ws/install/mission:/home/blazar/workspace/rockytimes_ws/install/px4_ros_com:/home/blazar/workspace/rockytimes_ws/install/px4_msgs:/opt/ros/jazzy/opt/gz_sim_vendor:/opt/ros/jazzy/opt/gz_sensors_vendor:/opt/ros/jazzy/opt/gz_physics_vendor:/opt/ros/jazzy/opt/sdformat_vendor:/opt/ros/jazzy/opt/gz_gui_vendor:/opt/ros/jazzy/opt/gz_transport_vendor:/opt/ros/jazzy/opt/gz_rendering_vendor:/opt/ros/jazzy/opt/gz_plugin_vendor:/opt/ros/jazzy/opt/gz_fuel_tools_vendor:/opt/ros/jazzy/opt/gz_msgs_vendor:/opt/ros/jazzy/opt/gz_common_vendor:/opt/ros/jazzy/opt/gz_math_vendor:/opt/ros/jazzy/opt/gz_utils_vendor:/opt/ros/jazzy/opt/gz_tools_vendor:/opt/ros/jazzy/opt/gz_ogre_next_vendor:/opt/ros/jazzy/opt/gz_dartsim_vendor:/opt/ros/jazzy/opt/gz_cmake_vendor DEBUGINFOD_URLS=https://debuginfod.ubuntu.com PS1=(karin_ws) \[\e]0;\u@\h: \w\a\]${debian_chroot:+($debian_chroot)}\[\033[01;32m\]\u@\h\[\033[00m\]:\[\033[01;34m\]\w\[\033[00m\]\$ VIRTUAL_ENV_PROMPT=(karin_ws) /usr/bin/cmake --build /home/blazar/karin_ws/build/field_sim -- -j16 -l16
[1.110s] Invoking command in '/home/blazar/karin_ws/build/field_sim': CMAKE_PREFIX_PATH=/home/blazar/karin_ws/install/wamv_description:/home/blazar/karin_ws/install/simsetup:/home/blazar/karin_ws/install/field_sim:/home/blazar/vrx_ws/install/vrx_gz:/home/blazar/vrx_ws/install/wamv_gazebo:/home/blazar/vrx_ws/install/vrx_wamv_description:/home/blazar/vrx_ws/install/vrx_ros:/home/blazar/workspace/rockytimes_ws/install/localisation:/opt/ros/jazzy:/home/blazar/vrx_ws/install/vrx_px4_bridge:/home/blazar/vrx_ws/install/vrx_gazebo:/home/blazar/workspace/rockytimes_ws/install/mission:/home/blazar/workspace/rockytimes_ws/install/px4_ros_com:/home/blazar/workspace/rockytimes_ws/install/px4_msgs:/opt/ros/jazzy/opt/gz_sim_vendor:/opt/ros/jazzy/opt/gz_sensors_vendor:/opt/ros/jazzy/opt/gz_physics_vendor:/opt/ros/jazzy/opt/sdformat_vendor:/opt/ros/jazzy/opt/gz_gui_vendor:/opt/ros/jazzy/opt/gz_transport_vendor:/opt/ros/jazzy/opt/gz_rendering_vendor:/opt/ros/jazzy/opt/gz_plugin_vendor:/opt/ros/jazzy/opt/gz_fuel_tools_vendor:/opt/ros/jazzy/opt/gz_msgs_vendor:/opt/ros/jazzy/opt/gz_common_vendor:/opt/ros/jazzy/opt/gz_math_vendor:/opt/ros/jazzy/opt/gz_utils_vendor:/opt/ros/jazzy/opt/gz_tools_vendor:/opt/ros/jazzy/opt/gz_ogre_next_vendor:/opt/ros/jazzy/opt/gz_dartsim_vendor:/opt/ros/jazzy/opt/gz_cmake_vendor DEBUGINFOD_URLS=https://debuginfod.ubuntu.com PS1=(karin_ws) \[\e]0;\u@\h: \w\a\]${debian_chroot:+($debian_chroot)}\[\033[01;32m\]\u@\h\[\033[00m\]:\[\033[01;34m\]\w\[\033[00m\]\$ VIRTUAL_ENV_PROMPT=(karin_ws) /usr/bin/cmake --install /home/blazar/karin_ws/build/field_sim
[1.116s] -- Install configuration: ""
[1.117s] -- Up-to-date: /home/blazar/karin_ws/install/field_sim/share/ament_index/resource_index/rosidl_interfaces/field_sim
[1.117s] -- Up-to-date: /home/blazar/karin_ws/install/field_sim/share/field_sim/srv/SampleField.json
[1.117s] -- Up-to-date: /home/blazar/karin_ws/install/field_sim/include/field_sim/field_sim
[1.117s] -- Up-to-date: /home/blazar/karin_ws/install/field_sim/include/field_sim/field_sim/msg
[1.117s] -- Up-to-date: /home/blazar/karin_ws/install/field_sim/include/field_sim/field_sim/msg/rosidl_generator_c__visibility_control.h
[1.117s] -- Up-to-date: /home/blazar/karin_ws/install/field_sim/include/field_sim/field_sim/srv
[1.117s] -- Up-to-date: /home/blazar/karin_ws/install/field_sim/include/field_sim/field_sim/srv/detail
[1.117s] -- Up-to-date: /home/blazar/karin_ws/install/field_sim/include/field_sim/field_sim/srv/detail/sample_field__struct.h
[1.117s] -- Up-to-date: /home/blazar/karin_ws/install/field_sim/include/field_sim/field_sim/srv/detail/sample_field__type_support.c
[1.117s] -- Up-to-date: /home/blazar/karin_ws/install/field_sim/include/field_sim/field_sim/srv/detail/sample_field__description.c
[1.117s] -- Up-to-date: /home/blazar/karin_ws/install/field_sim/include/field_sim/field_sim/srv/detail/sample_field__type_support.h
[1.117s] -- Up-to-date: /home/blazar/karin_ws/install/field_sim/include/field_sim/field_sim/srv/detail/sample_field__functions.h
[1.117s] -- Up-to-date: /home/blazar/karin_ws/install/field_sim/include/field_sim/field_sim/srv/detail/sample_field__functions.c
[1.117s] -- Up-to-date: /home/blazar/karin_ws/install/field_sim/include/field_sim/field_sim/srv/sample_field.h
[1.117s] -- Up-to-date: /home/blazar/karin_ws/install/field_sim/share/field_sim/environment/library_path.sh
[1.117s] -- Up-to-date: /home/blazar/karin_ws/install/field_sim/share/field_sim/environment/library_path.dsv
[1.117s] -- Up-to-date: /home/blazar/karin_ws/install/field_sim/lib/libfield_sim__rosidl_generator_c.so
[1.117s] -- Up-to-date: /home/blazar/karin_ws/install/field_sim/include/field_sim/field_sim
[1.117s] -- Up-to-date: /home/blazar/karin_ws/install/field_sim/include/field_sim/field_sim/msg
[1.117s] -- Up-to-date: /home/blazar/karin_ws/install/field_sim/include/field_sim/field_sim/msg/rosidl_typesupport_fastrtps_c__visibility_control.h
[1.117s] -- Up-to-date: /home/blazar/karin_ws/install/field_sim/include/field_sim/field_sim/srv
[1.117s] -- Up-to-date: /home/blazar/karin_ws/install/field_sim/include/field_sim/field_sim/srv/detail
[1.118s] -- Up-to-date: /home/blazar/karin_ws/install/field_sim/include/field_sim/field_sim/srv/detail/sample_field__rosidl_typesupport_fastrtps_c.h
[1.118s] -- Up-to-date: /home/blazar/karin_ws/install/field_sim/lib/libfield_sim__rosidl_typesupport_fastrtps_c.so
[1.118s] -- Up-to-date: /home/blazar/karin_ws/install/field_sim/include/field_sim/field_sim
[1.118s] -- Up-to-date: /home/blazar/karin_ws/install/field_sim/include/field_sim/field_sim/msg
[1.118s] -- Up-to-date: /home/blazar/karin_ws/install/field_sim/include/field_sim/field_sim/msg/rosidl_generator_cpp__visibility_control.hpp
[1.118s] -- Up-to-date: /home/blazar/karin_ws/install/field_sim/include/field_sim/field_sim/srv
[1.118s] -- Up-to-date: /home/blazar/karin_ws/install/field_sim/include/field_sim/field_sim/srv/detail
[1.118s] -- Up-to-date: /home/blazar/karin_ws/install/field_sim/include/field_sim/field_sim/srv/detail/sample_field__traits.hpp
[1.118s] -- Up-to-date: /home/blazar/karin_ws/install/field_sim/include/field_sim/field_sim/srv/detail/sample_field__struct.hpp
[1.118s] -- Up-to-date: /home/blazar/karin_ws/install/field_sim/include/field_sim/field_sim/srv/detail/sample_field__type_support.hpp
[1.118s] -- Up-to-date: /home/blazar/karin_ws/install/field_sim/include/field_sim/field_sim/srv/detail/sample_field__builder.hpp
[1.118s] -- Up-to-date: /home/blazar/karin_ws/install/field_sim/include/field_sim/field_sim/srv/sample_field.hpp
[1.118s] -- Up-to-date: /home/blazar/karin_ws/install/field_sim/include/field_sim/field_sim
[1.118s] -- Up-to-date: /home/blazar/karin_ws/install/field_sim/include/field_sim/field_sim/msg
[1.118s] -- Up-to-date: /home/blazar/karin_ws/install/field_sim/include/field_sim/field_sim/msg/rosidl_typesupport_fastrtps_cpp__visibility_control.h
[1.118s] -- Up-to-date: /home/blazar/karin_ws/install/field_sim/include/field_sim/field_sim/srv
[1.118s] -- Up-to-date: /home/blazar/karin_ws/install/field_sim/include/field_sim/field_sim/srv/detail
[1.118s] -- Up-to-date: /home/blazar/karin_ws/install/field_sim/include/field_sim/field_sim/srv/detail/dds_fastrtps
[1.118s] -- Up-to-date: /home/blazar/karin_ws/install/field_sim/include/field_sim/field_sim/srv/detail/sample_field__rosidl_typesupport_fastrtps_cpp.hpp
[1.118s] -- Up-to-date: /home/blazar/karin_ws/install/field_sim/lib/libfield_sim__rosidl_typesupport_fastrtps_cpp.so
[1.118s] -- Up-to-date: /home/blazar/karin_ws/install/field_sim/include/field_sim/field_sim
[1.118s] -- Up-to-date: /home/blazar/karin_ws/install/field_sim/include/field_sim/field_sim/msg
[1.119s] -- Up-to-date: /home/blazar/karin_ws/install/field_sim/include/field_sim/field_sim/msg/rosidl_typesupport_introspection_c__visibility_control.h
[1.119s] -- Up-to-date: /home/blazar/karin_ws/install/field_sim/include/field_sim/field_sim/srv
[1.119s] -- Up-to-date: /home/blazar/karin_ws/install/field_sim/include/field_sim/field_sim/srv/detail
[1.119s] -- Up-to-date: /home/blazar/karin_ws/install/field_sim/include/field_sim/field_sim/srv/detail/sample_field__type_support.c
[1.119s] -- Up-to-date: /home/blazar/karin_ws/install/field_sim/include/field_sim/field_sim/srv/detail/sample_field__rosidl_typesupport_introspection_c.h
[1.119s] -- Up-to-date: /home/blazar/karin_ws/install/field_sim/lib/libfield_sim__rosidl_typesupport_introspection_c.so
[1.119s] -- Up-to-date: /home/blazar/karin_ws/install/field_sim/lib/libfield_sim__rosidl_typesupport_c.so
[1.119s] -- Up-to-date: /home/blazar/karin_ws/install/field_sim/include/field_sim/field_sim
[1.119s] -- Up-to-date: /home/blazar/karin_ws/install/field_sim/include/field_sim/field_sim/srv
[1.119s] -- Up-to-date: /home/blazar/karin_ws/install/field_sim/include/field_sim/field_sim/srv/detail
[1.119s] -- Up-to-date: /home/blazar/karin_ws/install/field_sim/include/field_sim/field_sim/srv/detail/sample_field__rosidl_typesupport_introspection_cpp.hpp
[1.119s] -- Up-to-date: /home/blazar/karin_ws/install/field_sim/include/field_sim/field_sim/srv/detail/sample_field__type_support.cpp
[1.119s] -- Up-to-date: /home/blazar/karin_ws/install/field_sim/lib/libfield_sim__rosidl_typesupport_introspection_cpp.so
[1.119s] -- Up-to-date: /home/blazar/karin_ws/install/field_sim/lib/libfield_sim__rosidl_typesupport_cpp.so
[1.119s] -- Up-to-date: /home/blazar/karin_ws/install/field_sim/share/field_sim/environment/pythonpath.sh
[1.119s] -- Up-to-date: /home/blazar/karin_ws/install/field_sim/share/field_sim/environment/pythonpath.dsv
[1.119s] -- Up-to-date: /home/blazar/karin_ws/install/field_sim/lib/python3.12/site-packages/field_sim-0.0.0-py3.12.egg-info
[1.119s] -- Installing: /home/blazar/karin_ws/install/field_sim/lib/python3.12/site-packages/field_sim-0.0.0-py3.12.egg-info/SOURCES.txt
[1.119s] -- Installing: /home/blazar/karin_ws/install/field_sim/lib/python3.12/site-packages/field_sim-0.0.0-py3.12.egg-info/dependency_links.txt
[1.119s] -- Installing: /home/blazar/karin_ws/install/field_sim/lib/python3.12/site-packages/field_sim-0.0.0-py3.12.egg-info/top_level.txt
[1.119s] -- Installing: /home/blazar/karin_ws/install/field_sim/lib/python3.12/site-packages/field_sim-0.0.0-py3.12.egg-info/PKG-INFO
[1.119s] -- Up-to-date: /home/blazar/karin_ws/install/field_sim/lib/python3.12/site-packages/field_sim
[1.119s] -- Up-to-date: /home/blazar/karin_ws/install/field_sim/lib/python3.12/site-packages/field_sim/srv
[1.119s] -- Up-to-date: /home/blazar/karin_ws/install/field_sim/lib/python3.12/site-packages/field_sim/srv/_sample_field.py
[1.120s] -- Up-to-date: /home/blazar/karin_ws/install/field_sim/lib/python3.12/site-packages/field_sim/srv/_sample_field_s.c
[1.120s] -- Up-to-date: /home/blazar/karin_ws/install/field_sim/lib/python3.12/site-packages/field_sim/srv/__init__.py
[1.120s] -- Up-to-date: /home/blazar/karin_ws/install/field_sim/lib/python3.12/site-packages/field_sim/field_sim_s__rosidl_typesupport_fastrtps_c.so
[1.120s] -- Up-to-date: /home/blazar/karin_ws/install/field_sim/lib/python3.12/site-packages/field_sim/field_sim_s__rosidl_typesupport_c.so
[1.120s] -- Up-to-date: /home/blazar/karin_ws/install/field_sim/lib/python3.12/site-packages/field_sim/_field_sim_s.ep.rosidl_typesupport_c.c
[1.120s] -- Up-to-date: /home/blazar/karin_ws/install/field_sim/lib/python3.12/site-packages/field_sim/_field_sim_s.ep.rosidl_typesupport_introspection_c.c
[1.120s] -- Up-to-date: /home/blazar/karin_ws/install/field_sim/lib/python3.12/site-packages/field_sim/field_sim_s__rosidl_typesupport_introspection_c.so
[1.120s] -- Installing: /home/blazar/karin_ws/install/field_sim/lib/python3.12/site-packages/field_sim/__init__.py
[1.120s] -- Up-to-date: /home/blazar/karin_ws/install/field_sim/lib/python3.12/site-packages/field_sim/_field_sim_s.ep.rosidl_typesupport_fastrtps_c.c
[1.144s] Listing '/home/blazar/karin_ws/install/field_sim/lib/python3.12/site-packages/field_sim'...
[1.144s] Compiling '/home/blazar/karin_ws/install/field_sim/lib/python3.12/site-packages/field_sim/__init__.py'...
[1.144s] Listing '/home/blazar/karin_ws/install/field_sim/lib/python3.12/site-packages/field_sim/srv'...
[1.147s] -- Up-to-date: /home/blazar/karin_ws/install/field_sim/lib/python3.12/site-packages/field_sim/field_sim_s__rosidl_typesupport_fastrtps_c.so
[1.147s] -- Up-to-date: /home/blazar/karin_ws/install/field_sim/lib/python3.12/site-packages/field_sim/field_sim_s__rosidl_typesupport_introspection_c.so
[1.147s] -- Up-to-date: /home/blazar/karin_ws/install/field_sim/lib/python3.12/site-packages/field_sim/field_sim_s__rosidl_typesupport_c.so
[1.148s] -- Up-to-date: /home/blazar/karin_ws/install/field_sim/lib/libfield_sim__rosidl_generator_py.so
[1.148s] -- Up-to-date: /home/blazar/karin_ws/install/field_sim/share/field_sim/srv/SampleField.idl
[1.148s] -- Up-to-date: /home/blazar/karin_ws/install/field_sim/share/field_sim/srv/SampleField.srv
[1.148s] -- Up-to-date: /home/blazar/karin_ws/install/field_sim/lib/field_sim/ground_truth_field_node.py
[1.148s] -- Up-to-date: /home/blazar/karin_ws/install/field_sim/lib/field_sim/gp_reconstructor_node.py
[1.148s] -- Up-to-date: /home/blazar/karin_ws/install/field_sim/lib/field_sim/boat_tf_publisher.py
[1.148s] -- Up-to-date: /home/blazar/karin_ws/install/field_sim/lib/field_sim/test_geotagging.py
[1.148s] -- Up-to-date: /home/blazar/karin_ws/install/field_sim/lib/field_sim/mission_test.py
[1.148s] -- Installing: /home/blazar/karin_ws/install/field_sim/lib/field_sim/lawnmower_mission.py
[1.148s] -- Installing: /home/blazar/karin_ws/install/field_sim/lib/field_sim/field_sampler.py
[1.148s] -- Up-to-date: /home/blazar/karin_ws/install/field_sim/share/field_sim//launch
[1.148s] -- Up-to-date: /home/blazar/karin_ws/install/field_sim/share/field_sim//launch/field_validation.launch.py
[1.148s] -- Installing: /home/blazar/karin_ws/install/field_sim/share/field_sim//launch/lawnmower_mission.launch.py
[1.148s] -- Up-to-date: /home/blazar/karin_ws/install/field_sim/share/field_sim//config
[1.148s] -- Installing: /home/blazar/karin_ws/install/field_sim/share/field_sim//config/generated_field_params.yaml
[1.149s] -- Up-to-date: /home/blazar/karin_ws/install/field_sim/share/field_sim//config/field_params.yaml
[1.149s] -- Up-to-date: /home/blazar/karin_ws/install/field_sim/share/field_sim//rviz
[1.149s] -- Up-to-date: /home/blazar/karin_ws/install/field_sim/share/field_sim//rviz/field_view.rviz
[1.149s] -- Up-to-date: /home/blazar/karin_ws/install/field_sim/share/field_sim//scripts
[1.149s] -- Installing: /home/blazar/karin_ws/install/field_sim/share/field_sim//scripts/lawnmower_mission.py
[1.149s] -- Up-to-date: /home/blazar/karin_ws/install/field_sim/share/field_sim//scripts/boat_tf_publisher.py
[1.149s] -- Up-to-date: /home/blazar/karin_ws/install/field_sim/share/field_sim//scripts/test_geotagging.py
[1.149s] -- Installing: /home/blazar/karin_ws/install/field_sim/share/field_sim//scripts/field_sampler.py
[1.149s] -- Up-to-date: /home/blazar/karin_ws/install/field_sim/share/field_sim//scripts/mission_test.py
[1.149s] -- Up-to-date: /home/blazar/karin_ws/install/field_sim/share/field_sim//scripts/gp_reconstructor_node.py
[1.149s] -- Up-to-date: /home/blazar/karin_ws/install/field_sim/share/field_sim//scripts/ground_truth_field_node.py
[1.149s] -- Up-to-date: /home/blazar/karin_ws/install/field_sim/share/ament_index/resource_index/package_run_dependencies/field_sim
[1.149s] -- Up-to-date: /home/blazar/karin_ws/install/field_sim/share/ament_index/resource_index/parent_prefix_path/field_sim
[1.149s] -- Up-to-date: /home/blazar/karin_ws/install/field_sim/share/field_sim/environment/ament_prefix_path.sh
[1.149s] -- Up-to-date: /home/blazar/karin_ws/install/field_sim/share/field_sim/environment/ament_prefix_path.dsv
[1.149s] -- Up-to-date: /home/blazar/karin_ws/install/field_sim/share/field_sim/environment/path.sh
[1.149s] -- Up-to-date: /home/blazar/karin_ws/install/field_sim/share/field_sim/environment/path.dsv
[1.149s] -- Up-to-date: /home/blazar/karin_ws/install/field_sim/share/field_sim/local_setup.bash
[1.149s] -- Up-to-date: /home/blazar/karin_ws/install/field_sim/share/field_sim/local_setup.sh
[1.149s] -- Up-to-date: /home/blazar/karin_ws/install/field_sim/share/field_sim/local_setup.zsh
[1.149s] -- Up-to-date: /home/blazar/karin_ws/install/field_sim/share/field_sim/local_setup.dsv
[1.150s] -- Installing: /home/blazar/karin_ws/install/field_sim/share/field_sim/package.dsv
[1.150s] -- Up-to-date: /home/blazar/karin_ws/install/field_sim/share/ament_index/resource_index/packages/field_sim
[1.150s] -- Up-to-date: /home/blazar/karin_ws/install/field_sim/share/field_sim/cmake/export_field_sim__rosidl_generator_cExport.cmake
[1.150s] -- Up-to-date: /home/blazar/karin_ws/install/field_sim/share/field_sim/cmake/export_field_sim__rosidl_generator_cExport-noconfig.cmake
[1.150s] -- Up-to-date: /home/blazar/karin_ws/install/field_sim/share/field_sim/cmake/export_field_sim__rosidl_typesupport_fastrtps_cExport.cmake
[1.150s] -- Up-to-date: /home/blazar/karin_ws/install/field_sim/share/field_sim/cmake/export_field_sim__rosidl_typesupport_fastrtps_cExport-noconfig.cmake
[1.150s] -- Up-to-date: /home/blazar/karin_ws/install/field_sim/share/field_sim/cmake/export_field_sim__rosidl_generator_cppExport.cmake
[1.150s] -- Up-to-date: /home/blazar/karin_ws/install/field_sim/share/field_sim/cmake/export_field_sim__rosidl_typesupport_fastrtps_cppExport.cmake
[1.150s] -- Up-to-date: /home/blazar/karin_ws/install/field_sim/share/field_sim/cmake/export_field_sim__rosidl_typesupport_fastrtps_cppExport-noconfig.cmake
[1.150s] -- Up-to-date: /home/blazar/karin_ws/install/field_sim/share/field_sim/cmake/field_sim__rosidl_typesupport_introspection_cExport.cmake
[1.150s] -- Up-to-date: /home/blazar/karin_ws/install/field_sim/share/field_sim/cmake/field_sim__rosidl_typesupport_introspection_cExport-noconfig.cmake
[1.150s] -- Up-to-date: /home/blazar/karin_ws/install/field_sim/share/field_sim/cmake/field_sim__rosidl_typesupport_cExport.cmake
[1.150s] -- Up-to-date: /home/blazar/karin_ws/install/field_sim/share/field_sim/cmake/field_sim__rosidl_typesupport_cExport-noconfig.cmake
[1.150s] -- Up-to-date: /home/blazar/karin_ws/install/field_sim/share/field_sim/cmake/field_sim__rosidl_typesupport_introspection_cppExport.cmake
[1.150s] -- Up-to-date: /home/blazar/karin_ws/install/field_sim/share/field_sim/cmake/field_sim__rosidl_typesupport_introspection_cppExport-noconfig.cmake
[1.150s] -- Up-to-date: /home/blazar/karin_ws/install/field_sim/share/field_sim/cmake/field_sim__rosidl_typesupport_cppExport.cmake
[1.150s] -- Up-to-date: /home/blazar/karin_ws/install/field_sim/share/field_sim/cmake/field_sim__rosidl_typesupport_cppExport-noconfig.cmake
[1.150s] -- Up-to-date: /home/blazar/karin_ws/install/field_sim/share/field_sim/cmake/export_field_sim__rosidl_generator_pyExport.cmake
[1.150s] -- Up-to-date: /home/blazar/karin_ws/install/field_sim/share/field_sim/cmake/export_field_sim__rosidl_generator_pyExport-noconfig.cmake
[1.150s] -- Up-to-date: /home/blazar/karin_ws/install/field_sim/share/field_sim/cmake/rosidl_cmake-extras.cmake
[1.150s] -- Up-to-date: /home/blazar/karin_ws/install/field_sim/share/field_sim/cmake/ament_cmake_export_dependencies-extras.cmake
[1.150s] -- Up-to-date: /home/blazar/karin_ws/install/field_sim/share/field_sim/cmake/ament_cmake_export_include_directories-extras.cmake
[1.150s] -- Up-to-date: /home/blazar/karin_ws/install/field_sim/share/field_sim/cmake/ament_cmake_export_libraries-extras.cmake
[1.150s] -- Up-to-date: /home/blazar/karin_ws/install/field_sim/share/field_sim/cmake/ament_cmake_export_targets-extras.cmake
[1.150s] -- Up-to-date: /home/blazar/karin_ws/install/field_sim/share/field_sim/cmake/rosidl_cmake_export_typesupport_targets-extras.cmake
[1.150s] -- Up-to-date: /home/blazar/karin_ws/install/field_sim/share/field_sim/cmake/rosidl_cmake_export_typesupport_libraries-extras.cmake
[1.150s] -- Up-to-date: /home/blazar/karin_ws/install/field_sim/share/field_sim/cmake/field_simConfig.cmake
[1.151s] -- Up-to-date: /home/blazar/karin_ws/install/field_sim/share/field_sim/cmake/field_simConfig-version.cmake
[1.151s] -- Up-to-date: /home/blazar/karin_ws/install/field_sim/share/field_sim/package.xml
[1.152s] Invoked command in '/home/blazar/karin_ws/build/field_sim' returned '0': CMAKE_PREFIX_PATH=/home/blazar/karin_ws/install/wamv_description:/home/blazar/karin_ws/install/simsetup:/home/blazar/karin_ws/install/field_sim:/home/blazar/vrx_ws/install/vrx_gz:/home/blazar/vrx_ws/install/wamv_gazebo:/home/blazar/vrx_ws/install/vrx_wamv_description:/home/blazar/vrx_ws/install/vrx_ros:/home/blazar/workspace/rockytimes_ws/install/localisation:/opt/ros/jazzy:/home/blazar/vrx_ws/install/vrx_px4_bridge:/home/blazar/vrx_ws/install/vrx_gazebo:/home/blazar/workspace/rockytimes_ws/install/mission:/home/blazar/workspace/rockytimes_ws/install/px4_ros_com:/home/blazar/workspace/rockytimes_ws/install/px4_msgs:/opt/ros/jazzy/opt/gz_sim_vendor:/opt/ros/jazzy/opt/gz_sensors_vendor:/opt/ros/jazzy/opt/gz_physics_vendor:/opt/ros/jazzy/opt/sdformat_vendor:/opt/ros/jazzy/opt/gz_gui_vendor:/opt/ros/jazzy/opt/gz_transport_vendor:/opt/ros/jazzy/opt/gz_rendering_vendor:/opt/ros/jazzy/opt/gz_plugin_vendor:/opt/ros/jazzy/opt/gz_fuel_tools_vendor:/opt/ros/jazzy/opt/gz_msgs_vendor:/opt/ros/jazzy/opt/gz_common_vendor:/opt/ros/jazzy/opt/gz_math_vendor:/opt/ros/jazzy/opt/gz_utils_vendor:/opt/ros/jazzy/opt/gz_tools_vendor:/opt/ros/jazzy/opt/gz_ogre_next_vendor:/opt/ros/jazzy/opt/gz_dartsim_vendor:/opt/ros/jazzy/opt/gz_cmake_vendor DEBUGINFOD_URLS=https://debuginfod.ubuntu.com PS1=(karin_ws) \[\e]0;\u@\h: \w\a\]${debian_chroot:+($debian_chroot)}\[\033[01;32m\]\u@\h\[\033[00m\]:\[\033[01;34m\]\w\[\033[00m\]\$ VIRTUAL_ENV_PROMPT=(karin_ws) /usr/bin/cmake --install /home/blazar/karin_ws/build/field_sim
