[0.008s] Invoking command in '/home/blazar/karin_ws/build/simsetup': CMAKE_PREFIX_PATH=/home/blazar/workspace/rockytimes_ws/install/localisation:/opt/ros/jazzy:${CMAKE_PREFIX_PATH} DEBUGINFOD_URLS=https://debuginfod.ubuntu.com PS1=(karin_ws) \[\e]0;\u@\h: \w\a\]${debian_chroot:+($debian_chroot)}\[\033[01;32m\]\u@\h\[\033[00m\]:\[\033[01;34m\]\w\[\033[00m\]\$ VIRTUAL_ENV_PROMPT=(karin_ws) /usr/bin/cmake --build /home/blazar/karin_ws/build/simsetup -- -j16 -l16
[0.023s] -- Found ament_cmake: 2.5.4 (/opt/ros/jazzy/share/ament_cmake/cmake)
[0.148s] -- Override CMake install command with custom implementation using symlinks instead of copying resources
[0.153s] -- Found ament_lint_auto: 0.17.2 (/opt/ros/jazzy/share/ament_lint_auto/cmake)
[0.205s] -- Added test 'flake8' to check Python code syntax and style conventions
[0.205s] -- Configured 'flake8' exclude dirs and/or files: 
[0.206s] -- Added test 'lint_cmake' to check CMake code style
[0.206s] -- Added test 'pep257' to check Python code against some of the docstring style conventions in PEP 257
[0.207s] -- Added test 'xmllint' to check XML markup files
[0.207s] -- Configuring done (0.2s)
[0.209s] -- Generating done (0.0s)
[0.210s] -- Build files have been written to: /home/blazar/karin_ws/build/simsetup
[0.225s] Invoked command in '/home/blazar/karin_ws/build/simsetup' returned '0': CMAKE_PREFIX_PATH=/home/blazar/workspace/rockytimes_ws/install/localisation:/opt/ros/jazzy:${CMAKE_PREFIX_PATH} DEBUGINFOD_URLS=https://debuginfod.ubuntu.com PS1=(karin_ws) \[\e]0;\u@\h: \w\a\]${debian_chroot:+($debian_chroot)}\[\033[01;32m\]\u@\h\[\033[00m\]:\[\033[01;34m\]\w\[\033[00m\]\$ VIRTUAL_ENV_PROMPT=(karin_ws) /usr/bin/cmake --build /home/blazar/karin_ws/build/simsetup -- -j16 -l16
[0.231s] Invoking command in '/home/blazar/karin_ws/build/simsetup': CMAKE_PREFIX_PATH=/home/blazar/workspace/rockytimes_ws/install/localisation:/opt/ros/jazzy:${CMAKE_PREFIX_PATH} DEBUGINFOD_URLS=https://debuginfod.ubuntu.com PS1=(karin_ws) \[\e]0;\u@\h: \w\a\]${debian_chroot:+($debian_chroot)}\[\033[01;32m\]\u@\h\[\033[00m\]:\[\033[01;34m\]\w\[\033[00m\]\$ VIRTUAL_ENV_PROMPT=(karin_ws) /usr/bin/cmake --install /home/blazar/karin_ws/build/simsetup
[0.234s] -- Install configuration: ""
[0.235s] -- Execute custom install script
[0.235s] -- Symlinking: /home/blazar/karin_ws/install/simsetup/lib/simsetup/run_motor.py
[0.240s] -- Up-to-date symlink: /home/blazar/karin_ws/install/simsetup/share/ament_index/resource_index/package_run_dependencies/simsetup
[0.240s] -- Up-to-date symlink: /home/blazar/karin_ws/install/simsetup/share/ament_index/resource_index/parent_prefix_path/simsetup
[0.240s] -- Up-to-date symlink: /home/blazar/karin_ws/install/simsetup/share/simsetup/environment/ament_prefix_path.sh
[0.240s] -- Up-to-date symlink: /home/blazar/karin_ws/install/simsetup/share/simsetup/environment/ament_prefix_path.dsv
[0.240s] -- Up-to-date symlink: /home/blazar/karin_ws/install/simsetup/share/simsetup/environment/path.sh
[0.240s] -- Up-to-date symlink: /home/blazar/karin_ws/install/simsetup/share/simsetup/environment/path.dsv
[0.240s] -- Up-to-date symlink: /home/blazar/karin_ws/install/simsetup/share/simsetup/local_setup.bash
[0.240s] -- Up-to-date symlink: /home/blazar/karin_ws/install/simsetup/share/simsetup/local_setup.sh
[0.241s] -- Up-to-date symlink: /home/blazar/karin_ws/install/simsetup/share/simsetup/local_setup.zsh
[0.241s] -- Up-to-date symlink: /home/blazar/karin_ws/install/simsetup/share/simsetup/local_setup.dsv
[0.241s] -- Symlinking: /home/blazar/karin_ws/install/simsetup/share/simsetup/package.dsv
[0.246s] -- Up-to-date symlink: /home/blazar/karin_ws/install/simsetup/share/ament_index/resource_index/packages/simsetup
[0.246s] -- Up-to-date symlink: /home/blazar/karin_ws/install/simsetup/share/simsetup/cmake/simsetupConfig.cmake
[0.246s] -- Up-to-date symlink: /home/blazar/karin_ws/install/simsetup/share/simsetup/cmake/simsetupConfig-version.cmake
[0.247s] -- Up-to-date symlink: /home/blazar/karin_ws/install/simsetup/share/simsetup/package.xml
[0.248s] Invoked command in '/home/blazar/karin_ws/build/simsetup' returned '0': CMAKE_PREFIX_PATH=/home/blazar/workspace/rockytimes_ws/install/localisation:/opt/ros/jazzy:${CMAKE_PREFIX_PATH} DEBUGINFOD_URLS=https://debuginfod.ubuntu.com PS1=(karin_ws) \[\e]0;\u@\h: \w\a\]${debian_chroot:+($debian_chroot)}\[\033[01;32m\]\u@\h\[\033[00m\]:\[\033[01;34m\]\w\[\033[00m\]\$ VIRTUAL_ENV_PROMPT=(karin_ws) /usr/bin/cmake --install /home/blazar/karin_ws/build/simsetup
